[Thu Feb  6 21:18:34 EST 2025] Let's find the script directory.
[Thu Feb  6 21:18:34 EST 2025] _SCRIPT_='/root/.acme.sh/acme.sh'
[Thu Feb  6 21:18:34 EST 2025] _script='/root/.acme.sh/acme.sh'
[Thu Feb  6 21:18:34 EST 2025] _script_home='/root/.acme.sh'
[Thu Feb  6 21:18:34 EST 2025] Using config home: /root/.acme.sh
[Thu Feb  6 21:18:34 EST 2025] LE_WORKING_DIR='/root/.acme.sh'
[Thu Feb  6 21:18:34 EST 2025] Running cmd: issue
[Thu Feb  6 21:18:34 EST 2025] _main_domain='go2uk.net'
[Thu Feb  6 21:18:34 EST 2025] _alt_domains='www.go2uk.net'
[Thu Feb  6 21:18:34 EST 2025] Using config home: /root/.acme.sh
[Thu Feb  6 21:18:34 EST 2025] default_acme_server='https://acme-v02.api.letsencrypt.org/directory'
[Thu Feb  6 21:18:34 EST 2025] ACME_DIRECTORY='https://acme-v02.api.letsencrypt.org/directory'
[Thu Feb  6 21:18:34 EST 2025] _ACME_SERVER_HOST='acme-v02.api.letsencrypt.org'
[Thu Feb  6 21:18:34 EST 2025] _ACME_SERVER_PATH='directory'
[Thu Feb  6 21:18:34 EST 2025] DOMAIN_PATH='/root/.acme.sh/go2uk.net'
[Thu Feb  6 21:18:34 EST 2025] '/home/nginx/domains/go2uk.net/public' does not contain 'dns'
[Thu Feb  6 21:18:34 EST 2025] Le_NextRenewTime
[Thu Feb  6 21:18:34 EST 2025] Using ACME_DIRECTORY: https://acme-v02.api.letsencrypt.org/directory
[Thu Feb  6 21:18:34 EST 2025] _init API for server: https://acme-v02.api.letsencrypt.org/directory
[Thu Feb  6 21:18:34 EST 2025] GET
[Thu Feb  6 21:18:34 EST 2025] url='https://acme-v02.api.letsencrypt.org/directory'
[Thu Feb  6 21:18:34 EST 2025] timeout=
[Thu Feb  6 21:18:34 EST 2025] _CURL='curl --silent --dump-header /root/.acme.sh/http.header  -L  -g '
[Thu Feb  6 21:18:34 EST 2025] ret='0'
[Thu Feb  6 21:18:34 EST 2025] response='{
  "7YPwEywUumQ": "https://community.letsencrypt.org/t/adding-random-entries-to-the-directory/33417",
  "keyChange": "https://acme-v02.api.letsencrypt.org/acme/key-change",
  "meta": {
    "caaIdentities": [
      "letsencrypt.org"
    ],
    "profiles": {
      "classic": "The same profile you're accustomed to"
    },
    "termsOfService": "https://letsencrypt.org/documents/LE-SA-v1.4-April-3-2024.pdf",
    "website": "https://letsencrypt.org"
  },
  "newAccount": "https://acme-v02.api.letsencrypt.org/acme/new-acct",
  "newNonce": "https://acme-v02.api.letsencrypt.org/acme/new-nonce",
  "newOrder": "https://acme-v02.api.letsencrypt.org/acme/new-order",
  "renewalInfo": "https://acme-v02.api.letsencrypt.org/draft-ietf-acme-ari-03/renewalInfo",
  "revokeCert": "https://acme-v02.api.letsencrypt.org/acme/revoke-cert"
}'
[Thu Feb  6 21:18:34 EST 2025] ACME_KEY_CHANGE='https://acme-v02.api.letsencrypt.org/acme/key-change'
[Thu Feb  6 21:18:34 EST 2025] ACME_NEW_AUTHZ
[Thu Feb  6 21:18:34 EST 2025] ACME_NEW_ORDER='https://acme-v02.api.letsencrypt.org/acme/new-order'
[Thu Feb  6 21:18:34 EST 2025] ACME_NEW_ACCOUNT='https://acme-v02.api.letsencrypt.org/acme/new-acct'
[Thu Feb  6 21:18:34 EST 2025] ACME_REVOKE_CERT='https://acme-v02.api.letsencrypt.org/acme/revoke-cert'
[Thu Feb  6 21:18:34 EST 2025] ACME_AGREEMENT='https://letsencrypt.org/documents/LE-SA-v1.4-April-3-2024.pdf'
[Thu Feb  6 21:18:34 EST 2025] ACME_NEW_NONCE='https://acme-v02.api.letsencrypt.org/acme/new-nonce'
[Thu Feb  6 21:18:34 EST 2025] Using CA: https://acme-v02.api.letsencrypt.org/directory
[Thu Feb  6 21:18:34 EST 2025] _on_before_issue
[Thu Feb  6 21:18:34 EST 2025] _chk_main_domain='go2uk.net'
[Thu Feb  6 21:18:34 EST 2025] _chk_alt_domains='www.go2uk.net'
[Thu Feb  6 21:18:34 EST 2025] Runing pre hook:'/usr/local/src/centminmod/tools/pre-acme-hooks.sh all-check go2uk.net'
[Thu Feb  6 21:18:34 EST 2025] '/home/nginx/domains/go2uk.net/public' does not contain 'no'
[Thu Feb  6 21:18:34 EST 2025] Le_LocalAddress
[Thu Feb  6 21:18:34 EST 2025] d='go2uk.net'
[Thu Feb  6 21:18:34 EST 2025] Checking for domain='go2uk.net'
[Thu Feb  6 21:18:34 EST 2025] _currentRoot='/home/nginx/domains/go2uk.net/public'
[Thu Feb  6 21:18:34 EST 2025] d='www.go2uk.net'
[Thu Feb  6 21:18:34 EST 2025] Checking for domain='www.go2uk.net'
[Thu Feb  6 21:18:34 EST 2025] _currentRoot='/home/nginx/domains/go2uk.net/public'
[Thu Feb  6 21:18:34 EST 2025] d
[Thu Feb  6 21:18:34 EST 2025] '/home/nginx/domains/go2uk.net/public' does not contain 'apache'
[Thu Feb  6 21:18:34 EST 2025] _saved_account_key_hash='j2GVG3c1aUw8MmCv4tOjDU2A1gz/uK7put3Lkp/b33U='
[Thu Feb  6 21:18:34 EST 2025] _saved_account_key_hash was not changed, skipping account registration.
[Thu Feb  6 21:18:34 EST 2025] Read key length: 2048
[Thu Feb  6 21:18:34 EST 2025] _createcsr
[Thu Feb  6 21:18:34 EST 2025] domain='go2uk.net'
[Thu Feb  6 21:18:34 EST 2025] domainlist='www.go2uk.net'
[Thu Feb  6 21:18:34 EST 2025] csrkey='/root/.acme.sh/go2uk.net/go2uk.net.key'
[Thu Feb  6 21:18:34 EST 2025] csr='/root/.acme.sh/go2uk.net/go2uk.net.csr'
[Thu Feb  6 21:18:34 EST 2025] csrconf='/root/.acme.sh/go2uk.net/go2uk.net.csr.conf'
[Thu Feb  6 21:18:34 EST 2025] _is_idn_d='www.go2uk.net'
[Thu Feb  6 21:18:34 EST 2025] _idn_temp
[Thu Feb  6 21:18:34 EST 2025] domainlist='www.go2uk.net'
[Thu Feb  6 21:18:34 EST 2025] seg='go2uk'
[Thu Feb  6 21:18:34 EST 2025] _is_idn_d='go2uk.net'
[Thu Feb  6 21:18:34 EST 2025] _idn_temp
[Thu Feb  6 21:18:34 EST 2025] seg='www'
[Thu Feb  6 21:18:34 EST 2025] Multi domain='DNS:go2uk.net,DNS:www.go2uk.net'
[Thu Feb  6 21:18:34 EST 2025] _is_idn_d='go2uk.net'
[Thu Feb  6 21:18:34 EST 2025] _idn_temp
[Thu Feb  6 21:18:34 EST 2025] _csr_cn='go2uk.net'
[Thu Feb  6 21:18:34 EST 2025] seg='go2uk'
[Thu Feb  6 21:18:35 EST 2025] Getting domain auth token for each domain
[Thu Feb  6 21:18:35 EST 2025] seg='go2uk'
[Thu Feb  6 21:18:35 EST 2025] _is_idn_d='go2uk.net'
[Thu Feb  6 21:18:35 EST 2025] _idn_temp
[Thu Feb  6 21:18:35 EST 2025] d='www.go2uk.net'
[Thu Feb  6 21:18:35 EST 2025] seg='www'
[Thu Feb  6 21:18:35 EST 2025] _is_idn_d='www.go2uk.net'
[Thu Feb  6 21:18:35 EST 2025] _idn_temp
[Thu Feb  6 21:18:35 EST 2025] d
[Thu Feb  6 21:18:35 EST 2025] _identifiers='{"type":"dns","value":"go2uk.net"},{"type":"dns","value":"www.go2uk.net"}'
[Thu Feb  6 21:18:35 EST 2025] _notBefore
[Thu Feb  6 21:18:35 EST 2025] _notAfter
[Thu Feb  6 21:18:35 EST 2025] STEP 1, Ordering a Certificate
[Thu Feb  6 21:18:35 EST 2025] =======Sending Signed Request=======
[Thu Feb  6 21:18:35 EST 2025] url='https://acme-v02.api.letsencrypt.org/acme/new-order'
[Thu Feb  6 21:18:35 EST 2025] payload='{"identifiers": [{"type":"dns","value":"go2uk.net"},{"type":"dns","value":"www.go2uk.net"}]}'
[Thu Feb  6 21:18:35 EST 2025] EC key
[Thu Feb  6 21:18:35 EST 2025] _URGLY_PRINTF
[Thu Feb  6 21:18:35 EST 2025] xargs
[Thu Feb  6 21:18:35 EST 2025] _URGLY_PRINTF
[Thu Feb  6 21:18:35 EST 2025] xargs
[Thu Feb  6 21:18:35 EST 2025] Get nonce with HEAD. ACME_NEW_NONCE='https://acme-v02.api.letsencrypt.org/acme/new-nonce'
[Thu Feb  6 21:18:35 EST 2025] HEAD
[Thu Feb  6 21:18:35 EST 2025] _post_url='https://acme-v02.api.letsencrypt.org/acme/new-nonce'
[Thu Feb  6 21:18:35 EST 2025] body
[Thu Feb  6 21:18:35 EST 2025] _postContentType='application/jose+json'
[Thu Feb  6 21:18:35 EST 2025] _CURL='curl --silent --dump-header /root/.acme.sh/http.header  -L  -g  -I  '
[Thu Feb  6 21:18:35 EST 2025] _ret='0'
[Thu Feb  6 21:18:35 EST 2025] _headers='HTTP/2 200 
server: nginx
date: Fri, 07 Feb 2025 02:19:34 GMT
cache-control: public, max-age=0, no-cache
link: <https://acme-v02.api.letsencrypt.org/directory>;rel="index"
replay-nonce: 4v_-BYberHL814CNRmsOUKHTWWXFL_7FTCixEiWat-FnrIFUYuQ
x-frame-options: DENY
strict-transport-security: max-age=604800
'
[Thu Feb  6 21:18:35 EST 2025] nonce='4v_-BYberHL814CNRmsOUKHTWWXFL_7FTCixEiWat-FnrIFUYuQ'
[Thu Feb  6 21:18:35 EST 2025] _URGLY_PRINTF
[Thu Feb  6 21:18:35 EST 2025] xargs
[Thu Feb  6 21:18:35 EST 2025] POST
[Thu Feb  6 21:18:35 EST 2025] _post_url='https://acme-v02.api.letsencrypt.org/acme/new-order'
[Thu Feb  6 21:18:35 EST 2025] body='{"protected": "eyJub25jZSI6ICI0dl8tQlliZXJITDgxNENOUm1zT1VLSFRXV1hGTF83RlRDaXhFaVdhdC1GbnJJRlVZdVEiLCAidXJsIjogImh0dHBzOi8vYWNtZS12MDIuYXBpLmxldHNlbmNyeXB0Lm9yZy9hY21lL25ldy1vcmRlciIsICJhbGciOiAiRVMyNTYiLCAia2lkIjogImh0dHBzOi8vYWNtZS12MDIuYXBpLmxldHNlbmNyeXB0Lm9yZy9hY21lL2FjY3QvMjEzMTY3NTQ3NSJ9", "payload": "eyJpZGVudGlmaWVycyI6IFt7InR5cGUiOiJkbnMiLCJ2YWx1ZSI6ImdvMnVrLm5ldCJ9LHsidHlwZSI6ImRucyIsInZhbHVlIjoid3d3LmdvMnVrLm5ldCJ9XX0", "signature": "vcEzh995kiF3U5IGRrkJ_iu0BZmztr9toOE6mYFlbCaUOkeWbes8AVpYHqFBiuwzpoY-KATFMyhil0xj89R1fg"}'
[Thu Feb  6 21:18:35 EST 2025] _postContentType='application/jose+json'
[Thu Feb  6 21:18:35 EST 2025] Http already initialized.
[Thu Feb  6 21:18:35 EST 2025] _CURL='curl --silent --dump-header /root/.acme.sh/http.header  -L  -g '
[Thu Feb  6 21:18:36 EST 2025] _ret='0'
[Thu Feb  6 21:18:36 EST 2025] responseHeaders='HTTP/2 201 
server: nginx
date: Fri, 07 Feb 2025 02:19:34 GMT
content-type: application/json
content-length: 487
boulder-requester: 2131675475
cache-control: public, max-age=0, no-cache
link: <https://acme-v02.api.letsencrypt.org/directory>;rel="index"
location: https://acme-v02.api.letsencrypt.org/acme/order/2131675475/351931004975
replay-nonce: VsUfN5awNKSw2BkpUNeFLIN2qJ2qeGSzdhpyiYFqg5qyFjxB1_0
x-frame-options: DENY
strict-transport-security: max-age=604800
'
[Thu Feb  6 21:18:36 EST 2025] code='201'
[Thu Feb  6 21:18:36 EST 2025] original='{
  "status": "pending",
  "expires": "2025-02-14T02:19:34Z",
  "identifiers": [
    {
      "type": "dns",
      "value": "go2uk.net"
    },
    {
      "type": "dns",
      "value": "www.go2uk.net"
    }
  ],
  "authorizations": [
    "https://acme-v02.api.letsencrypt.org/acme/authz/2131675475/472176270915",
    "https://acme-v02.api.letsencrypt.org/acme/authz/2131675475/472176270925"
  ],
  "finalize": "https://acme-v02.api.letsencrypt.org/acme/finalize/2131675475/351931004975"
}'
[Thu Feb  6 21:18:36 EST 2025] response='{"status":"pending","expires":"2025-02-14T02:19:34Z","identifiers":[{"type":"dns","value":"go2uk.net"},{"type":"dns","value":"www.go2uk.net"}],"authorizations":["https://acme-v02.api.letsencrypt.org/acme/authz/2131675475/472176270915","https://acme-v02.api.letsencrypt.org/acme/authz/2131675475/472176270925"],"finalize":"https://acme-v02.api.letsencrypt.org/acme/finalize/2131675475/351931004975"}'
[Thu Feb  6 21:18:36 EST 2025] Le_LinkOrder='https://acme-v02.api.letsencrypt.org/acme/order/2131675475/351931004975'
[Thu Feb  6 21:18:36 EST 2025] Le_OrderFinalize='https://acme-v02.api.letsencrypt.org/acme/finalize/2131675475/351931004975'
[Thu Feb  6 21:18:36 EST 2025] _authorizations_seg='https://acme-v02.api.letsencrypt.org/acme/authz/2131675475/472176270915,https://acme-v02.api.letsencrypt.org/acme/authz/2131675475/472176270925'
[Thu Feb  6 21:18:36 EST 2025] STEP 2, Get the authorizations of each domain
[Thu Feb  6 21:18:36 EST 2025] _authz_url='https://acme-v02.api.letsencrypt.org/acme/authz/2131675475/472176270915'
[Thu Feb  6 21:18:36 EST 2025] =======Sending Signed Request=======
[Thu Feb  6 21:18:36 EST 2025] url='https://acme-v02.api.letsencrypt.org/acme/authz/2131675475/472176270915'
[Thu Feb  6 21:18:36 EST 2025] payload
[Thu Feb  6 21:18:36 EST 2025] Use cached jwk for file: /root/.acme.sh/ca/acme-v02.api.letsencrypt.org/directory/account.key
[Thu Feb  6 21:18:36 EST 2025] Use _CACHED_NONCE='VsUfN5awNKSw2BkpUNeFLIN2qJ2qeGSzdhpyiYFqg5qyFjxB1_0'
[Thu Feb  6 21:18:36 EST 2025] nonce='VsUfN5awNKSw2BkpUNeFLIN2qJ2qeGSzdhpyiYFqg5qyFjxB1_0'
[Thu Feb  6 21:18:36 EST 2025] _URGLY_PRINTF
[Thu Feb  6 21:18:36 EST 2025] xargs
[Thu Feb  6 21:18:36 EST 2025] POST
[Thu Feb  6 21:18:36 EST 2025] _post_url='https://acme-v02.api.letsencrypt.org/acme/authz/2131675475/472176270915'
[Thu Feb  6 21:18:36 EST 2025] body='{"protected": "eyJub25jZSI6ICJWc1VmTjVhd05LU3cyQmtwVU5lRkxJTjJxSjJxZUdTemRocHlpWUZxZzVxeUZqeEIxXzAiLCAidXJsIjogImh0dHBzOi8vYWNtZS12MDIuYXBpLmxldHNlbmNyeXB0Lm9yZy9hY21lL2F1dGh6LzIxMzE2NzU0NzUvNDcyMTc2MjcwOTE1IiwgImFsZyI6ICJFUzI1NiIsICJraWQiOiAiaHR0cHM6Ly9hY21lLXYwMi5hcGkubGV0c2VuY3J5cHQub3JnL2FjbWUvYWNjdC8yMTMxNjc1NDc1In0", "payload": "", "signature": "PvufXq0grZIxOAXtCuNd5n_wvydiHo7T-ZDOv2YNqf5aWjrZ83GwRZ0lNIoWCAlPc2YzVBzVyulOo0QC3hj1Gw"}'
[Thu Feb  6 21:18:36 EST 2025] _postContentType='application/jose+json'
[Thu Feb  6 21:18:36 EST 2025] Http already initialized.
[Thu Feb  6 21:18:36 EST 2025] _CURL='curl --silent --dump-header /root/.acme.sh/http.header  -L  -g '
[Thu Feb  6 21:18:36 EST 2025] _ret='0'
[Thu Feb  6 21:18:36 EST 2025] responseHeaders='HTTP/2 200 
server: nginx
date: Fri, 07 Feb 2025 02:19:35 GMT
content-type: application/json
content-length: 817
boulder-requester: 2131675475
cache-control: public, max-age=0, no-cache
link: <https://acme-v02.api.letsencrypt.org/directory>;rel="index"
replay-nonce: ES_SC8yE0IWLHJybn9XteJqkPgGwjkgtfCjJg6QDNpvDu6sQiDs
x-frame-options: DENY
strict-transport-security: max-age=604800
'
[Thu Feb  6 21:18:36 EST 2025] code='200'
[Thu Feb  6 21:18:36 EST 2025] original='{
  "identifier": {
    "type": "dns",
    "value": "go2uk.net"
  },
  "status": "pending",
  "expires": "2025-02-14T02:19:34Z",
  "challenges": [
    {
      "type": "http-01",
      "url": "https://acme-v02.api.letsencrypt.org/acme/chall/2131675475/472176270915/abAj8g",
      "status": "pending",
      "token": "SCC_cjG0OwbRO9jbyUmQ2jtrs9chX1tIFM6xow9r7ZI"
    },
    {
      "type": "tls-alpn-01",
      "url": "https://acme-v02.api.letsencrypt.org/acme/chall/2131675475/472176270915/ytq9_g",
      "status": "pending",
      "token": "SCC_cjG0OwbRO9jbyUmQ2jtrs9chX1tIFM6xow9r7ZI"
    },
    {
      "type": "dns-01",
      "url": "https://acme-v02.api.letsencrypt.org/acme/chall/2131675475/472176270915/URrtHQ",
      "status": "pending",
      "token": "SCC_cjG0OwbRO9jbyUmQ2jtrs9chX1tIFM6xow9r7ZI"
    }
  ]
}'
[Thu Feb  6 21:18:36 EST 2025] response='{"identifier":{"type":"dns","value":"go2uk.net"},"status":"pending","expires":"2025-02-14T02:19:34Z","challenges":[{"type":"http-01","url":"https://acme-v02.api.letsencrypt.org/acme/chall/2131675475/472176270915/abAj8g","status":"pending","token":"SCC_cjG0OwbRO9jbyUmQ2jtrs9chX1tIFM6xow9r7ZI"},{"type":"tls-alpn-01","url":"https://acme-v02.api.letsencrypt.org/acme/chall/2131675475/472176270915/ytq9_g","status":"pending","token":"SCC_cjG0OwbRO9jbyUmQ2jtrs9chX1tIFM6xow9r7ZI"},{"type":"dns-01","url":"https://acme-v02.api.letsencrypt.org/acme/chall/2131675475/472176270915/URrtHQ","status":"pending","token":"SCC_cjG0OwbRO9jbyUmQ2jtrs9chX1tIFM6xow9r7ZI"}]}'
[Thu Feb  6 21:18:36 EST 2025] response='{"identifier":{"type":"dns","value":"go2uk.net"},"status":"pending","expires":"2025-02-14T02:19:34Z","challenges":[{"type":"http-01","url":"https://acme-v02.api.letsencrypt.org/acme/chall/2131675475/472176270915/abAj8g","status":"pending","token":"SCC_cjG0OwbRO9jbyUmQ2jtrs9chX1tIFM6xow9r7ZI"},{"type":"tls-alpn-01","url":"https://acme-v02.api.letsencrypt.org/acme/chall/2131675475/472176270915/ytq9_g","status":"pending","token":"SCC_cjG0OwbRO9jbyUmQ2jtrs9chX1tIFM6xow9r7ZI"},{"type":"dns-01","url":"https://acme-v02.api.letsencrypt.org/acme/chall/2131675475/472176270915/URrtHQ","status":"pending","token":"SCC_cjG0OwbRO9jbyUmQ2jtrs9chX1tIFM6xow9r7ZI"}]}'
[Thu Feb  6 21:18:36 EST 2025] _d='go2uk.net'
[Thu Feb  6 21:18:36 EST 2025] _authz_url='https://acme-v02.api.letsencrypt.org/acme/authz/2131675475/472176270925'
[Thu Feb  6 21:18:36 EST 2025] =======Sending Signed Request=======
[Thu Feb  6 21:18:36 EST 2025] url='https://acme-v02.api.letsencrypt.org/acme/authz/2131675475/472176270925'
[Thu Feb  6 21:18:36 EST 2025] payload
[Thu Feb  6 21:18:36 EST 2025] Use cached jwk for file: /root/.acme.sh/ca/acme-v02.api.letsencrypt.org/directory/account.key
[Thu Feb  6 21:18:36 EST 2025] Use _CACHED_NONCE='ES_SC8yE0IWLHJybn9XteJqkPgGwjkgtfCjJg6QDNpvDu6sQiDs'
[Thu Feb  6 21:18:36 EST 2025] nonce='ES_SC8yE0IWLHJybn9XteJqkPgGwjkgtfCjJg6QDNpvDu6sQiDs'
[Thu Feb  6 21:18:36 EST 2025] _URGLY_PRINTF
[Thu Feb  6 21:18:36 EST 2025] xargs
[Thu Feb  6 21:18:36 EST 2025] POST
[Thu Feb  6 21:18:36 EST 2025] _post_url='https://acme-v02.api.letsencrypt.org/acme/authz/2131675475/472176270925'
[Thu Feb  6 21:18:36 EST 2025] body='{"protected": "eyJub25jZSI6ICJFU19TQzh5RTBJV0xISnlibjlYdGVKcWtQZ0d3amtndGZDakpnNlFETnB2RHU2c1FpRHMiLCAidXJsIjogImh0dHBzOi8vYWNtZS12MDIuYXBpLmxldHNlbmNyeXB0Lm9yZy9hY21lL2F1dGh6LzIxMzE2NzU0NzUvNDcyMTc2MjcwOTI1IiwgImFsZyI6ICJFUzI1NiIsICJraWQiOiAiaHR0cHM6Ly9hY21lLXYwMi5hcGkubGV0c2VuY3J5cHQub3JnL2FjbWUvYWNjdC8yMTMxNjc1NDc1In0", "payload": "", "signature": "HHDOefYbKxgSDCjauLUvA1PjDMMvD-2Hb8hZzYcEMCO8b4ARr6zyBX5cSxTbGBVsiBO-c7KOdU4t8swJNtH5RQ"}'
[Thu Feb  6 21:18:36 EST 2025] _postContentType='application/jose+json'
[Thu Feb  6 21:18:36 EST 2025] Http already initialized.
[Thu Feb  6 21:18:36 EST 2025] _CURL='curl --silent --dump-header /root/.acme.sh/http.header  -L  -g '
[Thu Feb  6 21:18:37 EST 2025] _ret='0'
[Thu Feb  6 21:18:37 EST 2025] responseHeaders='HTTP/2 200 
server: nginx
date: Fri, 07 Feb 2025 02:19:35 GMT
content-type: application/json
content-length: 821
boulder-requester: 2131675475
cache-control: public, max-age=0, no-cache
link: <https://acme-v02.api.letsencrypt.org/directory>;rel="index"
replay-nonce: 4v_-BYbe6blZrRcyUFn9QF7-kpvCrMr3-J-goevK8YjJ10T4KgY
x-frame-options: DENY
strict-transport-security: max-age=604800
'
[Thu Feb  6 21:18:37 EST 2025] code='200'
[Thu Feb  6 21:18:37 EST 2025] original='{
  "identifier": {
    "type": "dns",
    "value": "www.go2uk.net"
  },
  "status": "pending",
  "expires": "2025-02-14T02:19:34Z",
  "challenges": [
    {
      "type": "tls-alpn-01",
      "url": "https://acme-v02.api.letsencrypt.org/acme/chall/2131675475/472176270925/_bXC4g",
      "status": "pending",
      "token": "f-YiZokRijRw9fNDjKTeZZIRkYpg8luA_YMmaQOcpEs"
    },
    {
      "type": "http-01",
      "url": "https://acme-v02.api.letsencrypt.org/acme/chall/2131675475/472176270925/QTcTYg",
      "status": "pending",
      "token": "f-YiZokRijRw9fNDjKTeZZIRkYpg8luA_YMmaQOcpEs"
    },
    {
      "type": "dns-01",
      "url": "https://acme-v02.api.letsencrypt.org/acme/chall/2131675475/472176270925/IRe-lQ",
      "status": "pending",
      "token": "f-YiZokRijRw9fNDjKTeZZIRkYpg8luA_YMmaQOcpEs"
    }
  ]
}'
[Thu Feb  6 21:18:37 EST 2025] response='{"identifier":{"type":"dns","value":"www.go2uk.net"},"status":"pending","expires":"2025-02-14T02:19:34Z","challenges":[{"type":"tls-alpn-01","url":"https://acme-v02.api.letsencrypt.org/acme/chall/2131675475/472176270925/_bXC4g","status":"pending","token":"f-YiZokRijRw9fNDjKTeZZIRkYpg8luA_YMmaQOcpEs"},{"type":"http-01","url":"https://acme-v02.api.letsencrypt.org/acme/chall/2131675475/472176270925/QTcTYg","status":"pending","token":"f-YiZokRijRw9fNDjKTeZZIRkYpg8luA_YMmaQOcpEs"},{"type":"dns-01","url":"https://acme-v02.api.letsencrypt.org/acme/chall/2131675475/472176270925/IRe-lQ","status":"pending","token":"f-YiZokRijRw9fNDjKTeZZIRkYpg8luA_YMmaQOcpEs"}]}'
[Thu Feb  6 21:18:37 EST 2025] response='{"identifier":{"type":"dns","value":"www.go2uk.net"},"status":"pending","expires":"2025-02-14T02:19:34Z","challenges":[{"type":"tls-alpn-01","url":"https://acme-v02.api.letsencrypt.org/acme/chall/2131675475/472176270925/_bXC4g","status":"pending","token":"f-YiZokRijRw9fNDjKTeZZIRkYpg8luA_YMmaQOcpEs"},{"type":"http-01","url":"https://acme-v02.api.letsencrypt.org/acme/chall/2131675475/472176270925/QTcTYg","status":"pending","token":"f-YiZokRijRw9fNDjKTeZZIRkYpg8luA_YMmaQOcpEs"},{"type":"dns-01","url":"https://acme-v02.api.letsencrypt.org/acme/chall/2131675475/472176270925/IRe-lQ","status":"pending","token":"f-YiZokRijRw9fNDjKTeZZIRkYpg8luA_YMmaQOcpEs"}]}'
[Thu Feb  6 21:18:37 EST 2025] _d='www.go2uk.net'
[Thu Feb  6 21:18:37 EST 2025] _authorizations_map='www.go2uk.net,{"identifier":{"type":"dns","value":"www.go2uk.net"},"status":"pending","expires":"2025-02-14T02:19:34Z","challenges":[{"type":"tls-alpn-01","url":"https://acme-v02.api.letsencrypt.org/acme/chall/2131675475/472176270925/_bXC4g","status":"pending","token":"f-YiZokRijRw9fNDjKTeZZIRkYpg8luA_YMmaQOcpEs"},{"type":"http-01","url":"https://acme-v02.api.letsencrypt.org/acme/chall/2131675475/472176270925/QTcTYg","status":"pending","token":"f-YiZokRijRw9fNDjKTeZZIRkYpg8luA_YMmaQOcpEs"},{"type":"dns-01","url":"https://acme-v02.api.letsencrypt.org/acme/chall/2131675475/472176270925/IRe-lQ","status":"pending","token":"f-YiZokRijRw9fNDjKTeZZIRkYpg8luA_YMmaQOcpEs"}]}#https://acme-v02.api.letsencrypt.org/acme/authz/2131675475/472176270925
go2uk.net,{"identifier":{"type":"dns","value":"go2uk.net"},"status":"pending","expires":"2025-02-14T02:19:34Z","challenges":[{"type":"http-01","url":"https://acme-v02.api.letsencrypt.org/acme/chall/2131675475/472176270915/abAj8g","status":"pending","token":"SCC_cjG0OwbRO9jbyUmQ2jtrs9chX1tIFM6xow9r7ZI"},{"type":"tls-alpn-01","url":"https://acme-v02.api.letsencrypt.org/acme/chall/2131675475/472176270915/ytq9_g","status":"pending","token":"SCC_cjG0OwbRO9jbyUmQ2jtrs9chX1tIFM6xow9r7ZI"},{"type":"dns-01","url":"https://acme-v02.api.letsencrypt.org/acme/chall/2131675475/472176270915/URrtHQ","status":"pending","token":"SCC_cjG0OwbRO9jbyUmQ2jtrs9chX1tIFM6xow9r7ZI"}]}#https://acme-v02.api.letsencrypt.org/acme/authz/2131675475/472176270915
'
[Thu Feb  6 21:18:37 EST 2025] d='go2uk.net'
[Thu Feb  6 21:18:37 EST 2025] Getting webroot for domain='go2uk.net'
[Thu Feb  6 21:18:37 EST 2025] _w='/home/nginx/domains/go2uk.net/public'
[Thu Feb  6 21:18:37 EST 2025] _currentRoot='/home/nginx/domains/go2uk.net/public'
[Thu Feb  6 21:18:37 EST 2025] _is_idn_d='go2uk.net'
[Thu Feb  6 21:18:37 EST 2025] _idn_temp
[Thu Feb  6 21:18:37 EST 2025] _candidates='go2uk.net,{"identifier":{"type":"dns","value":"go2uk.net"},"status":"pending","expires":"2025-02-14T02:19:34Z","challenges":[{"type":"http-01","url":"https://acme-v02.api.letsencrypt.org/acme/chall/2131675475/472176270915/abAj8g","status":"pending","token":"SCC_cjG0OwbRO9jbyUmQ2jtrs9chX1tIFM6xow9r7ZI"},{"type":"tls-alpn-01","url":"https://acme-v02.api.letsencrypt.org/acme/chall/2131675475/472176270915/ytq9_g","status":"pending","token":"SCC_cjG0OwbRO9jbyUmQ2jtrs9chX1tIFM6xow9r7ZI"},{"type":"dns-01","url":"https://acme-v02.api.letsencrypt.org/acme/chall/2131675475/472176270915/URrtHQ","status":"pending","token":"SCC_cjG0OwbRO9jbyUmQ2jtrs9chX1tIFM6xow9r7ZI"}]}#https://acme-v02.api.letsencrypt.org/acme/authz/2131675475/472176270915'
[Thu Feb  6 21:18:37 EST 2025] response='{"identifier":{"type":"dns","value":"go2uk.net"},"status":"pending","expires":"2025-02-14T02:19:34Z","challenges":[{"type":"http-01","url":"https://acme-v02.api.letsencrypt.org/acme/chall/2131675475/472176270915/abAj8g","status":"pending","token":"SCC_cjG0OwbRO9jbyUmQ2jtrs9chX1tIFM6xow9r7ZI"},{"type":"tls-alpn-01","url":"https://acme-v02.api.letsencrypt.org/acme/chall/2131675475/472176270915/ytq9_g","status":"pending","token":"SCC_cjG0OwbRO9jbyUmQ2jtrs9chX1tIFM6xow9r7ZI"},{"type":"dns-01","url":"https://acme-v02.api.letsencrypt.org/acme/chall/2131675475/472176270915/URrtHQ","status":"pending","token":"SCC_cjG0OwbRO9jbyUmQ2jtrs9chX1tIFM6xow9r7ZI"}]}#https://acme-v02.api.letsencrypt.org/acme/authz/2131675475/472176270915'
[Thu Feb  6 21:18:37 EST 2025] _authz_url='https://acme-v02.api.letsencrypt.org/acme/authz/2131675475/472176270915'
[Thu Feb  6 21:18:37 EST 2025] entry='"type":"http-01","url":"https://acme-v02.api.letsencrypt.org/acme/chall/2131675475/472176270915/abAj8g","status":"pending","token":"SCC_cjG0OwbRO9jbyUmQ2jtrs9chX1tIFM6xow9r7ZI"'
[Thu Feb  6 21:18:37 EST 2025] token='SCC_cjG0OwbRO9jbyUmQ2jtrs9chX1tIFM6xow9r7ZI'
[Thu Feb  6 21:18:37 EST 2025] uri='https://acme-v02.api.letsencrypt.org/acme/chall/2131675475/472176270915/abAj8g'
[Thu Feb  6 21:18:37 EST 2025] keyauthorization='SCC_cjG0OwbRO9jbyUmQ2jtrs9chX1tIFM6xow9r7ZI.FQKA3D4I-bkis0mONPApGAQuW-dswTlHpijAmtXu6z0'
[Thu Feb  6 21:18:37 EST 2025] dvlist='go2uk.net#SCC_cjG0OwbRO9jbyUmQ2jtrs9chX1tIFM6xow9r7ZI.FQKA3D4I-bkis0mONPApGAQuW-dswTlHpijAmtXu6z0#https://acme-v02.api.letsencrypt.org/acme/chall/2131675475/472176270915/abAj8g#http-01#/home/nginx/domains/go2uk.net/public#https://acme-v02.api.letsencrypt.org/acme/authz/2131675475/472176270915'
[Thu Feb  6 21:18:37 EST 2025] d='www.go2uk.net'
[Thu Feb  6 21:18:37 EST 2025] Getting webroot for domain='www.go2uk.net'
[Thu Feb  6 21:18:37 EST 2025] _w='/home/nginx/domains/go2uk.net/public'
[Thu Feb  6 21:18:37 EST 2025] _currentRoot='/home/nginx/domains/go2uk.net/public'
[Thu Feb  6 21:18:37 EST 2025] _is_idn_d='www.go2uk.net'
[Thu Feb  6 21:18:37 EST 2025] _idn_temp
[Thu Feb  6 21:18:37 EST 2025] _candidates='www.go2uk.net,{"identifier":{"type":"dns","value":"www.go2uk.net"},"status":"pending","expires":"2025-02-14T02:19:34Z","challenges":[{"type":"tls-alpn-01","url":"https://acme-v02.api.letsencrypt.org/acme/chall/2131675475/472176270925/_bXC4g","status":"pending","token":"f-YiZokRijRw9fNDjKTeZZIRkYpg8luA_YMmaQOcpEs"},{"type":"http-01","url":"https://acme-v02.api.letsencrypt.org/acme/chall/2131675475/472176270925/QTcTYg","status":"pending","token":"f-YiZokRijRw9fNDjKTeZZIRkYpg8luA_YMmaQOcpEs"},{"type":"dns-01","url":"https://acme-v02.api.letsencrypt.org/acme/chall/2131675475/472176270925/IRe-lQ","status":"pending","token":"f-YiZokRijRw9fNDjKTeZZIRkYpg8luA_YMmaQOcpEs"}]}#https://acme-v02.api.letsencrypt.org/acme/authz/2131675475/472176270925'
[Thu Feb  6 21:18:37 EST 2025] response='{"identifier":{"type":"dns","value":"www.go2uk.net"},"status":"pending","expires":"2025-02-14T02:19:34Z","challenges":[{"type":"tls-alpn-01","url":"https://acme-v02.api.letsencrypt.org/acme/chall/2131675475/472176270925/_bXC4g","status":"pending","token":"f-YiZokRijRw9fNDjKTeZZIRkYpg8luA_YMmaQOcpEs"},{"type":"http-01","url":"https://acme-v02.api.letsencrypt.org/acme/chall/2131675475/472176270925/QTcTYg","status":"pending","token":"f-YiZokRijRw9fNDjKTeZZIRkYpg8luA_YMmaQOcpEs"},{"type":"dns-01","url":"https://acme-v02.api.letsencrypt.org/acme/chall/2131675475/472176270925/IRe-lQ","status":"pending","token":"f-YiZokRijRw9fNDjKTeZZIRkYpg8luA_YMmaQOcpEs"}]}#https://acme-v02.api.letsencrypt.org/acme/authz/2131675475/472176270925'
[Thu Feb  6 21:18:37 EST 2025] _authz_url='https://acme-v02.api.letsencrypt.org/acme/authz/2131675475/472176270925'
[Thu Feb  6 21:18:37 EST 2025] entry='"type":"http-01","url":"https://acme-v02.api.letsencrypt.org/acme/chall/2131675475/472176270925/QTcTYg","status":"pending","token":"f-YiZokRijRw9fNDjKTeZZIRkYpg8luA_YMmaQOcpEs"'
[Thu Feb  6 21:18:37 EST 2025] token='f-YiZokRijRw9fNDjKTeZZIRkYpg8luA_YMmaQOcpEs'
[Thu Feb  6 21:18:37 EST 2025] uri='https://acme-v02.api.letsencrypt.org/acme/chall/2131675475/472176270925/QTcTYg'
[Thu Feb  6 21:18:37 EST 2025] keyauthorization='f-YiZokRijRw9fNDjKTeZZIRkYpg8luA_YMmaQOcpEs.FQKA3D4I-bkis0mONPApGAQuW-dswTlHpijAmtXu6z0'
[Thu Feb  6 21:18:37 EST 2025] dvlist='www.go2uk.net#f-YiZokRijRw9fNDjKTeZZIRkYpg8luA_YMmaQOcpEs.FQKA3D4I-bkis0mONPApGAQuW-dswTlHpijAmtXu6z0#https://acme-v02.api.letsencrypt.org/acme/chall/2131675475/472176270925/QTcTYg#http-01#/home/nginx/domains/go2uk.net/public#https://acme-v02.api.letsencrypt.org/acme/authz/2131675475/472176270925'
[Thu Feb  6 21:18:37 EST 2025] d
[Thu Feb  6 21:18:37 EST 2025] vlist='go2uk.net#SCC_cjG0OwbRO9jbyUmQ2jtrs9chX1tIFM6xow9r7ZI.FQKA3D4I-bkis0mONPApGAQuW-dswTlHpijAmtXu6z0#https://acme-v02.api.letsencrypt.org/acme/chall/2131675475/472176270915/abAj8g#http-01#/home/nginx/domains/go2uk.net/public#https://acme-v02.api.letsencrypt.org/acme/authz/2131675475/472176270915,www.go2uk.net#f-YiZokRijRw9fNDjKTeZZIRkYpg8luA_YMmaQOcpEs.FQKA3D4I-bkis0mONPApGAQuW-dswTlHpijAmtXu6z0#https://acme-v02.api.letsencrypt.org/acme/chall/2131675475/472176270925/QTcTYg#http-01#/home/nginx/domains/go2uk.net/public#https://acme-v02.api.letsencrypt.org/acme/authz/2131675475/472176270925,'
[Thu Feb  6 21:18:37 EST 2025] d='go2uk.net'
[Thu Feb  6 21:18:37 EST 2025] d='www.go2uk.net'
[Thu Feb  6 21:18:37 EST 2025] OK, let's start verification
[Thu Feb  6 21:18:37 EST 2025] Verifying: go2uk.net
[Thu Feb  6 21:18:37 EST 2025] d='go2uk.net'
[Thu Feb  6 21:18:37 EST 2025] keyauthorization='SCC_cjG0OwbRO9jbyUmQ2jtrs9chX1tIFM6xow9r7ZI.FQKA3D4I-bkis0mONPApGAQuW-dswTlHpijAmtXu6z0'
[Thu Feb  6 21:18:37 EST 2025] uri='https://acme-v02.api.letsencrypt.org/acme/chall/2131675475/472176270915/abAj8g'
[Thu Feb  6 21:18:37 EST 2025] _authz_url='https://acme-v02.api.letsencrypt.org/acme/authz/2131675475/472176270915'
[Thu Feb  6 21:18:37 EST 2025] _currentRoot='/home/nginx/domains/go2uk.net/public'
[Thu Feb  6 21:18:37 EST 2025] wellknown_path='/home/nginx/domains/go2uk.net/public/.well-known/acme-challenge'
[Thu Feb  6 21:18:37 EST 2025] Writing token: SCC_cjG0OwbRO9jbyUmQ2jtrs9chX1tIFM6xow9r7ZI to /home/nginx/domains/go2uk.net/public/.well-known/acme-challenge/SCC_cjG0OwbRO9jbyUmQ2jtrs9chX1tIFM6xow9r7ZI
[Thu Feb  6 21:18:37 EST 2025] Trigger domain validation.
[Thu Feb  6 21:18:37 EST 2025] _t_url='https://acme-v02.api.letsencrypt.org/acme/chall/2131675475/472176270915/abAj8g'
[Thu Feb  6 21:18:37 EST 2025] _t_key_authz='SCC_cjG0OwbRO9jbyUmQ2jtrs9chX1tIFM6xow9r7ZI.FQKA3D4I-bkis0mONPApGAQuW-dswTlHpijAmtXu6z0'
[Thu Feb  6 21:18:37 EST 2025] _t_vtype='http-01'
[Thu Feb  6 21:18:37 EST 2025] =======Sending Signed Request=======
[Thu Feb  6 21:18:37 EST 2025] url='https://acme-v02.api.letsencrypt.org/acme/chall/2131675475/472176270915/abAj8g'
[Thu Feb  6 21:18:37 EST 2025] payload='{}'
[Thu Feb  6 21:18:37 EST 2025] Use cached jwk for file: /root/.acme.sh/ca/acme-v02.api.letsencrypt.org/directory/account.key
[Thu Feb  6 21:18:37 EST 2025] Use _CACHED_NONCE='4v_-BYbe6blZrRcyUFn9QF7-kpvCrMr3-J-goevK8YjJ10T4KgY'
[Thu Feb  6 21:18:37 EST 2025] nonce='4v_-BYbe6blZrRcyUFn9QF7-kpvCrMr3-J-goevK8YjJ10T4KgY'
[Thu Feb  6 21:18:37 EST 2025] _URGLY_PRINTF
[Thu Feb  6 21:18:37 EST 2025] xargs
[Thu Feb  6 21:18:37 EST 2025] POST
[Thu Feb  6 21:18:37 EST 2025] _post_url='https://acme-v02.api.letsencrypt.org/acme/chall/2131675475/472176270915/abAj8g'
[Thu Feb  6 21:18:37 EST 2025] body='{"protected": "eyJub25jZSI6ICI0dl8tQlliZTZibFpyUmN5VUZuOVFGNy1rcHZDck1yMy1KLWdvZXZLOFlqSjEwVDRLZ1kiLCAidXJsIjogImh0dHBzOi8vYWNtZS12MDIuYXBpLmxldHNlbmNyeXB0Lm9yZy9hY21lL2NoYWxsLzIxMzE2NzU0NzUvNDcyMTc2MjcwOTE1L2FiQWo4ZyIsICJhbGciOiAiRVMyNTYiLCAia2lkIjogImh0dHBzOi8vYWNtZS12MDIuYXBpLmxldHNlbmNyeXB0Lm9yZy9hY21lL2FjY3QvMjEzMTY3NTQ3NSJ9", "payload": "e30", "signature": "8SjAo0pGYElzz9-u2iT1nZdFGd9_KwzMbpXr3uJaKlsUQA_X5kDuHLu6iGxHqBgkesHKyE4bAyBoP0jnu20dXg"}'
[Thu Feb  6 21:18:37 EST 2025] _postContentType='application/jose+json'
[Thu Feb  6 21:18:37 EST 2025] Http already initialized.
[Thu Feb  6 21:18:37 EST 2025] _CURL='curl --silent --dump-header /root/.acme.sh/http.header  -L  -g '
[Thu Feb  6 21:18:37 EST 2025] _ret='0'
[Thu Feb  6 21:18:37 EST 2025] responseHeaders='HTTP/2 200 
server: nginx
date: Fri, 07 Feb 2025 02:19:36 GMT
content-type: application/json
content-length: 195
boulder-requester: 2131675475
cache-control: public, max-age=0, no-cache
link: <https://acme-v02.api.letsencrypt.org/directory>;rel="index"
link: <https://acme-v02.api.letsencrypt.org/acme/authz/2131675475/472176270915>;rel="up"
location: https://acme-v02.api.letsencrypt.org/acme/chall/2131675475/472176270915/abAj8g
replay-nonce: 4v_-BYbec4RZQDWL0QzsWs4Hs6e3USU8ij9zxSf7iapjAXEWP58
x-frame-options: DENY
strict-transport-security: max-age=604800
'
[Thu Feb  6 21:18:37 EST 2025] code='200'
[Thu Feb  6 21:18:37 EST 2025] original='{
  "type": "http-01",
  "url": "https://acme-v02.api.letsencrypt.org/acme/chall/2131675475/472176270915/abAj8g",
  "status": "pending",
  "token": "SCC_cjG0OwbRO9jbyUmQ2jtrs9chX1tIFM6xow9r7ZI"
}'
[Thu Feb  6 21:18:37 EST 2025] response='{"type":"http-01","url":"https://acme-v02.api.letsencrypt.org/acme/chall/2131675475/472176270915/abAj8g","status":"pending","token":"SCC_cjG0OwbRO9jbyUmQ2jtrs9chX1tIFM6xow9r7ZI"}'
[Thu Feb  6 21:18:38 EST 2025] Trigger validation code: 200
[Thu Feb  6 21:18:38 EST 2025] Let's check the authz status
[Thu Feb  6 21:18:38 EST 2025] original='{"type":"http-01","url":"https://acme-v02.api.letsencrypt.org/acme/chall/2131675475/472176270915/abAj8g","status":"pending","token":"SCC_cjG0OwbRO9jbyUmQ2jtrs9chX1tIFM6xow9r7ZI"}'
[Thu Feb  6 21:18:38 EST 2025] response='{"type":"http-01","url":"https://acme-v02.api.letsencrypt.org/acme/chall/2131675475/472176270915/abAj8g","status":"pending","token":"SCC_cjG0OwbRO9jbyUmQ2jtrs9chX1tIFM6xow9r7ZI"}'
[Thu Feb  6 21:18:38 EST 2025] status='pending'
[Thu Feb  6 21:18:38 EST 2025] Pending. The CA is processing your order, please wait. (1/30)
[Thu Feb  6 21:18:38 EST 2025] Sleep 2 seconds before verifying again
[Thu Feb  6 21:18:40 EST 2025] Checking
[Thu Feb  6 21:18:40 EST 2025] =======Sending Signed Request=======
[Thu Feb  6 21:18:40 EST 2025] url='https://acme-v02.api.letsencrypt.org/acme/authz/2131675475/472176270915'
[Thu Feb  6 21:18:40 EST 2025] payload
[Thu Feb  6 21:18:40 EST 2025] Use cached jwk for file: /root/.acme.sh/ca/acme-v02.api.letsencrypt.org/directory/account.key
[Thu Feb  6 21:18:40 EST 2025] Use _CACHED_NONCE='4v_-BYbec4RZQDWL0QzsWs4Hs6e3USU8ij9zxSf7iapjAXEWP58'
[Thu Feb  6 21:18:40 EST 2025] nonce='4v_-BYbec4RZQDWL0QzsWs4Hs6e3USU8ij9zxSf7iapjAXEWP58'
[Thu Feb  6 21:18:40 EST 2025] _URGLY_PRINTF
[Thu Feb  6 21:18:40 EST 2025] xargs
[Thu Feb  6 21:18:40 EST 2025] POST
[Thu Feb  6 21:18:40 EST 2025] _post_url='https://acme-v02.api.letsencrypt.org/acme/authz/2131675475/472176270915'
[Thu Feb  6 21:18:40 EST 2025] body='{"protected": "eyJub25jZSI6ICI0dl8tQlliZWM0UlpRRFdMMFF6c1dzNEhzNmUzVVNVOGlqOXp4U2Y3aWFwakFYRVdQNTgiLCAidXJsIjogImh0dHBzOi8vYWNtZS12MDIuYXBpLmxldHNlbmNyeXB0Lm9yZy9hY21lL2F1dGh6LzIxMzE2NzU0NzUvNDcyMTc2MjcwOTE1IiwgImFsZyI6ICJFUzI1NiIsICJraWQiOiAiaHR0cHM6Ly9hY21lLXYwMi5hcGkubGV0c2VuY3J5cHQub3JnL2FjbWUvYWNjdC8yMTMxNjc1NDc1In0", "payload": "", "signature": "hDg5f7ZPbW5vaZH3Ff1Y0Ga0RW_5xkArmvgCVCd7sCNv5FPNfx6PMJjhTUG6XRSCvZxXRgVcXwEWkkFJxwiYEQ"}'
[Thu Feb  6 21:18:40 EST 2025] _postContentType='application/jose+json'
[Thu Feb  6 21:18:40 EST 2025] Http already initialized.
[Thu Feb  6 21:18:40 EST 2025] _CURL='curl --silent --dump-header /root/.acme.sh/http.header  -L  -g '
[Thu Feb  6 21:18:40 EST 2025] _ret='0'
[Thu Feb  6 21:18:40 EST 2025] responseHeaders='HTTP/2 200 
server: nginx
date: Fri, 07 Feb 2025 02:19:39 GMT
content-type: application/json
content-length: 1012
boulder-requester: 2131675475
cache-control: public, max-age=0, no-cache
link: <https://acme-v02.api.letsencrypt.org/directory>;rel="index"
replay-nonce: 4v_-BYbeUO02FMx0C-DtL3E7HzpJ2YmpzrT0eTgoY7gZO42zTAY
x-frame-options: DENY
strict-transport-security: max-age=604800
'
[Thu Feb  6 21:18:40 EST 2025] code='200'
[Thu Feb  6 21:18:40 EST 2025] original='{
  "identifier": {
    "type": "dns",
    "value": "go2uk.net"
  },
  "status": "invalid",
  "expires": "2025-02-14T02:19:34Z",
  "challenges": [
    {
      "type": "http-01",
      "url": "https://acme-v02.api.letsencrypt.org/acme/chall/2131675475/472176270915/abAj8g",
      "status": "invalid",
      "validated": "2025-02-07T02:19:36Z",
      "error": {
        "type": "urn:ietf:params:acme:error:unauthorized",
        "detail": "204.13.154.36: Invalid response from http://go2uk.net/.well-known/acme-challenge/SCC_cjG0OwbRO9jbyUmQ2jtrs9chX1tIFM6xow9r7ZI: 404",
        "status": 403
      },
      "token": "SCC_cjG0OwbRO9jbyUmQ2jtrs9chX1tIFM6xow9r7ZI",
      "validationRecord": [
        {
          "url": "http://go2uk.net/.well-known/acme-challenge/SCC_cjG0OwbRO9jbyUmQ2jtrs9chX1tIFM6xow9r7ZI",
          "hostname": "go2uk.net",
          "port": "80",
          "addressesResolved": [
            "204.13.154.36"
          ],
          "addressUsed": "204.13.154.36"
        }
      ]
    }
  ]
}'
[Thu Feb  6 21:18:40 EST 2025] response='{"identifier":{"type":"dns","value":"go2uk.net"},"status":"invalid","expires":"2025-02-14T02:19:34Z","challenges":[{"type":"http-01","url":"https://acme-v02.api.letsencrypt.org/acme/chall/2131675475/472176270915/abAj8g","status":"invalid","validated":"2025-02-07T02:19:36Z","error":{"type":"urn:ietf:params:acme:error:unauthorized","detail":"204.13.154.36: Invalid response from http://go2uk.net/.well-known/acme-challenge/SCC_cjG0OwbRO9jbyUmQ2jtrs9chX1tIFM6xow9r7ZI: 404","status": 403},"token":"SCC_cjG0OwbRO9jbyUmQ2jtrs9chX1tIFM6xow9r7ZI","validationRecord":[{"url":"http://go2uk.net/.well-known/acme-challenge/SCC_cjG0OwbRO9jbyUmQ2jtrs9chX1tIFM6xow9r7ZI","hostname":"go2uk.net","port":"80","addressesResolved":["204.13.154.36"],"addressUsed":"204.13.154.36"}]}]}'
[Thu Feb  6 21:18:40 EST 2025] original='{"identifier":{"type":"dns","value":"go2uk.net"},"status":"invalid","expires":"2025-02-14T02:19:34Z","challenges":[{"type":"http-01","url":"https://acme-v02.api.letsencrypt.org/acme/chall/2131675475/472176270915/abAj8g","status":"invalid","validated":"2025-02-07T02:19:36Z","error":{"type":"urn:ietf:params:acme:error:unauthorized","detail":"204.13.154.36: Invalid response from http://go2uk.net/.well-known/acme-challenge/SCC_cjG0OwbRO9jbyUmQ2jtrs9chX1tIFM6xow9r7ZI: 404","status": 403},"token":"SCC_cjG0OwbRO9jbyUmQ2jtrs9chX1tIFM6xow9r7ZI","validationRecord":[{"url":"http://go2uk.net/.well-known/acme-challenge/SCC_cjG0OwbRO9jbyUmQ2jtrs9chX1tIFM6xow9r7ZI","hostname":"go2uk.net","port":"80","addressesResolved":["204.13.154.36"],"addressUsed":"204.13.154.36"}]}]}'
[Thu Feb  6 21:18:40 EST 2025] response='{"identifier":{"type":"dns","value":"go2uk.net"},"status":"invalid","expires":"2025-02-14T02:19:34Z","challenges":[{"type":"http-01","url":"https://acme-v02.api.letsencrypt.org/acme/chall/2131675475/472176270915/abAj8g","status":"invalid","validated":"2025-02-07T02:19:36Z","error":{"type":"urn:ietf:params:acme:error:unauthorized","detail":"204.13.154.36: Invalid response from http://go2uk.net/.well-known/acme-challenge/SCC_cjG0OwbRO9jbyUmQ2jtrs9chX1tIFM6xow9r7ZI: 404","status": 403},"token":"SCC_cjG0OwbRO9jbyUmQ2jtrs9chX1tIFM6xow9r7ZI","validationRecord":[{"url":"http://go2uk.net/.well-known/acme-challenge/SCC_cjG0OwbRO9jbyUmQ2jtrs9chX1tIFM6xow9r7ZI","hostname":"go2uk.net","port":"80","addressesResolved":["204.13.154.36"],"addressUsed":"204.13.154.36"}]}]}'
[Thu Feb  6 21:18:40 EST 2025] status='invalid
invalid'
[Thu Feb  6 21:18:40 EST 2025] error='"error":{"type":"urn:ietf:params:acme:error:unauthorized","detail":"204.13.154.36: Invalid response from http://go2uk.net/.well-known/acme-challenge/SCC_cjG0OwbRO9jbyUmQ2jtrs9chX1tIFM6xow9r7ZI: 404","status": 403'
[Thu Feb  6 21:18:40 EST 2025] errordetail='204.13.154.36: Invalid response from http://go2uk.net/.well-known/acme-challenge/SCC_cjG0OwbRO9jbyUmQ2jtrs9chX1tIFM6xow9r7ZI: 404'
[Thu Feb  6 21:18:40 EST 2025] go2uk.net: Invalid status. Verification error details: 204.13.154.36: Invalid response from http://go2uk.net/.well-known/acme-challenge/SCC_cjG0OwbRO9jbyUmQ2jtrs9chX1tIFM6xow9r7ZI: 404
[Thu Feb  6 21:18:40 EST 2025] pid
[Thu Feb  6 21:18:40 EST 2025] No need to restore nginx config, skipping.
[Thu Feb  6 21:18:40 EST 2025] _clearupdns
[Thu Feb  6 21:18:40 EST 2025] dns_entries
[Thu Feb  6 21:18:40 EST 2025] Skipping dns.
[Thu Feb  6 21:18:40 EST 2025] _on_issue_err
[Thu Feb  6 21:18:40 EST 2025] Please check log file for more details: /root/centminlogs/acmetool.sh-debug-log-060225-211826.log
[Thu Feb  6 21:18:40 EST 2025] _chk_vlist='go2uk.net#SCC_cjG0OwbRO9jbyUmQ2jtrs9chX1tIFM6xow9r7ZI.FQKA3D4I-bkis0mONPApGAQuW-dswTlHpijAmtXu6z0#https://acme-v02.api.letsencrypt.org/acme/chall/2131675475/472176270915/abAj8g#http-01#/home/nginx/domains/go2uk.net/public#https://acme-v02.api.letsencrypt.org/acme/authz/2131675475/472176270915,www.go2uk.net#f-YiZokRijRw9fNDjKTeZZIRkYpg8luA_YMmaQOcpEs.FQKA3D4I-bkis0mONPApGAQuW-dswTlHpijAmtXu6z0#https://acme-v02.api.letsencrypt.org/acme/chall/2131675475/472176270925/QTcTYg#http-01#/home/nginx/domains/go2uk.net/public#https://acme-v02.api.letsencrypt.org/acme/authz/2131675475/472176270925,'
[Thu Feb  6 21:18:40 EST 2025] start to deactivate authz
[Thu Feb  6 21:18:40 EST 2025] Trigger domain validation.
[Thu Feb  6 21:18:40 EST 2025] _t_url='https://acme-v02.api.letsencrypt.org/acme/chall/2131675475/472176270915/abAj8g'
[Thu Feb  6 21:18:40 EST 2025] _t_key_authz='SCC_cjG0OwbRO9jbyUmQ2jtrs9chX1tIFM6xow9r7ZI.FQKA3D4I-bkis0mONPApGAQuW-dswTlHpijAmtXu6z0'
[Thu Feb  6 21:18:40 EST 2025] _t_vtype
[Thu Feb  6 21:18:40 EST 2025] =======Sending Signed Request=======
[Thu Feb  6 21:18:40 EST 2025] url='https://acme-v02.api.letsencrypt.org/acme/chall/2131675475/472176270915/abAj8g'
[Thu Feb  6 21:18:40 EST 2025] payload='{}'
[Thu Feb  6 21:18:40 EST 2025] Use cached jwk for file: /root/.acme.sh/ca/acme-v02.api.letsencrypt.org/directory/account.key
[Thu Feb  6 21:18:40 EST 2025] Use _CACHED_NONCE='4v_-BYbeUO02FMx0C-DtL3E7HzpJ2YmpzrT0eTgoY7gZO42zTAY'
[Thu Feb  6 21:18:40 EST 2025] nonce='4v_-BYbeUO02FMx0C-DtL3E7HzpJ2YmpzrT0eTgoY7gZO42zTAY'
[Thu Feb  6 21:18:40 EST 2025] _URGLY_PRINTF
[Thu Feb  6 21:18:40 EST 2025] xargs
[Thu Feb  6 21:18:40 EST 2025] POST
[Thu Feb  6 21:18:40 EST 2025] _post_url='https://acme-v02.api.letsencrypt.org/acme/chall/2131675475/472176270915/abAj8g'
[Thu Feb  6 21:18:40 EST 2025] body='{"protected": "eyJub25jZSI6ICI0dl8tQlliZVVPMDJGTXgwQy1EdEwzRTdIenBKMlltcHpyVDBlVGdvWTdnWk80MnpUQVkiLCAidXJsIjogImh0dHBzOi8vYWNtZS12MDIuYXBpLmxldHNlbmNyeXB0Lm9yZy9hY21lL2NoYWxsLzIxMzE2NzU0NzUvNDcyMTc2MjcwOTE1L2FiQWo4ZyIsICJhbGciOiAiRVMyNTYiLCAia2lkIjogImh0dHBzOi8vYWNtZS12MDIuYXBpLmxldHNlbmNyeXB0Lm9yZy9hY21lL2FjY3QvMjEzMTY3NTQ3NSJ9", "payload": "e30", "signature": "Cx6_NwA2m_UIehbox3NjrpcQhbzKXcB1LriFIQBVy4b4KH7npxi98Sv6zcxb6FoC-ngFTIFTWIgJ-5oPIa1FLw"}'
[Thu Feb  6 21:18:40 EST 2025] _postContentType='application/jose+json'
[Thu Feb  6 21:18:40 EST 2025] Http already initialized.
[Thu Feb  6 21:18:40 EST 2025] _CURL='curl --silent --dump-header /root/.acme.sh/http.header  -L  -g '
[Thu Feb  6 21:18:40 EST 2025] _ret='0'
[Thu Feb  6 21:18:40 EST 2025] responseHeaders='HTTP/2 400 
server: nginx
date: Fri, 07 Feb 2025 02:19:39 GMT
content-type: application/problem+json
content-length: 144
boulder-requester: 2131675475
cache-control: public, max-age=0, no-cache
link: <https://acme-v02.api.letsencrypt.org/directory>;rel="index"
replay-nonce: 4v_-BYbe8uYYT7JFk4g3l59xE_wRKnn1XkXhTEw5VC7jE-Bh-yQ
'
[Thu Feb  6 21:18:40 EST 2025] code='400'
[Thu Feb  6 21:18:40 EST 2025] original='{
  "type": "urn:ietf:params:acme:error:malformed",
  "detail": "Unable to update challenge :: authorization must be pending",
  "status": 400
}'
[Thu Feb  6 21:18:40 EST 2025] response='{
  "type": "urn:ietf:params:acme:error:malformed",
  "detail": "Unable to update challenge :: authorization must be pending",
  "status": 400
}'
[Thu Feb  6 21:18:41 EST 2025] Trigger domain validation.
[Thu Feb  6 21:18:41 EST 2025] _t_url='https://acme-v02.api.letsencrypt.org/acme/chall/2131675475/472176270925/QTcTYg'
[Thu Feb  6 21:18:41 EST 2025] _t_key_authz='f-YiZokRijRw9fNDjKTeZZIRkYpg8luA_YMmaQOcpEs.FQKA3D4I-bkis0mONPApGAQuW-dswTlHpijAmtXu6z0'
[Thu Feb  6 21:18:41 EST 2025] _t_vtype
[Thu Feb  6 21:18:41 EST 2025] =======Sending Signed Request=======
[Thu Feb  6 21:18:41 EST 2025] url='https://acme-v02.api.letsencrypt.org/acme/chall/2131675475/472176270925/QTcTYg'
[Thu Feb  6 21:18:41 EST 2025] payload='{}'
[Thu Feb  6 21:18:41 EST 2025] Use cached jwk for file: /root/.acme.sh/ca/acme-v02.api.letsencrypt.org/directory/account.key
[Thu Feb  6 21:18:41 EST 2025] Use _CACHED_NONCE='4v_-BYbe8uYYT7JFk4g3l59xE_wRKnn1XkXhTEw5VC7jE-Bh-yQ'
[Thu Feb  6 21:18:41 EST 2025] nonce='4v_-BYbe8uYYT7JFk4g3l59xE_wRKnn1XkXhTEw5VC7jE-Bh-yQ'
[Thu Feb  6 21:18:41 EST 2025] _URGLY_PRINTF
[Thu Feb  6 21:18:41 EST 2025] xargs
[Thu Feb  6 21:18:41 EST 2025] POST
[Thu Feb  6 21:18:41 EST 2025] _post_url='https://acme-v02.api.letsencrypt.org/acme/chall/2131675475/472176270925/QTcTYg'
[Thu Feb  6 21:18:41 EST 2025] body='{"protected": "eyJub25jZSI6ICI0dl8tQlliZTh1WVlUN0pGazRnM2w1OXhFX3dSS25uMVhrWGhURXc1VkM3akUtQmgteVEiLCAidXJsIjogImh0dHBzOi8vYWNtZS12MDIuYXBpLmxldHNlbmNyeXB0Lm9yZy9hY21lL2NoYWxsLzIxMzE2NzU0NzUvNDcyMTc2MjcwOTI1L1FUY1RZZyIsICJhbGciOiAiRVMyNTYiLCAia2lkIjogImh0dHBzOi8vYWNtZS12MDIuYXBpLmxldHNlbmNyeXB0Lm9yZy9hY21lL2FjY3QvMjEzMTY3NTQ3NSJ9", "payload": "e30", "signature": "kAUZG6-ICZTazCZA-6Pmb-dq_RyoQe0fqeVPf320sPYW2v41M1FGDzN7cafTmmXVqIunAnIu2IxjoDLsfICYvg"}'
[Thu Feb  6 21:18:41 EST 2025] _postContentType='application/jose+json'
[Thu Feb  6 21:18:41 EST 2025] Http already initialized.
[Thu Feb  6 21:18:41 EST 2025] _CURL='curl --silent --dump-header /root/.acme.sh/http.header  -L  -g '
[Thu Feb  6 21:18:41 EST 2025] _ret='0'
[Thu Feb  6 21:18:41 EST 2025] responseHeaders='HTTP/2 200 
server: nginx
date: Fri, 07 Feb 2025 02:19:40 GMT
content-type: application/json
content-length: 195
boulder-requester: 2131675475
cache-control: public, max-age=0, no-cache
link: <https://acme-v02.api.letsencrypt.org/directory>;rel="index"
link: <https://acme-v02.api.letsencrypt.org/acme/authz/2131675475/472176270925>;rel="up"
location: https://acme-v02.api.letsencrypt.org/acme/chall/2131675475/472176270925/QTcTYg
replay-nonce: VsUfN5awXkjWv5Gv20E4wzusl1-NugTJUJLIgm6Txm4TrMAvJTE
x-frame-options: DENY
strict-transport-security: max-age=604800
'
[Thu Feb  6 21:18:41 EST 2025] code='200'
[Thu Feb  6 21:18:41 EST 2025] original='{
  "type": "http-01",
  "url": "https://acme-v02.api.letsencrypt.org/acme/chall/2131675475/472176270925/QTcTYg",
  "status": "pending",
  "token": "f-YiZokRijRw9fNDjKTeZZIRkYpg8luA_YMmaQOcpEs"
}'
[Thu Feb  6 21:18:41 EST 2025] response='{"type":"http-01","url":"https://acme-v02.api.letsencrypt.org/acme/chall/2131675475/472176270925/QTcTYg","status":"pending","token":"f-YiZokRijRw9fNDjKTeZZIRkYpg8luA_YMmaQOcpEs"}'
[Thu Feb  6 21:23:00 EST 2025] default_acme_server='https://acme-v02.api.letsencrypt.org/directory'
[Thu Feb  6 21:23:00 EST 2025] ACME_DIRECTORY='https://acme-v02.api.letsencrypt.org/directory'
[Thu Feb  6 21:23:00 EST 2025] _ACME_SERVER_HOST='acme-v02.api.letsencrypt.org'
[Thu Feb  6 21:23:00 EST 2025] _ACME_SERVER_PATH='directory'
[Thu Feb  6 21:23:00 EST 2025] Installing to /root/.acme.sh
[Thu Feb  6 21:23:00 EST 2025] Installed to /root/.acme.sh/acme.sh
[Thu Feb  6 21:23:00 EST 2025] Using config home: /root/.acme.sh
[Thu Feb  6 21:23:00 EST 2025] ACME_DIRECTORY='https://acme-v02.api.letsencrypt.org/directory'
[Thu Feb  6 21:23:00 EST 2025] _ACME_SERVER_HOST='acme-v02.api.letsencrypt.org'
[Thu Feb  6 21:23:00 EST 2025] _ACME_SERVER_PATH='directory'
[Thu Feb  6 21:23:00 EST 2025] options='/^export LE_CONFIG_HOME/d'
[Thu Feb  6 21:23:00 EST 2025] Using sed  -i
[Thu Feb  6 21:23:00 EST 2025] Found profile: /root/.bashrc
[Thu Feb  6 21:23:00 EST 2025] Installing alias to '/root/.bashrc'
[Thu Feb  6 21:23:00 EST 2025] Close and reopen your terminal to start using acme.sh
[Thu Feb  6 21:23:00 EST 2025] Installing alias to '/root/.cshrc'
[Thu Feb  6 21:23:00 EST 2025] options='/^setenv LE_CONFIG_HOME/d'
[Thu Feb  6 21:23:00 EST 2025] Using sed  -i
[Thu Feb  6 21:23:00 EST 2025] Installing alias to '/root/.tcshrc'
[Thu Feb  6 21:23:00 EST 2025] Using config home: /root/.acme.sh
[Thu Feb  6 21:23:00 EST 2025] ACME_DIRECTORY='https://acme-v02.api.letsencrypt.org/directory'
[Thu Feb  6 21:23:00 EST 2025] _ACME_SERVER_HOST='acme-v02.api.letsencrypt.org'
[Thu Feb  6 21:23:00 EST 2025] _ACME_SERVER_PATH='directory'
[Thu Feb  6 21:23:00 EST 2025] Installing cron job
[Thu Feb  6 21:23:00 EST 2025] bash has been found. Changing the shebang to use bash as preferred.
[Thu Feb  6 21:23:02 EST 2025] GET
[Thu Feb  6 21:23:02 EST 2025] url='https://api.github.com/repos/acmesh-official/acme.sh/git/refs/heads/master'
[Thu Feb  6 21:23:02 EST 2025] timeout=30
[Thu Feb  6 21:23:02 EST 2025] _CURL='curl --silent --dump-header /root/.acme.sh/http.header  -L  -g  --connect-timeout 30'
[Thu Feb  6 21:23:02 EST 2025] ret='0'
[Thu Feb  6 21:23:02 EST 2025] OK
[Thu Feb  6 21:23:02 EST 2025] LE_WORKING_DIR='/root/.acme.sh'
[Thu Feb  6 21:23:02 EST 2025] Running cmd: setdefaultca
[Thu Feb  6 21:23:02 EST 2025] Changed default CA to: https://acme-v02.api.letsencrypt.org/directory
