[Thu Feb  6 21:23:03 EST 2025] Let's find the script directory.
[Thu Feb  6 21:23:03 EST 2025] _SCRIPT_='/root/.acme.sh/acme.sh'
[Thu Feb  6 21:23:03 EST 2025] _script='/root/.acme.sh/acme.sh'
[Thu Feb  6 21:23:03 EST 2025] _script_home='/root/.acme.sh'
[Thu Feb  6 21:23:03 EST 2025] Using config home: /root/.acme.sh
[Thu Feb  6 21:23:03 EST 2025] LE_WORKING_DIR='/root/.acme.sh'
[Thu Feb  6 21:23:03 EST 2025] Running cmd: issue
[Thu Feb  6 21:23:03 EST 2025] _main_domain='go2uk.net'
[Thu Feb  6 21:23:03 EST 2025] _alt_domains='www.go2uk.net'
[Thu Feb  6 21:23:03 EST 2025] Using config home: /root/.acme.sh
[Thu Feb  6 21:23:03 EST 2025] default_acme_server='https://acme-v02.api.letsencrypt.org/directory'
[Thu Feb  6 21:23:03 EST 2025] ACME_DIRECTORY='https://acme-v02.api.letsencrypt.org/directory'
[Thu Feb  6 21:23:03 EST 2025] _ACME_SERVER_HOST='acme-v02.api.letsencrypt.org'
[Thu Feb  6 21:23:03 EST 2025] _ACME_SERVER_PATH='directory'
[Thu Feb  6 21:23:03 EST 2025] DOMAIN_PATH='/root/.acme.sh/go2uk.net'
[Thu Feb  6 21:23:03 EST 2025] '/home/nginx/domains/go2uk.net/public' does not contain 'dns'
[Thu Feb  6 21:23:03 EST 2025] Le_NextRenewTime
[Thu Feb  6 21:23:03 EST 2025] Using ACME_DIRECTORY: https://acme-v02.api.letsencrypt.org/directory
[Thu Feb  6 21:23:03 EST 2025] _init API for server: https://acme-v02.api.letsencrypt.org/directory
[Thu Feb  6 21:23:03 EST 2025] GET
[Thu Feb  6 21:23:03 EST 2025] url='https://acme-v02.api.letsencrypt.org/directory'
[Thu Feb  6 21:23:03 EST 2025] timeout=
[Thu Feb  6 21:23:03 EST 2025] _CURL='curl --silent --dump-header /root/.acme.sh/http.header  -L  -g '
[Thu Feb  6 21:23:04 EST 2025] ret='0'
[Thu Feb  6 21:23:04 EST 2025] response='{
  "T2tdxXCzB4Y": "https://community.letsencrypt.org/t/adding-random-entries-to-the-directory/33417",
  "keyChange": "https://acme-v02.api.letsencrypt.org/acme/key-change",
  "meta": {
    "caaIdentities": [
      "letsencrypt.org"
    ],
    "profiles": {
      "classic": "The same profile you're accustomed to"
    },
    "termsOfService": "https://letsencrypt.org/documents/LE-SA-v1.4-April-3-2024.pdf",
    "website": "https://letsencrypt.org"
  },
  "newAccount": "https://acme-v02.api.letsencrypt.org/acme/new-acct",
  "newNonce": "https://acme-v02.api.letsencrypt.org/acme/new-nonce",
  "newOrder": "https://acme-v02.api.letsencrypt.org/acme/new-order",
  "renewalInfo": "https://acme-v02.api.letsencrypt.org/draft-ietf-acme-ari-03/renewalInfo",
  "revokeCert": "https://acme-v02.api.letsencrypt.org/acme/revoke-cert"
}'
[Thu Feb  6 21:23:04 EST 2025] ACME_KEY_CHANGE='https://acme-v02.api.letsencrypt.org/acme/key-change'
[Thu Feb  6 21:23:04 EST 2025] ACME_NEW_AUTHZ
[Thu Feb  6 21:23:04 EST 2025] ACME_NEW_ORDER='https://acme-v02.api.letsencrypt.org/acme/new-order'
[Thu Feb  6 21:23:04 EST 2025] ACME_NEW_ACCOUNT='https://acme-v02.api.letsencrypt.org/acme/new-acct'
[Thu Feb  6 21:23:04 EST 2025] ACME_REVOKE_CERT='https://acme-v02.api.letsencrypt.org/acme/revoke-cert'
[Thu Feb  6 21:23:04 EST 2025] ACME_AGREEMENT='https://letsencrypt.org/documents/LE-SA-v1.4-April-3-2024.pdf'
[Thu Feb  6 21:23:04 EST 2025] ACME_NEW_NONCE='https://acme-v02.api.letsencrypt.org/acme/new-nonce'
[Thu Feb  6 21:23:04 EST 2025] Using CA: https://acme-v02.api.letsencrypt.org/directory
[Thu Feb  6 21:23:04 EST 2025] _on_before_issue
[Thu Feb  6 21:23:04 EST 2025] _chk_main_domain='go2uk.net'
[Thu Feb  6 21:23:04 EST 2025] _chk_alt_domains='www.go2uk.net'
[Thu Feb  6 21:23:04 EST 2025] Runing pre hook:'/usr/local/src/centminmod/tools/pre-acme-hooks.sh all-check go2uk.net'
[Thu Feb  6 21:23:04 EST 2025] '/home/nginx/domains/go2uk.net/public' does not contain 'no'
[Thu Feb  6 21:23:04 EST 2025] Le_LocalAddress
[Thu Feb  6 21:23:04 EST 2025] d='go2uk.net'
[Thu Feb  6 21:23:04 EST 2025] Checking for domain='go2uk.net'
[Thu Feb  6 21:23:04 EST 2025] _currentRoot='/home/nginx/domains/go2uk.net/public'
[Thu Feb  6 21:23:04 EST 2025] d='www.go2uk.net'
[Thu Feb  6 21:23:04 EST 2025] Checking for domain='www.go2uk.net'
[Thu Feb  6 21:23:04 EST 2025] _currentRoot='/home/nginx/domains/go2uk.net/public'
[Thu Feb  6 21:23:04 EST 2025] d
[Thu Feb  6 21:23:04 EST 2025] '/home/nginx/domains/go2uk.net/public' does not contain 'apache'
[Thu Feb  6 21:23:04 EST 2025] _saved_account_key_hash='j2GVG3c1aUw8MmCv4tOjDU2A1gz/uK7put3Lkp/b33U='
[Thu Feb  6 21:23:04 EST 2025] _saved_account_key_hash was not changed, skipping account registration.
[Thu Feb  6 21:23:04 EST 2025] Read key length: 2048
[Thu Feb  6 21:23:04 EST 2025] _createcsr
[Thu Feb  6 21:23:04 EST 2025] domain='go2uk.net'
[Thu Feb  6 21:23:04 EST 2025] domainlist='www.go2uk.net'
[Thu Feb  6 21:23:04 EST 2025] csrkey='/root/.acme.sh/go2uk.net/go2uk.net.key'
[Thu Feb  6 21:23:04 EST 2025] csr='/root/.acme.sh/go2uk.net/go2uk.net.csr'
[Thu Feb  6 21:23:04 EST 2025] csrconf='/root/.acme.sh/go2uk.net/go2uk.net.csr.conf'
[Thu Feb  6 21:23:04 EST 2025] _is_idn_d='www.go2uk.net'
[Thu Feb  6 21:23:04 EST 2025] _idn_temp
[Thu Feb  6 21:23:04 EST 2025] domainlist='www.go2uk.net'
[Thu Feb  6 21:23:04 EST 2025] seg='go2uk'
[Thu Feb  6 21:23:04 EST 2025] _is_idn_d='go2uk.net'
[Thu Feb  6 21:23:04 EST 2025] _idn_temp
[Thu Feb  6 21:23:04 EST 2025] seg='www'
[Thu Feb  6 21:23:04 EST 2025] Multi domain='DNS:go2uk.net,DNS:www.go2uk.net'
[Thu Feb  6 21:23:04 EST 2025] _is_idn_d='go2uk.net'
[Thu Feb  6 21:23:04 EST 2025] _idn_temp
[Thu Feb  6 21:23:04 EST 2025] _csr_cn='go2uk.net'
[Thu Feb  6 21:23:04 EST 2025] seg='go2uk'
[Thu Feb  6 21:23:04 EST 2025] Getting domain auth token for each domain
[Thu Feb  6 21:23:04 EST 2025] seg='go2uk'
[Thu Feb  6 21:23:04 EST 2025] _is_idn_d='go2uk.net'
[Thu Feb  6 21:23:04 EST 2025] _idn_temp
[Thu Feb  6 21:23:04 EST 2025] d='www.go2uk.net'
[Thu Feb  6 21:23:04 EST 2025] seg='www'
[Thu Feb  6 21:23:04 EST 2025] _is_idn_d='www.go2uk.net'
[Thu Feb  6 21:23:04 EST 2025] _idn_temp
[Thu Feb  6 21:23:04 EST 2025] d
[Thu Feb  6 21:23:04 EST 2025] _identifiers='{"type":"dns","value":"go2uk.net"},{"type":"dns","value":"www.go2uk.net"}'
[Thu Feb  6 21:23:04 EST 2025] _notBefore
[Thu Feb  6 21:23:04 EST 2025] _notAfter
[Thu Feb  6 21:23:04 EST 2025] STEP 1, Ordering a Certificate
[Thu Feb  6 21:23:04 EST 2025] =======Sending Signed Request=======
[Thu Feb  6 21:23:04 EST 2025] url='https://acme-v02.api.letsencrypt.org/acme/new-order'
[Thu Feb  6 21:23:04 EST 2025] payload='{"identifiers": [{"type":"dns","value":"go2uk.net"},{"type":"dns","value":"www.go2uk.net"}]}'
[Thu Feb  6 21:23:04 EST 2025] EC key
[Thu Feb  6 21:23:04 EST 2025] _URGLY_PRINTF
[Thu Feb  6 21:23:04 EST 2025] xargs
[Thu Feb  6 21:23:04 EST 2025] _URGLY_PRINTF
[Thu Feb  6 21:23:04 EST 2025] xargs
[Thu Feb  6 21:23:04 EST 2025] Get nonce with HEAD. ACME_NEW_NONCE='https://acme-v02.api.letsencrypt.org/acme/new-nonce'
[Thu Feb  6 21:23:04 EST 2025] HEAD
[Thu Feb  6 21:23:04 EST 2025] _post_url='https://acme-v02.api.letsencrypt.org/acme/new-nonce'
[Thu Feb  6 21:23:04 EST 2025] body
[Thu Feb  6 21:23:04 EST 2025] _postContentType='application/jose+json'
[Thu Feb  6 21:23:04 EST 2025] _CURL='curl --silent --dump-header /root/.acme.sh/http.header  -L  -g  -I  '
[Thu Feb  6 21:23:05 EST 2025] _ret='0'
[Thu Feb  6 21:23:05 EST 2025] _headers='HTTP/2 200 
server: nginx
date: Fri, 07 Feb 2025 02:24:03 GMT
cache-control: public, max-age=0, no-cache
link: <https://acme-v02.api.letsencrypt.org/directory>;rel="index"
replay-nonce: VsUfN5aw2bwOHEyk2ItyC3qnUteIk8GBX_nvF7Cjpqpl4PnEeCE
x-frame-options: DENY
strict-transport-security: max-age=604800
'
[Thu Feb  6 21:23:05 EST 2025] nonce='VsUfN5aw2bwOHEyk2ItyC3qnUteIk8GBX_nvF7Cjpqpl4PnEeCE'
[Thu Feb  6 21:23:05 EST 2025] _URGLY_PRINTF
[Thu Feb  6 21:23:05 EST 2025] xargs
[Thu Feb  6 21:23:05 EST 2025] POST
[Thu Feb  6 21:23:05 EST 2025] _post_url='https://acme-v02.api.letsencrypt.org/acme/new-order'
[Thu Feb  6 21:23:05 EST 2025] body='{"protected": "eyJub25jZSI6ICJWc1VmTjVhdzJid09IRXlrMkl0eUMzcW5VdGVJazhHQlhfbnZGN0NqcHFwbDRQbkVlQ0UiLCAidXJsIjogImh0dHBzOi8vYWNtZS12MDIuYXBpLmxldHNlbmNyeXB0Lm9yZy9hY21lL25ldy1vcmRlciIsICJhbGciOiAiRVMyNTYiLCAia2lkIjogImh0dHBzOi8vYWNtZS12MDIuYXBpLmxldHNlbmNyeXB0Lm9yZy9hY21lL2FjY3QvMjEzMTY3NTQ3NSJ9", "payload": "eyJpZGVudGlmaWVycyI6IFt7InR5cGUiOiJkbnMiLCJ2YWx1ZSI6ImdvMnVrLm5ldCJ9LHsidHlwZSI6ImRucyIsInZhbHVlIjoid3d3LmdvMnVrLm5ldCJ9XX0", "signature": "6-8jDjhIy0A_Z4zKkDlLYHY4uBPS0m4BY16X9c2GWM6UcPNodtRk-q1oaSfYzXuSxSMaoUvGxk-2-OJGuxBrjg"}'
[Thu Feb  6 21:23:05 EST 2025] _postContentType='application/jose+json'
[Thu Feb  6 21:23:05 EST 2025] Http already initialized.
[Thu Feb  6 21:23:05 EST 2025] _CURL='curl --silent --dump-header /root/.acme.sh/http.header  -L  -g '
[Thu Feb  6 21:23:05 EST 2025] _ret='0'
[Thu Feb  6 21:23:05 EST 2025] responseHeaders='HTTP/2 201 
server: nginx
date: Fri, 07 Feb 2025 02:24:04 GMT
content-type: application/json
content-length: 487
boulder-requester: 2131675475
cache-control: public, max-age=0, no-cache
link: <https://acme-v02.api.letsencrypt.org/directory>;rel="index"
location: https://acme-v02.api.letsencrypt.org/acme/order/2131675475/351932043105
replay-nonce: 4v_-BYbeMgZmWwI6S782794TwLswSRnEP_54Upa1uGJJpzH21NI
x-frame-options: DENY
strict-transport-security: max-age=604800
'
[Thu Feb  6 21:23:05 EST 2025] code='201'
[Thu Feb  6 21:23:05 EST 2025] original='{
  "status": "pending",
  "expires": "2025-02-14T02:24:04Z",
  "identifiers": [
    {
      "type": "dns",
      "value": "go2uk.net"
    },
    {
      "type": "dns",
      "value": "www.go2uk.net"
    }
  ],
  "authorizations": [
    "https://acme-v02.api.letsencrypt.org/acme/authz/2131675475/472177881245",
    "https://acme-v02.api.letsencrypt.org/acme/authz/2131675475/472177881255"
  ],
  "finalize": "https://acme-v02.api.letsencrypt.org/acme/finalize/2131675475/351932043105"
}'
[Thu Feb  6 21:23:05 EST 2025] response='{"status":"pending","expires":"2025-02-14T02:24:04Z","identifiers":[{"type":"dns","value":"go2uk.net"},{"type":"dns","value":"www.go2uk.net"}],"authorizations":["https://acme-v02.api.letsencrypt.org/acme/authz/2131675475/472177881245","https://acme-v02.api.letsencrypt.org/acme/authz/2131675475/472177881255"],"finalize":"https://acme-v02.api.letsencrypt.org/acme/finalize/2131675475/351932043105"}'
[Thu Feb  6 21:23:05 EST 2025] Le_LinkOrder='https://acme-v02.api.letsencrypt.org/acme/order/2131675475/351932043105'
[Thu Feb  6 21:23:05 EST 2025] Le_OrderFinalize='https://acme-v02.api.letsencrypt.org/acme/finalize/2131675475/351932043105'
[Thu Feb  6 21:23:05 EST 2025] _authorizations_seg='https://acme-v02.api.letsencrypt.org/acme/authz/2131675475/472177881245,https://acme-v02.api.letsencrypt.org/acme/authz/2131675475/472177881255'
[Thu Feb  6 21:23:05 EST 2025] STEP 2, Get the authorizations of each domain
[Thu Feb  6 21:23:05 EST 2025] _authz_url='https://acme-v02.api.letsencrypt.org/acme/authz/2131675475/472177881245'
[Thu Feb  6 21:23:05 EST 2025] =======Sending Signed Request=======
[Thu Feb  6 21:23:05 EST 2025] url='https://acme-v02.api.letsencrypt.org/acme/authz/2131675475/472177881245'
[Thu Feb  6 21:23:05 EST 2025] payload
[Thu Feb  6 21:23:05 EST 2025] Use cached jwk for file: /root/.acme.sh/ca/acme-v02.api.letsencrypt.org/directory/account.key
[Thu Feb  6 21:23:05 EST 2025] Use _CACHED_NONCE='4v_-BYbeMgZmWwI6S782794TwLswSRnEP_54Upa1uGJJpzH21NI'
[Thu Feb  6 21:23:05 EST 2025] nonce='4v_-BYbeMgZmWwI6S782794TwLswSRnEP_54Upa1uGJJpzH21NI'
[Thu Feb  6 21:23:05 EST 2025] _URGLY_PRINTF
[Thu Feb  6 21:23:05 EST 2025] xargs
[Thu Feb  6 21:23:05 EST 2025] POST
[Thu Feb  6 21:23:05 EST 2025] _post_url='https://acme-v02.api.letsencrypt.org/acme/authz/2131675475/472177881245'
[Thu Feb  6 21:23:05 EST 2025] body='{"protected": "eyJub25jZSI6ICI0dl8tQlliZU1nWm1Xd0k2Uzc4Mjc5NFR3THN3U1JuRVBfNTRVcGExdUdKSnB6SDIxTkkiLCAidXJsIjogImh0dHBzOi8vYWNtZS12MDIuYXBpLmxldHNlbmNyeXB0Lm9yZy9hY21lL2F1dGh6LzIxMzE2NzU0NzUvNDcyMTc3ODgxMjQ1IiwgImFsZyI6ICJFUzI1NiIsICJraWQiOiAiaHR0cHM6Ly9hY21lLXYwMi5hcGkubGV0c2VuY3J5cHQub3JnL2FjbWUvYWNjdC8yMTMxNjc1NDc1In0", "payload": "", "signature": "51GvUVoyFE25PRjKULupqAFUsdh1Ypnl3SZ27bg9wxQ0Yj0ikS_Gm_bW-hwzAamEf9B3d2sD0w5nSOBteHIYfQ"}'
[Thu Feb  6 21:23:05 EST 2025] _postContentType='application/jose+json'
[Thu Feb  6 21:23:05 EST 2025] Http already initialized.
[Thu Feb  6 21:23:05 EST 2025] _CURL='curl --silent --dump-header /root/.acme.sh/http.header  -L  -g '
[Thu Feb  6 21:23:06 EST 2025] _ret='0'
[Thu Feb  6 21:23:06 EST 2025] responseHeaders='HTTP/2 200 
server: nginx
date: Fri, 07 Feb 2025 02:24:04 GMT
content-type: application/json
content-length: 817
boulder-requester: 2131675475
cache-control: public, max-age=0, no-cache
link: <https://acme-v02.api.letsencrypt.org/directory>;rel="index"
replay-nonce: VsUfN5awrXZ9ash0FTVz7IYo4XER1IxLTS9zINDZV8tfh5dK0S4
x-frame-options: DENY
strict-transport-security: max-age=604800
'
[Thu Feb  6 21:23:06 EST 2025] code='200'
[Thu Feb  6 21:23:06 EST 2025] original='{
  "identifier": {
    "type": "dns",
    "value": "go2uk.net"
  },
  "status": "pending",
  "expires": "2025-02-14T02:24:04Z",
  "challenges": [
    {
      "type": "tls-alpn-01",
      "url": "https://acme-v02.api.letsencrypt.org/acme/chall/2131675475/472177881245/uPKjdQ",
      "status": "pending",
      "token": "ngEE9I3catV0RPHLN6nayfLH8GD654Xj5ZOnYQQQbsc"
    },
    {
      "type": "http-01",
      "url": "https://acme-v02.api.letsencrypt.org/acme/chall/2131675475/472177881245/WxBQ3g",
      "status": "pending",
      "token": "ngEE9I3catV0RPHLN6nayfLH8GD654Xj5ZOnYQQQbsc"
    },
    {
      "type": "dns-01",
      "url": "https://acme-v02.api.letsencrypt.org/acme/chall/2131675475/472177881245/mje5tA",
      "status": "pending",
      "token": "ngEE9I3catV0RPHLN6nayfLH8GD654Xj5ZOnYQQQbsc"
    }
  ]
}'
[Thu Feb  6 21:23:06 EST 2025] response='{"identifier":{"type":"dns","value":"go2uk.net"},"status":"pending","expires":"2025-02-14T02:24:04Z","challenges":[{"type":"tls-alpn-01","url":"https://acme-v02.api.letsencrypt.org/acme/chall/2131675475/472177881245/uPKjdQ","status":"pending","token":"ngEE9I3catV0RPHLN6nayfLH8GD654Xj5ZOnYQQQbsc"},{"type":"http-01","url":"https://acme-v02.api.letsencrypt.org/acme/chall/2131675475/472177881245/WxBQ3g","status":"pending","token":"ngEE9I3catV0RPHLN6nayfLH8GD654Xj5ZOnYQQQbsc"},{"type":"dns-01","url":"https://acme-v02.api.letsencrypt.org/acme/chall/2131675475/472177881245/mje5tA","status":"pending","token":"ngEE9I3catV0RPHLN6nayfLH8GD654Xj5ZOnYQQQbsc"}]}'
[Thu Feb  6 21:23:06 EST 2025] response='{"identifier":{"type":"dns","value":"go2uk.net"},"status":"pending","expires":"2025-02-14T02:24:04Z","challenges":[{"type":"tls-alpn-01","url":"https://acme-v02.api.letsencrypt.org/acme/chall/2131675475/472177881245/uPKjdQ","status":"pending","token":"ngEE9I3catV0RPHLN6nayfLH8GD654Xj5ZOnYQQQbsc"},{"type":"http-01","url":"https://acme-v02.api.letsencrypt.org/acme/chall/2131675475/472177881245/WxBQ3g","status":"pending","token":"ngEE9I3catV0RPHLN6nayfLH8GD654Xj5ZOnYQQQbsc"},{"type":"dns-01","url":"https://acme-v02.api.letsencrypt.org/acme/chall/2131675475/472177881245/mje5tA","status":"pending","token":"ngEE9I3catV0RPHLN6nayfLH8GD654Xj5ZOnYQQQbsc"}]}'
[Thu Feb  6 21:23:06 EST 2025] _d='go2uk.net'
[Thu Feb  6 21:23:06 EST 2025] _authz_url='https://acme-v02.api.letsencrypt.org/acme/authz/2131675475/472177881255'
[Thu Feb  6 21:23:06 EST 2025] =======Sending Signed Request=======
[Thu Feb  6 21:23:06 EST 2025] url='https://acme-v02.api.letsencrypt.org/acme/authz/2131675475/472177881255'
[Thu Feb  6 21:23:06 EST 2025] payload
[Thu Feb  6 21:23:06 EST 2025] Use cached jwk for file: /root/.acme.sh/ca/acme-v02.api.letsencrypt.org/directory/account.key
[Thu Feb  6 21:23:06 EST 2025] Use _CACHED_NONCE='VsUfN5awrXZ9ash0FTVz7IYo4XER1IxLTS9zINDZV8tfh5dK0S4'
[Thu Feb  6 21:23:06 EST 2025] nonce='VsUfN5awrXZ9ash0FTVz7IYo4XER1IxLTS9zINDZV8tfh5dK0S4'
[Thu Feb  6 21:23:06 EST 2025] _URGLY_PRINTF
[Thu Feb  6 21:23:06 EST 2025] xargs
[Thu Feb  6 21:23:06 EST 2025] POST
[Thu Feb  6 21:23:06 EST 2025] _post_url='https://acme-v02.api.letsencrypt.org/acme/authz/2131675475/472177881255'
[Thu Feb  6 21:23:06 EST 2025] body='{"protected": "eyJub25jZSI6ICJWc1VmTjVhd3JYWjlhc2gwRlRWejdJWW80WEVSMUl4TFRTOXpJTkRaVjh0Zmg1ZEswUzQiLCAidXJsIjogImh0dHBzOi8vYWNtZS12MDIuYXBpLmxldHNlbmNyeXB0Lm9yZy9hY21lL2F1dGh6LzIxMzE2NzU0NzUvNDcyMTc3ODgxMjU1IiwgImFsZyI6ICJFUzI1NiIsICJraWQiOiAiaHR0cHM6Ly9hY21lLXYwMi5hcGkubGV0c2VuY3J5cHQub3JnL2FjbWUvYWNjdC8yMTMxNjc1NDc1In0", "payload": "", "signature": "fPvOZLguYdrw5MPbuFpMCSK4XDzmor7OUvLSmA5JtT0tPlsRXkLzmNynNfBfvF2QDJSCdIPcoXRCXl9u7hNPJA"}'
[Thu Feb  6 21:23:06 EST 2025] _postContentType='application/jose+json'
[Thu Feb  6 21:23:06 EST 2025] Http already initialized.
[Thu Feb  6 21:23:06 EST 2025] _CURL='curl --silent --dump-header /root/.acme.sh/http.header  -L  -g '
[Thu Feb  6 21:23:06 EST 2025] _ret='0'
[Thu Feb  6 21:23:06 EST 2025] responseHeaders='HTTP/2 200 
server: nginx
date: Fri, 07 Feb 2025 02:24:05 GMT
content-type: application/json
content-length: 821
boulder-requester: 2131675475
cache-control: public, max-age=0, no-cache
link: <https://acme-v02.api.letsencrypt.org/directory>;rel="index"
replay-nonce: ES_SC8yEC5Wl4iWxJuc-lRn2BaUP8HT4EsL8_OtUKIozBbKUEwA
x-frame-options: DENY
strict-transport-security: max-age=604800
'
[Thu Feb  6 21:23:06 EST 2025] code='200'
[Thu Feb  6 21:23:06 EST 2025] original='{
  "identifier": {
    "type": "dns",
    "value": "www.go2uk.net"
  },
  "status": "pending",
  "expires": "2025-02-14T02:24:04Z",
  "challenges": [
    {
      "type": "tls-alpn-01",
      "url": "https://acme-v02.api.letsencrypt.org/acme/chall/2131675475/472177881255/IyRSmA",
      "status": "pending",
      "token": "Dm8E77ThBZZ0kYWWy37DRqfibS7tgSwkdeiRiymdmb8"
    },
    {
      "type": "dns-01",
      "url": "https://acme-v02.api.letsencrypt.org/acme/chall/2131675475/472177881255/E22Olg",
      "status": "pending",
      "token": "Dm8E77ThBZZ0kYWWy37DRqfibS7tgSwkdeiRiymdmb8"
    },
    {
      "type": "http-01",
      "url": "https://acme-v02.api.letsencrypt.org/acme/chall/2131675475/472177881255/D9ScHw",
      "status": "pending",
      "token": "Dm8E77ThBZZ0kYWWy37DRqfibS7tgSwkdeiRiymdmb8"
    }
  ]
}'
[Thu Feb  6 21:23:06 EST 2025] response='{"identifier":{"type":"dns","value":"www.go2uk.net"},"status":"pending","expires":"2025-02-14T02:24:04Z","challenges":[{"type":"tls-alpn-01","url":"https://acme-v02.api.letsencrypt.org/acme/chall/2131675475/472177881255/IyRSmA","status":"pending","token":"Dm8E77ThBZZ0kYWWy37DRqfibS7tgSwkdeiRiymdmb8"},{"type":"dns-01","url":"https://acme-v02.api.letsencrypt.org/acme/chall/2131675475/472177881255/E22Olg","status":"pending","token":"Dm8E77ThBZZ0kYWWy37DRqfibS7tgSwkdeiRiymdmb8"},{"type":"http-01","url":"https://acme-v02.api.letsencrypt.org/acme/chall/2131675475/472177881255/D9ScHw","status":"pending","token":"Dm8E77ThBZZ0kYWWy37DRqfibS7tgSwkdeiRiymdmb8"}]}'
[Thu Feb  6 21:23:06 EST 2025] response='{"identifier":{"type":"dns","value":"www.go2uk.net"},"status":"pending","expires":"2025-02-14T02:24:04Z","challenges":[{"type":"tls-alpn-01","url":"https://acme-v02.api.letsencrypt.org/acme/chall/2131675475/472177881255/IyRSmA","status":"pending","token":"Dm8E77ThBZZ0kYWWy37DRqfibS7tgSwkdeiRiymdmb8"},{"type":"dns-01","url":"https://acme-v02.api.letsencrypt.org/acme/chall/2131675475/472177881255/E22Olg","status":"pending","token":"Dm8E77ThBZZ0kYWWy37DRqfibS7tgSwkdeiRiymdmb8"},{"type":"http-01","url":"https://acme-v02.api.letsencrypt.org/acme/chall/2131675475/472177881255/D9ScHw","status":"pending","token":"Dm8E77ThBZZ0kYWWy37DRqfibS7tgSwkdeiRiymdmb8"}]}'
[Thu Feb  6 21:23:06 EST 2025] _d='www.go2uk.net'
[Thu Feb  6 21:23:06 EST 2025] _authorizations_map='www.go2uk.net,{"identifier":{"type":"dns","value":"www.go2uk.net"},"status":"pending","expires":"2025-02-14T02:24:04Z","challenges":[{"type":"tls-alpn-01","url":"https://acme-v02.api.letsencrypt.org/acme/chall/2131675475/472177881255/IyRSmA","status":"pending","token":"Dm8E77ThBZZ0kYWWy37DRqfibS7tgSwkdeiRiymdmb8"},{"type":"dns-01","url":"https://acme-v02.api.letsencrypt.org/acme/chall/2131675475/472177881255/E22Olg","status":"pending","token":"Dm8E77ThBZZ0kYWWy37DRqfibS7tgSwkdeiRiymdmb8"},{"type":"http-01","url":"https://acme-v02.api.letsencrypt.org/acme/chall/2131675475/472177881255/D9ScHw","status":"pending","token":"Dm8E77ThBZZ0kYWWy37DRqfibS7tgSwkdeiRiymdmb8"}]}#https://acme-v02.api.letsencrypt.org/acme/authz/2131675475/472177881255
go2uk.net,{"identifier":{"type":"dns","value":"go2uk.net"},"status":"pending","expires":"2025-02-14T02:24:04Z","challenges":[{"type":"tls-alpn-01","url":"https://acme-v02.api.letsencrypt.org/acme/chall/2131675475/472177881245/uPKjdQ","status":"pending","token":"ngEE9I3catV0RPHLN6nayfLH8GD654Xj5ZOnYQQQbsc"},{"type":"http-01","url":"https://acme-v02.api.letsencrypt.org/acme/chall/2131675475/472177881245/WxBQ3g","status":"pending","token":"ngEE9I3catV0RPHLN6nayfLH8GD654Xj5ZOnYQQQbsc"},{"type":"dns-01","url":"https://acme-v02.api.letsencrypt.org/acme/chall/2131675475/472177881245/mje5tA","status":"pending","token":"ngEE9I3catV0RPHLN6nayfLH8GD654Xj5ZOnYQQQbsc"}]}#https://acme-v02.api.letsencrypt.org/acme/authz/2131675475/472177881245
'
[Thu Feb  6 21:23:06 EST 2025] d='go2uk.net'
[Thu Feb  6 21:23:06 EST 2025] Getting webroot for domain='go2uk.net'
[Thu Feb  6 21:23:06 EST 2025] _w='/home/nginx/domains/go2uk.net/public'
[Thu Feb  6 21:23:06 EST 2025] _currentRoot='/home/nginx/domains/go2uk.net/public'
[Thu Feb  6 21:23:06 EST 2025] _is_idn_d='go2uk.net'
[Thu Feb  6 21:23:06 EST 2025] _idn_temp
[Thu Feb  6 21:23:06 EST 2025] _candidates='go2uk.net,{"identifier":{"type":"dns","value":"go2uk.net"},"status":"pending","expires":"2025-02-14T02:24:04Z","challenges":[{"type":"tls-alpn-01","url":"https://acme-v02.api.letsencrypt.org/acme/chall/2131675475/472177881245/uPKjdQ","status":"pending","token":"ngEE9I3catV0RPHLN6nayfLH8GD654Xj5ZOnYQQQbsc"},{"type":"http-01","url":"https://acme-v02.api.letsencrypt.org/acme/chall/2131675475/472177881245/WxBQ3g","status":"pending","token":"ngEE9I3catV0RPHLN6nayfLH8GD654Xj5ZOnYQQQbsc"},{"type":"dns-01","url":"https://acme-v02.api.letsencrypt.org/acme/chall/2131675475/472177881245/mje5tA","status":"pending","token":"ngEE9I3catV0RPHLN6nayfLH8GD654Xj5ZOnYQQQbsc"}]}#https://acme-v02.api.letsencrypt.org/acme/authz/2131675475/472177881245'
[Thu Feb  6 21:23:06 EST 2025] response='{"identifier":{"type":"dns","value":"go2uk.net"},"status":"pending","expires":"2025-02-14T02:24:04Z","challenges":[{"type":"tls-alpn-01","url":"https://acme-v02.api.letsencrypt.org/acme/chall/2131675475/472177881245/uPKjdQ","status":"pending","token":"ngEE9I3catV0RPHLN6nayfLH8GD654Xj5ZOnYQQQbsc"},{"type":"http-01","url":"https://acme-v02.api.letsencrypt.org/acme/chall/2131675475/472177881245/WxBQ3g","status":"pending","token":"ngEE9I3catV0RPHLN6nayfLH8GD654Xj5ZOnYQQQbsc"},{"type":"dns-01","url":"https://acme-v02.api.letsencrypt.org/acme/chall/2131675475/472177881245/mje5tA","status":"pending","token":"ngEE9I3catV0RPHLN6nayfLH8GD654Xj5ZOnYQQQbsc"}]}#https://acme-v02.api.letsencrypt.org/acme/authz/2131675475/472177881245'
[Thu Feb  6 21:23:06 EST 2025] _authz_url='https://acme-v02.api.letsencrypt.org/acme/authz/2131675475/472177881245'
[Thu Feb  6 21:23:06 EST 2025] entry='"type":"http-01","url":"https://acme-v02.api.letsencrypt.org/acme/chall/2131675475/472177881245/WxBQ3g","status":"pending","token":"ngEE9I3catV0RPHLN6nayfLH8GD654Xj5ZOnYQQQbsc"'
[Thu Feb  6 21:23:06 EST 2025] token='ngEE9I3catV0RPHLN6nayfLH8GD654Xj5ZOnYQQQbsc'
[Thu Feb  6 21:23:06 EST 2025] uri='https://acme-v02.api.letsencrypt.org/acme/chall/2131675475/472177881245/WxBQ3g'
[Thu Feb  6 21:23:06 EST 2025] keyauthorization='ngEE9I3catV0RPHLN6nayfLH8GD654Xj5ZOnYQQQbsc.FQKA3D4I-bkis0mONPApGAQuW-dswTlHpijAmtXu6z0'
[Thu Feb  6 21:23:06 EST 2025] dvlist='go2uk.net#ngEE9I3catV0RPHLN6nayfLH8GD654Xj5ZOnYQQQbsc.FQKA3D4I-bkis0mONPApGAQuW-dswTlHpijAmtXu6z0#https://acme-v02.api.letsencrypt.org/acme/chall/2131675475/472177881245/WxBQ3g#http-01#/home/nginx/domains/go2uk.net/public#https://acme-v02.api.letsencrypt.org/acme/authz/2131675475/472177881245'
[Thu Feb  6 21:23:06 EST 2025] d='www.go2uk.net'
[Thu Feb  6 21:23:06 EST 2025] Getting webroot for domain='www.go2uk.net'
[Thu Feb  6 21:23:06 EST 2025] _w='/home/nginx/domains/go2uk.net/public'
[Thu Feb  6 21:23:06 EST 2025] _currentRoot='/home/nginx/domains/go2uk.net/public'
[Thu Feb  6 21:23:06 EST 2025] _is_idn_d='www.go2uk.net'
[Thu Feb  6 21:23:06 EST 2025] _idn_temp
[Thu Feb  6 21:23:06 EST 2025] _candidates='www.go2uk.net,{"identifier":{"type":"dns","value":"www.go2uk.net"},"status":"pending","expires":"2025-02-14T02:24:04Z","challenges":[{"type":"tls-alpn-01","url":"https://acme-v02.api.letsencrypt.org/acme/chall/2131675475/472177881255/IyRSmA","status":"pending","token":"Dm8E77ThBZZ0kYWWy37DRqfibS7tgSwkdeiRiymdmb8"},{"type":"dns-01","url":"https://acme-v02.api.letsencrypt.org/acme/chall/2131675475/472177881255/E22Olg","status":"pending","token":"Dm8E77ThBZZ0kYWWy37DRqfibS7tgSwkdeiRiymdmb8"},{"type":"http-01","url":"https://acme-v02.api.letsencrypt.org/acme/chall/2131675475/472177881255/D9ScHw","status":"pending","token":"Dm8E77ThBZZ0kYWWy37DRqfibS7tgSwkdeiRiymdmb8"}]}#https://acme-v02.api.letsencrypt.org/acme/authz/2131675475/472177881255'
[Thu Feb  6 21:23:06 EST 2025] response='{"identifier":{"type":"dns","value":"www.go2uk.net"},"status":"pending","expires":"2025-02-14T02:24:04Z","challenges":[{"type":"tls-alpn-01","url":"https://acme-v02.api.letsencrypt.org/acme/chall/2131675475/472177881255/IyRSmA","status":"pending","token":"Dm8E77ThBZZ0kYWWy37DRqfibS7tgSwkdeiRiymdmb8"},{"type":"dns-01","url":"https://acme-v02.api.letsencrypt.org/acme/chall/2131675475/472177881255/E22Olg","status":"pending","token":"Dm8E77ThBZZ0kYWWy37DRqfibS7tgSwkdeiRiymdmb8"},{"type":"http-01","url":"https://acme-v02.api.letsencrypt.org/acme/chall/2131675475/472177881255/D9ScHw","status":"pending","token":"Dm8E77ThBZZ0kYWWy37DRqfibS7tgSwkdeiRiymdmb8"}]}#https://acme-v02.api.letsencrypt.org/acme/authz/2131675475/472177881255'
[Thu Feb  6 21:23:06 EST 2025] _authz_url='https://acme-v02.api.letsencrypt.org/acme/authz/2131675475/472177881255'
[Thu Feb  6 21:23:06 EST 2025] entry='"type":"http-01","url":"https://acme-v02.api.letsencrypt.org/acme/chall/2131675475/472177881255/D9ScHw","status":"pending","token":"Dm8E77ThBZZ0kYWWy37DRqfibS7tgSwkdeiRiymdmb8"'
[Thu Feb  6 21:23:06 EST 2025] token='Dm8E77ThBZZ0kYWWy37DRqfibS7tgSwkdeiRiymdmb8'
[Thu Feb  6 21:23:06 EST 2025] uri='https://acme-v02.api.letsencrypt.org/acme/chall/2131675475/472177881255/D9ScHw'
[Thu Feb  6 21:23:06 EST 2025] keyauthorization='Dm8E77ThBZZ0kYWWy37DRqfibS7tgSwkdeiRiymdmb8.FQKA3D4I-bkis0mONPApGAQuW-dswTlHpijAmtXu6z0'
[Thu Feb  6 21:23:06 EST 2025] dvlist='www.go2uk.net#Dm8E77ThBZZ0kYWWy37DRqfibS7tgSwkdeiRiymdmb8.FQKA3D4I-bkis0mONPApGAQuW-dswTlHpijAmtXu6z0#https://acme-v02.api.letsencrypt.org/acme/chall/2131675475/472177881255/D9ScHw#http-01#/home/nginx/domains/go2uk.net/public#https://acme-v02.api.letsencrypt.org/acme/authz/2131675475/472177881255'
[Thu Feb  6 21:23:06 EST 2025] d
[Thu Feb  6 21:23:06 EST 2025] vlist='go2uk.net#ngEE9I3catV0RPHLN6nayfLH8GD654Xj5ZOnYQQQbsc.FQKA3D4I-bkis0mONPApGAQuW-dswTlHpijAmtXu6z0#https://acme-v02.api.letsencrypt.org/acme/chall/2131675475/472177881245/WxBQ3g#http-01#/home/nginx/domains/go2uk.net/public#https://acme-v02.api.letsencrypt.org/acme/authz/2131675475/472177881245,www.go2uk.net#Dm8E77ThBZZ0kYWWy37DRqfibS7tgSwkdeiRiymdmb8.FQKA3D4I-bkis0mONPApGAQuW-dswTlHpijAmtXu6z0#https://acme-v02.api.letsencrypt.org/acme/chall/2131675475/472177881255/D9ScHw#http-01#/home/nginx/domains/go2uk.net/public#https://acme-v02.api.letsencrypt.org/acme/authz/2131675475/472177881255,'
[Thu Feb  6 21:23:06 EST 2025] d='go2uk.net'
[Thu Feb  6 21:23:06 EST 2025] d='www.go2uk.net'
[Thu Feb  6 21:23:06 EST 2025] OK, let's start verification
[Thu Feb  6 21:23:06 EST 2025] Verifying: go2uk.net
[Thu Feb  6 21:23:06 EST 2025] d='go2uk.net'
[Thu Feb  6 21:23:06 EST 2025] keyauthorization='ngEE9I3catV0RPHLN6nayfLH8GD654Xj5ZOnYQQQbsc.FQKA3D4I-bkis0mONPApGAQuW-dswTlHpijAmtXu6z0'
[Thu Feb  6 21:23:06 EST 2025] uri='https://acme-v02.api.letsencrypt.org/acme/chall/2131675475/472177881245/WxBQ3g'
[Thu Feb  6 21:23:06 EST 2025] _authz_url='https://acme-v02.api.letsencrypt.org/acme/authz/2131675475/472177881245'
[Thu Feb  6 21:23:06 EST 2025] _currentRoot='/home/nginx/domains/go2uk.net/public'
[Thu Feb  6 21:23:06 EST 2025] wellknown_path='/home/nginx/domains/go2uk.net/public/.well-known/acme-challenge'
[Thu Feb  6 21:23:06 EST 2025] Writing token: ngEE9I3catV0RPHLN6nayfLH8GD654Xj5ZOnYQQQbsc to /home/nginx/domains/go2uk.net/public/.well-known/acme-challenge/ngEE9I3catV0RPHLN6nayfLH8GD654Xj5ZOnYQQQbsc
[Thu Feb  6 21:23:06 EST 2025] Trigger domain validation.
[Thu Feb  6 21:23:06 EST 2025] _t_url='https://acme-v02.api.letsencrypt.org/acme/chall/2131675475/472177881245/WxBQ3g'
[Thu Feb  6 21:23:06 EST 2025] _t_key_authz='ngEE9I3catV0RPHLN6nayfLH8GD654Xj5ZOnYQQQbsc.FQKA3D4I-bkis0mONPApGAQuW-dswTlHpijAmtXu6z0'
[Thu Feb  6 21:23:06 EST 2025] _t_vtype='http-01'
[Thu Feb  6 21:23:06 EST 2025] =======Sending Signed Request=======
[Thu Feb  6 21:23:06 EST 2025] url='https://acme-v02.api.letsencrypt.org/acme/chall/2131675475/472177881245/WxBQ3g'
[Thu Feb  6 21:23:06 EST 2025] payload='{}'
[Thu Feb  6 21:23:06 EST 2025] Use cached jwk for file: /root/.acme.sh/ca/acme-v02.api.letsencrypt.org/directory/account.key
[Thu Feb  6 21:23:06 EST 2025] Use _CACHED_NONCE='ES_SC8yEC5Wl4iWxJuc-lRn2BaUP8HT4EsL8_OtUKIozBbKUEwA'
[Thu Feb  6 21:23:06 EST 2025] nonce='ES_SC8yEC5Wl4iWxJuc-lRn2BaUP8HT4EsL8_OtUKIozBbKUEwA'
[Thu Feb  6 21:23:07 EST 2025] _URGLY_PRINTF
[Thu Feb  6 21:23:07 EST 2025] xargs
[Thu Feb  6 21:23:07 EST 2025] POST
[Thu Feb  6 21:23:07 EST 2025] _post_url='https://acme-v02.api.letsencrypt.org/acme/chall/2131675475/472177881245/WxBQ3g'
[Thu Feb  6 21:23:07 EST 2025] body='{"protected": "eyJub25jZSI6ICJFU19TQzh5RUM1V2w0aVd4SnVjLWxSbjJCYVVQOEhUNEVzTDhfT3RVS0lvekJiS1VFd0EiLCAidXJsIjogImh0dHBzOi8vYWNtZS12MDIuYXBpLmxldHNlbmNyeXB0Lm9yZy9hY21lL2NoYWxsLzIxMzE2NzU0NzUvNDcyMTc3ODgxMjQ1L1d4QlEzZyIsICJhbGciOiAiRVMyNTYiLCAia2lkIjogImh0dHBzOi8vYWNtZS12MDIuYXBpLmxldHNlbmNyeXB0Lm9yZy9hY21lL2FjY3QvMjEzMTY3NTQ3NSJ9", "payload": "e30", "signature": "4ylKVANJ3wUPe54HksZftlWGmv0mDrHsqnKGX2PMn4_pc5HdEq5xDNiJF5n8XeLE5fhlB_l5e2njSQ7CUZSq2A"}'
[Thu Feb  6 21:23:07 EST 2025] _postContentType='application/jose+json'
[Thu Feb  6 21:23:07 EST 2025] Http already initialized.
[Thu Feb  6 21:23:07 EST 2025] _CURL='curl --silent --dump-header /root/.acme.sh/http.header  -L  -g '
[Thu Feb  6 21:23:07 EST 2025] _ret='0'
[Thu Feb  6 21:23:07 EST 2025] responseHeaders='HTTP/2 200 
server: nginx
date: Fri, 07 Feb 2025 02:24:06 GMT
content-type: application/json
content-length: 195
boulder-requester: 2131675475
cache-control: public, max-age=0, no-cache
link: <https://acme-v02.api.letsencrypt.org/directory>;rel="index"
link: <https://acme-v02.api.letsencrypt.org/acme/authz/2131675475/472177881245>;rel="up"
location: https://acme-v02.api.letsencrypt.org/acme/chall/2131675475/472177881245/WxBQ3g
replay-nonce: VsUfN5awsFRqJh_t2UBsJd736sxZsII0T8N74hs6IIYQyy8ij2w
x-frame-options: DENY
strict-transport-security: max-age=604800
'
[Thu Feb  6 21:23:07 EST 2025] code='200'
[Thu Feb  6 21:23:07 EST 2025] original='{
  "type": "http-01",
  "url": "https://acme-v02.api.letsencrypt.org/acme/chall/2131675475/472177881245/WxBQ3g",
  "status": "pending",
  "token": "ngEE9I3catV0RPHLN6nayfLH8GD654Xj5ZOnYQQQbsc"
}'
[Thu Feb  6 21:23:07 EST 2025] response='{"type":"http-01","url":"https://acme-v02.api.letsencrypt.org/acme/chall/2131675475/472177881245/WxBQ3g","status":"pending","token":"ngEE9I3catV0RPHLN6nayfLH8GD654Xj5ZOnYQQQbsc"}'
[Thu Feb  6 21:23:07 EST 2025] Trigger validation code: 200
[Thu Feb  6 21:23:07 EST 2025] Let's check the authz status
[Thu Feb  6 21:23:07 EST 2025] original='{"type":"http-01","url":"https://acme-v02.api.letsencrypt.org/acme/chall/2131675475/472177881245/WxBQ3g","status":"pending","token":"ngEE9I3catV0RPHLN6nayfLH8GD654Xj5ZOnYQQQbsc"}'
[Thu Feb  6 21:23:07 EST 2025] response='{"type":"http-01","url":"https://acme-v02.api.letsencrypt.org/acme/chall/2131675475/472177881245/WxBQ3g","status":"pending","token":"ngEE9I3catV0RPHLN6nayfLH8GD654Xj5ZOnYQQQbsc"}'
[Thu Feb  6 21:23:07 EST 2025] status='pending'
[Thu Feb  6 21:23:07 EST 2025] Pending. The CA is processing your order, please wait. (1/30)
[Thu Feb  6 21:23:07 EST 2025] Sleep 2 seconds before verifying again
[Thu Feb  6 21:23:09 EST 2025] Checking
[Thu Feb  6 21:23:09 EST 2025] =======Sending Signed Request=======
[Thu Feb  6 21:23:09 EST 2025] url='https://acme-v02.api.letsencrypt.org/acme/authz/2131675475/472177881245'
[Thu Feb  6 21:23:09 EST 2025] payload
[Thu Feb  6 21:23:09 EST 2025] Use cached jwk for file: /root/.acme.sh/ca/acme-v02.api.letsencrypt.org/directory/account.key
[Thu Feb  6 21:23:09 EST 2025] Use _CACHED_NONCE='VsUfN5awsFRqJh_t2UBsJd736sxZsII0T8N74hs6IIYQyy8ij2w'
[Thu Feb  6 21:23:09 EST 2025] nonce='VsUfN5awsFRqJh_t2UBsJd736sxZsII0T8N74hs6IIYQyy8ij2w'
[Thu Feb  6 21:23:09 EST 2025] _URGLY_PRINTF
[Thu Feb  6 21:23:09 EST 2025] xargs
[Thu Feb  6 21:23:09 EST 2025] POST
[Thu Feb  6 21:23:09 EST 2025] _post_url='https://acme-v02.api.letsencrypt.org/acme/authz/2131675475/472177881245'
[Thu Feb  6 21:23:09 EST 2025] body='{"protected": "eyJub25jZSI6ICJWc1VmTjVhd3NGUnFKaF90MlVCc0pkNzM2c3hac0lJMFQ4Tjc0aHM2SUlZUXl5OGlqMnciLCAidXJsIjogImh0dHBzOi8vYWNtZS12MDIuYXBpLmxldHNlbmNyeXB0Lm9yZy9hY21lL2F1dGh6LzIxMzE2NzU0NzUvNDcyMTc3ODgxMjQ1IiwgImFsZyI6ICJFUzI1NiIsICJraWQiOiAiaHR0cHM6Ly9hY21lLXYwMi5hcGkubGV0c2VuY3J5cHQub3JnL2FjbWUvYWNjdC8yMTMxNjc1NDc1In0", "payload": "", "signature": "IVdGj1rJhoI-hEjbgrb3Hb3_YuVWtDz86XcN8WBtCqO3nt3AIivRl-MW6r90cy0QL6K64YcQWEdqolCIR_0dSw"}'
[Thu Feb  6 21:23:09 EST 2025] _postContentType='application/jose+json'
[Thu Feb  6 21:23:09 EST 2025] Http already initialized.
[Thu Feb  6 21:23:09 EST 2025] _CURL='curl --silent --dump-header /root/.acme.sh/http.header  -L  -g '
[Thu Feb  6 21:23:09 EST 2025] _ret='0'
[Thu Feb  6 21:23:09 EST 2025] responseHeaders='HTTP/2 200 
server: nginx
date: Fri, 07 Feb 2025 02:24:08 GMT
content-type: application/json
content-length: 1012
boulder-requester: 2131675475
cache-control: public, max-age=0, no-cache
link: <https://acme-v02.api.letsencrypt.org/directory>;rel="index"
replay-nonce: ES_SC8yETbi6rjZX8Enk3lpnRrLiI2mUJJpFEY3mPi1Q8yxfClg
x-frame-options: DENY
strict-transport-security: max-age=604800
'
[Thu Feb  6 21:23:09 EST 2025] code='200'
[Thu Feb  6 21:23:09 EST 2025] original='{
  "identifier": {
    "type": "dns",
    "value": "go2uk.net"
  },
  "status": "invalid",
  "expires": "2025-02-14T02:24:04Z",
  "challenges": [
    {
      "type": "http-01",
      "url": "https://acme-v02.api.letsencrypt.org/acme/chall/2131675475/472177881245/WxBQ3g",
      "status": "invalid",
      "validated": "2025-02-07T02:24:06Z",
      "error": {
        "type": "urn:ietf:params:acme:error:unauthorized",
        "detail": "204.13.154.36: Invalid response from http://go2uk.net/.well-known/acme-challenge/ngEE9I3catV0RPHLN6nayfLH8GD654Xj5ZOnYQQQbsc: 404",
        "status": 403
      },
      "token": "ngEE9I3catV0RPHLN6nayfLH8GD654Xj5ZOnYQQQbsc",
      "validationRecord": [
        {
          "url": "http://go2uk.net/.well-known/acme-challenge/ngEE9I3catV0RPHLN6nayfLH8GD654Xj5ZOnYQQQbsc",
          "hostname": "go2uk.net",
          "port": "80",
          "addressesResolved": [
            "204.13.154.36"
          ],
          "addressUsed": "204.13.154.36"
        }
      ]
    }
  ]
}'
[Thu Feb  6 21:23:09 EST 2025] response='{"identifier":{"type":"dns","value":"go2uk.net"},"status":"invalid","expires":"2025-02-14T02:24:04Z","challenges":[{"type":"http-01","url":"https://acme-v02.api.letsencrypt.org/acme/chall/2131675475/472177881245/WxBQ3g","status":"invalid","validated":"2025-02-07T02:24:06Z","error":{"type":"urn:ietf:params:acme:error:unauthorized","detail":"204.13.154.36: Invalid response from http://go2uk.net/.well-known/acme-challenge/ngEE9I3catV0RPHLN6nayfLH8GD654Xj5ZOnYQQQbsc: 404","status": 403},"token":"ngEE9I3catV0RPHLN6nayfLH8GD654Xj5ZOnYQQQbsc","validationRecord":[{"url":"http://go2uk.net/.well-known/acme-challenge/ngEE9I3catV0RPHLN6nayfLH8GD654Xj5ZOnYQQQbsc","hostname":"go2uk.net","port":"80","addressesResolved":["204.13.154.36"],"addressUsed":"204.13.154.36"}]}]}'
[Thu Feb  6 21:23:09 EST 2025] original='{"identifier":{"type":"dns","value":"go2uk.net"},"status":"invalid","expires":"2025-02-14T02:24:04Z","challenges":[{"type":"http-01","url":"https://acme-v02.api.letsencrypt.org/acme/chall/2131675475/472177881245/WxBQ3g","status":"invalid","validated":"2025-02-07T02:24:06Z","error":{"type":"urn:ietf:params:acme:error:unauthorized","detail":"204.13.154.36: Invalid response from http://go2uk.net/.well-known/acme-challenge/ngEE9I3catV0RPHLN6nayfLH8GD654Xj5ZOnYQQQbsc: 404","status": 403},"token":"ngEE9I3catV0RPHLN6nayfLH8GD654Xj5ZOnYQQQbsc","validationRecord":[{"url":"http://go2uk.net/.well-known/acme-challenge/ngEE9I3catV0RPHLN6nayfLH8GD654Xj5ZOnYQQQbsc","hostname":"go2uk.net","port":"80","addressesResolved":["204.13.154.36"],"addressUsed":"204.13.154.36"}]}]}'
[Thu Feb  6 21:23:09 EST 2025] response='{"identifier":{"type":"dns","value":"go2uk.net"},"status":"invalid","expires":"2025-02-14T02:24:04Z","challenges":[{"type":"http-01","url":"https://acme-v02.api.letsencrypt.org/acme/chall/2131675475/472177881245/WxBQ3g","status":"invalid","validated":"2025-02-07T02:24:06Z","error":{"type":"urn:ietf:params:acme:error:unauthorized","detail":"204.13.154.36: Invalid response from http://go2uk.net/.well-known/acme-challenge/ngEE9I3catV0RPHLN6nayfLH8GD654Xj5ZOnYQQQbsc: 404","status": 403},"token":"ngEE9I3catV0RPHLN6nayfLH8GD654Xj5ZOnYQQQbsc","validationRecord":[{"url":"http://go2uk.net/.well-known/acme-challenge/ngEE9I3catV0RPHLN6nayfLH8GD654Xj5ZOnYQQQbsc","hostname":"go2uk.net","port":"80","addressesResolved":["204.13.154.36"],"addressUsed":"204.13.154.36"}]}]}'
[Thu Feb  6 21:23:09 EST 2025] status='invalid
invalid'
[Thu Feb  6 21:23:10 EST 2025] error='"error":{"type":"urn:ietf:params:acme:error:unauthorized","detail":"204.13.154.36: Invalid response from http://go2uk.net/.well-known/acme-challenge/ngEE9I3catV0RPHLN6nayfLH8GD654Xj5ZOnYQQQbsc: 404","status": 403'
[Thu Feb  6 21:23:10 EST 2025] errordetail='204.13.154.36: Invalid response from http://go2uk.net/.well-known/acme-challenge/ngEE9I3catV0RPHLN6nayfLH8GD654Xj5ZOnYQQQbsc: 404'
[Thu Feb  6 21:23:10 EST 2025] go2uk.net: Invalid status. Verification error details: 204.13.154.36: Invalid response from http://go2uk.net/.well-known/acme-challenge/ngEE9I3catV0RPHLN6nayfLH8GD654Xj5ZOnYQQQbsc: 404
[Thu Feb  6 21:23:10 EST 2025] pid
[Thu Feb  6 21:23:10 EST 2025] No need to restore nginx config, skipping.
[Thu Feb  6 21:23:10 EST 2025] _clearupdns
[Thu Feb  6 21:23:10 EST 2025] dns_entries
[Thu Feb  6 21:23:10 EST 2025] Skipping dns.
[Thu Feb  6 21:23:10 EST 2025] _on_issue_err
[Thu Feb  6 21:23:10 EST 2025] Please check log file for more details: /root/centminlogs/acmetool.sh-debug-log-060225-212257.log
[Thu Feb  6 21:23:10 EST 2025] _chk_vlist='go2uk.net#ngEE9I3catV0RPHLN6nayfLH8GD654Xj5ZOnYQQQbsc.FQKA3D4I-bkis0mONPApGAQuW-dswTlHpijAmtXu6z0#https://acme-v02.api.letsencrypt.org/acme/chall/2131675475/472177881245/WxBQ3g#http-01#/home/nginx/domains/go2uk.net/public#https://acme-v02.api.letsencrypt.org/acme/authz/2131675475/472177881245,www.go2uk.net#Dm8E77ThBZZ0kYWWy37DRqfibS7tgSwkdeiRiymdmb8.FQKA3D4I-bkis0mONPApGAQuW-dswTlHpijAmtXu6z0#https://acme-v02.api.letsencrypt.org/acme/chall/2131675475/472177881255/D9ScHw#http-01#/home/nginx/domains/go2uk.net/public#https://acme-v02.api.letsencrypt.org/acme/authz/2131675475/472177881255,'
[Thu Feb  6 21:23:10 EST 2025] start to deactivate authz
[Thu Feb  6 21:23:10 EST 2025] Trigger domain validation.
[Thu Feb  6 21:23:10 EST 2025] _t_url='https://acme-v02.api.letsencrypt.org/acme/chall/2131675475/472177881245/WxBQ3g'
[Thu Feb  6 21:23:10 EST 2025] _t_key_authz='ngEE9I3catV0RPHLN6nayfLH8GD654Xj5ZOnYQQQbsc.FQKA3D4I-bkis0mONPApGAQuW-dswTlHpijAmtXu6z0'
[Thu Feb  6 21:23:10 EST 2025] _t_vtype
[Thu Feb  6 21:23:10 EST 2025] =======Sending Signed Request=======
[Thu Feb  6 21:23:10 EST 2025] url='https://acme-v02.api.letsencrypt.org/acme/chall/2131675475/472177881245/WxBQ3g'
[Thu Feb  6 21:23:10 EST 2025] payload='{}'
[Thu Feb  6 21:23:10 EST 2025] Use cached jwk for file: /root/.acme.sh/ca/acme-v02.api.letsencrypt.org/directory/account.key
[Thu Feb  6 21:23:10 EST 2025] Use _CACHED_NONCE='ES_SC8yETbi6rjZX8Enk3lpnRrLiI2mUJJpFEY3mPi1Q8yxfClg'
[Thu Feb  6 21:23:10 EST 2025] nonce='ES_SC8yETbi6rjZX8Enk3lpnRrLiI2mUJJpFEY3mPi1Q8yxfClg'
[Thu Feb  6 21:23:10 EST 2025] _URGLY_PRINTF
[Thu Feb  6 21:23:10 EST 2025] xargs
[Thu Feb  6 21:23:10 EST 2025] POST
[Thu Feb  6 21:23:10 EST 2025] _post_url='https://acme-v02.api.letsencrypt.org/acme/chall/2131675475/472177881245/WxBQ3g'
[Thu Feb  6 21:23:10 EST 2025] body='{"protected": "eyJub25jZSI6ICJFU19TQzh5RVRiaTZyalpYOEVuazNscG5SckxpSTJtVUpKcEZFWTNtUGkxUTh5eGZDbGciLCAidXJsIjogImh0dHBzOi8vYWNtZS12MDIuYXBpLmxldHNlbmNyeXB0Lm9yZy9hY21lL2NoYWxsLzIxMzE2NzU0NzUvNDcyMTc3ODgxMjQ1L1d4QlEzZyIsICJhbGciOiAiRVMyNTYiLCAia2lkIjogImh0dHBzOi8vYWNtZS12MDIuYXBpLmxldHNlbmNyeXB0Lm9yZy9hY21lL2FjY3QvMjEzMTY3NTQ3NSJ9", "payload": "e30", "signature": "sO4uIExQS3dlwl-d2BB924KmjgJkPnBaKCGb9nS5AwLht9fwABHZmdVYcGrGLG4rqxrIYwgEBm--Aw6vR1NuZw"}'
[Thu Feb  6 21:23:10 EST 2025] _postContentType='application/jose+json'
[Thu Feb  6 21:23:10 EST 2025] Http already initialized.
[Thu Feb  6 21:23:10 EST 2025] _CURL='curl --silent --dump-header /root/.acme.sh/http.header  -L  -g '
[Thu Feb  6 21:23:10 EST 2025] _ret='0'
[Thu Feb  6 21:23:10 EST 2025] responseHeaders='HTTP/2 400 
server: nginx
date: Fri, 07 Feb 2025 02:24:09 GMT
content-type: application/problem+json
content-length: 144
boulder-requester: 2131675475
cache-control: public, max-age=0, no-cache
link: <https://acme-v02.api.letsencrypt.org/directory>;rel="index"
replay-nonce: VsUfN5awR08kQ2GPP-3uS0znArFjxo8umaAT38oEzO1tjLgCakM
'
[Thu Feb  6 21:23:10 EST 2025] code='400'
[Thu Feb  6 21:23:10 EST 2025] original='{
  "type": "urn:ietf:params:acme:error:malformed",
  "detail": "Unable to update challenge :: authorization must be pending",
  "status": 400
}'
[Thu Feb  6 21:23:10 EST 2025] response='{
  "type": "urn:ietf:params:acme:error:malformed",
  "detail": "Unable to update challenge :: authorization must be pending",
  "status": 400
}'
[Thu Feb  6 21:23:10 EST 2025] Trigger domain validation.
[Thu Feb  6 21:23:10 EST 2025] _t_url='https://acme-v02.api.letsencrypt.org/acme/chall/2131675475/472177881255/D9ScHw'
[Thu Feb  6 21:23:10 EST 2025] _t_key_authz='Dm8E77ThBZZ0kYWWy37DRqfibS7tgSwkdeiRiymdmb8.FQKA3D4I-bkis0mONPApGAQuW-dswTlHpijAmtXu6z0'
[Thu Feb  6 21:23:10 EST 2025] _t_vtype
[Thu Feb  6 21:23:10 EST 2025] =======Sending Signed Request=======
[Thu Feb  6 21:23:10 EST 2025] url='https://acme-v02.api.letsencrypt.org/acme/chall/2131675475/472177881255/D9ScHw'
[Thu Feb  6 21:23:10 EST 2025] payload='{}'
[Thu Feb  6 21:23:10 EST 2025] Use cached jwk for file: /root/.acme.sh/ca/acme-v02.api.letsencrypt.org/directory/account.key
[Thu Feb  6 21:23:10 EST 2025] Use _CACHED_NONCE='VsUfN5awR08kQ2GPP-3uS0znArFjxo8umaAT38oEzO1tjLgCakM'
[Thu Feb  6 21:23:10 EST 2025] nonce='VsUfN5awR08kQ2GPP-3uS0znArFjxo8umaAT38oEzO1tjLgCakM'
[Thu Feb  6 21:23:10 EST 2025] _URGLY_PRINTF
[Thu Feb  6 21:23:10 EST 2025] xargs
[Thu Feb  6 21:23:10 EST 2025] POST
[Thu Feb  6 21:23:10 EST 2025] _post_url='https://acme-v02.api.letsencrypt.org/acme/chall/2131675475/472177881255/D9ScHw'
[Thu Feb  6 21:23:10 EST 2025] body='{"protected": "eyJub25jZSI6ICJWc1VmTjVhd1IwOGtRMkdQUC0zdVMwem5BckZqeG84dW1hQVQzOG9Fek8xdGpMZ0Nha00iLCAidXJsIjogImh0dHBzOi8vYWNtZS12MDIuYXBpLmxldHNlbmNyeXB0Lm9yZy9hY21lL2NoYWxsLzIxMzE2NzU0NzUvNDcyMTc3ODgxMjU1L0Q5U2NIdyIsICJhbGciOiAiRVMyNTYiLCAia2lkIjogImh0dHBzOi8vYWNtZS12MDIuYXBpLmxldHNlbmNyeXB0Lm9yZy9hY21lL2FjY3QvMjEzMTY3NTQ3NSJ9", "payload": "e30", "signature": "h2aoIBgLF80Z9KfvvjszoS3FObe11wF0i3F7V7VCeUAXOMYK-GGwhkLMhZuVRokpeQsxRh1LpYbIWjhEs5A_IA"}'
[Thu Feb  6 21:23:10 EST 2025] _postContentType='application/jose+json'
[Thu Feb  6 21:23:10 EST 2025] Http already initialized.
[Thu Feb  6 21:23:10 EST 2025] _CURL='curl --silent --dump-header /root/.acme.sh/http.header  -L  -g '
[Thu Feb  6 21:23:10 EST 2025] _ret='0'
[Thu Feb  6 21:23:10 EST 2025] responseHeaders='HTTP/2 200 
server: nginx
date: Fri, 07 Feb 2025 02:24:09 GMT
content-type: application/json
content-length: 195
boulder-requester: 2131675475
cache-control: public, max-age=0, no-cache
link: <https://acme-v02.api.letsencrypt.org/directory>;rel="index"
link: <https://acme-v02.api.letsencrypt.org/acme/authz/2131675475/472177881255>;rel="up"
location: https://acme-v02.api.letsencrypt.org/acme/chall/2131675475/472177881255/D9ScHw
replay-nonce: A-S0uJjSh3YCIsFLFAwCbjve9JYoK6jdwj3FT-qstRGlEzSDUNY
x-frame-options: DENY
strict-transport-security: max-age=604800
'
[Thu Feb  6 21:23:10 EST 2025] code='200'
[Thu Feb  6 21:23:10 EST 2025] original='{
  "type": "http-01",
  "url": "https://acme-v02.api.letsencrypt.org/acme/chall/2131675475/472177881255/D9ScHw",
  "status": "pending",
  "token": "Dm8E77ThBZZ0kYWWy37DRqfibS7tgSwkdeiRiymdmb8"
}'
[Thu Feb  6 21:23:10 EST 2025] response='{"type":"http-01","url":"https://acme-v02.api.letsencrypt.org/acme/chall/2131675475/472177881255/D9ScHw","status":"pending","token":"Dm8E77ThBZZ0kYWWy37DRqfibS7tgSwkdeiRiymdmb8"}'
[Fri Feb  7 16:24:02 EST 2025] LE_WORKING_DIR='/root/.acme.sh'
[Fri Feb  7 16:24:02 EST 2025] Running cmd: cron
[Fri Feb  7 16:24:02 EST 2025] Using config home: /root/.acme.sh
[Fri Feb  7 16:24:02 EST 2025] default_acme_server='https://acme-v02.api.letsencrypt.org/directory'
[Fri Feb  7 16:24:02 EST 2025] ACME_DIRECTORY='https://acme-v02.api.letsencrypt.org/directory'
[Fri Feb  7 16:24:02 EST 2025] _ACME_SERVER_HOST='acme-v02.api.letsencrypt.org'
[Fri Feb  7 16:24:02 EST 2025] _ACME_SERVER_PATH='directory'
[Fri Feb  7 16:24:02 EST 2025] ===Starting cron===
[Fri Feb  7 16:24:02 EST 2025] Using config home: /root/.acme.sh
[Fri Feb  7 16:24:02 EST 2025] ACME_DIRECTORY='https://acme-v02.api.letsencrypt.org/directory'
[Fri Feb  7 16:24:02 EST 2025] _ACME_SERVER_HOST='acme-v02.api.letsencrypt.org'
[Fri Feb  7 16:24:02 EST 2025] _ACME_SERVER_PATH='directory'
[Fri Feb  7 16:24:02 EST 2025] _stopRenewOnError
[Fri Feb  7 16:24:02 EST 2025] _server
[Fri Feb  7 16:24:02 EST 2025] _set_level='2'
[Fri Feb  7 16:24:02 EST 2025] di='/root/.acme.sh/go2au.net/'
[Fri Feb  7 16:24:02 EST 2025] d='go2au.net'
[Fri Feb  7 16:24:02 EST 2025] _renewServer
[Fri Feb  7 16:24:02 EST 2025] Using config home: /root/.acme.sh
[Fri Feb  7 16:24:02 EST 2025] ACME_DIRECTORY='https://acme-v02.api.letsencrypt.org/directory'
[Fri Feb  7 16:24:02 EST 2025] _ACME_SERVER_HOST='acme-v02.api.letsencrypt.org'
[Fri Feb  7 16:24:02 EST 2025] _ACME_SERVER_PATH='directory'
[Fri Feb  7 16:24:02 EST 2025] DOMAIN_PATH='/root/.acme.sh/go2au.net'
[Fri Feb  7 16:24:02 EST 2025] Renewing: 'go2au.net'
[Fri Feb  7 16:24:02 EST 2025] Le_API='https://acme-v02.api.letsencrypt.org/directory'
[Fri Feb  7 16:24:02 EST 2025] Renewing using Le_API=https://acme-v02.api.letsencrypt.org/directory
[Fri Feb  7 16:24:02 EST 2025] initpath again.
[Fri Feb  7 16:24:02 EST 2025] Using config home: /root/.acme.sh
[Fri Feb  7 16:24:02 EST 2025] ACME_DIRECTORY='https://acme-v02.api.letsencrypt.org/directory'
[Fri Feb  7 16:24:02 EST 2025] _ACME_SERVER_HOST='acme-v02.api.letsencrypt.org'
[Fri Feb  7 16:24:02 EST 2025] _ACME_SERVER_PATH='directory'
[Fri Feb  7 16:24:02 EST 2025] Skipping. Next renewal time is: 2025-03-29T11:20:22Z
[Fri Feb  7 16:24:02 EST 2025] Add '--force' to force renewal.
[Fri Feb  7 16:24:02 EST 2025] Return code: 2
[Fri Feb  7 16:24:02 EST 2025] Skipped go2au.net
[Fri Feb  7 16:24:02 EST 2025] di='/root/.acme.sh/go2au.net_ecc/'
[Fri Feb  7 16:24:02 EST 2025] d='go2au.net_ecc'
[Fri Feb  7 16:24:02 EST 2025] _renewServer
[Fri Feb  7 16:24:02 EST 2025] Using config home: /root/.acme.sh
[Fri Feb  7 16:24:02 EST 2025] ACME_DIRECTORY='https://acme-v02.api.letsencrypt.org/directory'
[Fri Feb  7 16:24:02 EST 2025] _ACME_SERVER_HOST='acme-v02.api.letsencrypt.org'
[Fri Feb  7 16:24:02 EST 2025] _ACME_SERVER_PATH='directory'
[Fri Feb  7 16:24:02 EST 2025] DOMAIN_PATH='/root/.acme.sh/go2au.net_ecc'
[Fri Feb  7 16:24:02 EST 2025] Renewing: 'go2au.net'
[Fri Feb  7 16:24:02 EST 2025] Le_API='https://acme-v02.api.letsencrypt.org/directory'
[Fri Feb  7 16:24:02 EST 2025] Renewing using Le_API=https://acme-v02.api.letsencrypt.org/directory
[Fri Feb  7 16:24:02 EST 2025] initpath again.
[Fri Feb  7 16:24:02 EST 2025] Using config home: /root/.acme.sh
[Fri Feb  7 16:24:02 EST 2025] ACME_DIRECTORY='https://acme-v02.api.letsencrypt.org/directory'
[Fri Feb  7 16:24:02 EST 2025] _ACME_SERVER_HOST='acme-v02.api.letsencrypt.org'
[Fri Feb  7 16:24:02 EST 2025] _ACME_SERVER_PATH='directory'
[Fri Feb  7 16:24:02 EST 2025] Skipping. Next renewal time is: 2025-03-29T11:20:27Z
[Fri Feb  7 16:24:02 EST 2025] Add '--force' to force renewal.
[Fri Feb  7 16:24:02 EST 2025] Return code: 2
[Fri Feb  7 16:24:02 EST 2025] Skipped go2au.net_ecc
[Fri Feb  7 16:24:02 EST 2025] di='/root/.acme.sh/go2uk.net/'
[Fri Feb  7 16:24:02 EST 2025] d='go2uk.net'
[Fri Feb  7 16:24:02 EST 2025] _renewServer
[Fri Feb  7 16:24:02 EST 2025] Using config home: /root/.acme.sh
[Fri Feb  7 16:24:02 EST 2025] ACME_DIRECTORY='https://acme-v02.api.letsencrypt.org/directory'
[Fri Feb  7 16:24:02 EST 2025] _ACME_SERVER_HOST='acme-v02.api.letsencrypt.org'
[Fri Feb  7 16:24:02 EST 2025] _ACME_SERVER_PATH='directory'
[Fri Feb  7 16:24:02 EST 2025] DOMAIN_PATH='/root/.acme.sh/go2uk.net'
[Fri Feb  7 16:24:02 EST 2025] Renewing: 'go2uk.net'
[Fri Feb  7 16:24:02 EST 2025] Le_API='https://acme-v02.api.letsencrypt.org/directory'
[Fri Feb  7 16:24:02 EST 2025] Renewing using Le_API=https://acme-v02.api.letsencrypt.org/directory
[Fri Feb  7 16:24:02 EST 2025] initpath again.
[Fri Feb  7 16:24:02 EST 2025] Using config home: /root/.acme.sh
[Fri Feb  7 16:24:02 EST 2025] ACME_DIRECTORY='https://acme-v02.api.letsencrypt.org/directory'
[Fri Feb  7 16:24:03 EST 2025] _ACME_SERVER_HOST='acme-v02.api.letsencrypt.org'
[Fri Feb  7 16:24:03 EST 2025] _ACME_SERVER_PATH='directory'
[Fri Feb  7 16:24:03 EST 2025] Skipping invalid cert for: go2uk.net
[Fri Feb  7 16:24:03 EST 2025] Return code: 2
[Fri Feb  7 16:24:03 EST 2025] Skipped go2uk.net
[Fri Feb  7 16:24:03 EST 2025] di='/root/.acme.sh/go2uk.org/'
[Fri Feb  7 16:24:03 EST 2025] d='go2uk.org'
[Fri Feb  7 16:24:03 EST 2025] _renewServer
[Fri Feb  7 16:24:03 EST 2025] Using config home: /root/.acme.sh
[Fri Feb  7 16:24:03 EST 2025] ACME_DIRECTORY='https://acme-v02.api.letsencrypt.org/directory'
[Fri Feb  7 16:24:03 EST 2025] _ACME_SERVER_HOST='acme-v02.api.letsencrypt.org'
[Fri Feb  7 16:24:03 EST 2025] _ACME_SERVER_PATH='directory'
[Fri Feb  7 16:24:03 EST 2025] DOMAIN_PATH='/root/.acme.sh/go2uk.org'
[Fri Feb  7 16:24:03 EST 2025] Renewing: 'go2uk.org'
[Fri Feb  7 16:24:03 EST 2025] Le_API='https://acme-staging-v02.api.letsencrypt.org/directory'
[Fri Feb  7 16:24:03 EST 2025] Switching back to https://acme-v02.api.letsencrypt.org/directory
[Fri Feb  7 16:24:03 EST 2025] Renewing using Le_API=https://acme-v02.api.letsencrypt.org/directory
[Fri Feb  7 16:24:03 EST 2025] initpath again.
[Fri Feb  7 16:24:03 EST 2025] Using config home: /root/.acme.sh
[Fri Feb  7 16:24:03 EST 2025] ACME_DIRECTORY='https://acme-v02.api.letsencrypt.org/directory'
[Fri Feb  7 16:24:03 EST 2025] _ACME_SERVER_HOST='acme-v02.api.letsencrypt.org'
[Fri Feb  7 16:24:03 EST 2025] _ACME_SERVER_PATH='directory'
[Fri Feb  7 16:24:03 EST 2025] Skipping. Next renewal time is: 2025-02-27T03:47:48Z
[Fri Feb  7 16:24:03 EST 2025] Add '--force' to force renewal.
[Fri Feb  7 16:24:03 EST 2025] Return code: 2
[Fri Feb  7 16:24:03 EST 2025] Skipped go2uk.org
[Fri Feb  7 16:24:03 EST 2025] di='/root/.acme.sh/go2uk.org_ecc/'
[Fri Feb  7 16:24:03 EST 2025] d='go2uk.org_ecc'
[Fri Feb  7 16:24:03 EST 2025] _renewServer
[Fri Feb  7 16:24:03 EST 2025] Using config home: /root/.acme.sh
[Fri Feb  7 16:24:03 EST 2025] ACME_DIRECTORY='https://acme-v02.api.letsencrypt.org/directory'
[Fri Feb  7 16:24:03 EST 2025] _ACME_SERVER_HOST='acme-v02.api.letsencrypt.org'
[Fri Feb  7 16:24:03 EST 2025] _ACME_SERVER_PATH='directory'
[Fri Feb  7 16:24:03 EST 2025] DOMAIN_PATH='/root/.acme.sh/go2uk.org_ecc'
[Fri Feb  7 16:24:03 EST 2025] Renewing: 'go2uk.org'
[Fri Feb  7 16:24:03 EST 2025] Le_API='https://acme-staging-v02.api.letsencrypt.org/directory'
[Fri Feb  7 16:24:03 EST 2025] Switching back to https://acme-v02.api.letsencrypt.org/directory
[Fri Feb  7 16:24:03 EST 2025] Renewing using Le_API=https://acme-v02.api.letsencrypt.org/directory
[Fri Feb  7 16:24:03 EST 2025] initpath again.
[Fri Feb  7 16:24:03 EST 2025] Using config home: /root/.acme.sh
[Fri Feb  7 16:24:03 EST 2025] ACME_DIRECTORY='https://acme-v02.api.letsencrypt.org/directory'
[Fri Feb  7 16:24:03 EST 2025] _ACME_SERVER_HOST='acme-v02.api.letsencrypt.org'
[Fri Feb  7 16:24:03 EST 2025] _ACME_SERVER_PATH='directory'
[Fri Feb  7 16:24:03 EST 2025] Skipping. Next renewal time is: 2025-02-27T03:47:56Z
[Fri Feb  7 16:24:03 EST 2025] Add '--force' to force renewal.
[Fri Feb  7 16:24:03 EST 2025] Return code: 2
[Fri Feb  7 16:24:03 EST 2025] Skipped go2uk.org_ecc
[Fri Feb  7 16:24:03 EST 2025] di='/root/.acme.sh/go2us.net/'
[Fri Feb  7 16:24:03 EST 2025] d='go2us.net'
[Fri Feb  7 16:24:03 EST 2025] _renewServer
[Fri Feb  7 16:24:03 EST 2025] Using config home: /root/.acme.sh
[Fri Feb  7 16:24:03 EST 2025] ACME_DIRECTORY='https://acme-v02.api.letsencrypt.org/directory'
[Fri Feb  7 16:24:03 EST 2025] _ACME_SERVER_HOST='acme-v02.api.letsencrypt.org'
[Fri Feb  7 16:24:03 EST 2025] _ACME_SERVER_PATH='directory'
[Fri Feb  7 16:24:03 EST 2025] DOMAIN_PATH='/root/.acme.sh/go2us.net'
[Fri Feb  7 16:24:03 EST 2025] Renewing: 'go2us.net'
[Fri Feb  7 16:24:03 EST 2025] Le_API='https://acme-v02.api.letsencrypt.org/directory'
[Fri Feb  7 16:24:03 EST 2025] Renewing using Le_API=https://acme-v02.api.letsencrypt.org/directory
[Fri Feb  7 16:24:03 EST 2025] initpath again.
[Fri Feb  7 16:24:03 EST 2025] Using config home: /root/.acme.sh
[Fri Feb  7 16:24:03 EST 2025] ACME_DIRECTORY='https://acme-v02.api.letsencrypt.org/directory'
[Fri Feb  7 16:24:03 EST 2025] _ACME_SERVER_HOST='acme-v02.api.letsencrypt.org'
[Fri Feb  7 16:24:03 EST 2025] _ACME_SERVER_PATH='directory'
[Fri Feb  7 16:24:03 EST 2025] Skipping. Next renewal time is: 2025-02-21T14:40:42Z
[Fri Feb  7 16:24:03 EST 2025] Add '--force' to force renewal.
[Fri Feb  7 16:24:03 EST 2025] Return code: 2
[Fri Feb  7 16:24:03 EST 2025] Skipped go2us.net
[Fri Feb  7 16:24:03 EST 2025] di='/root/.acme.sh/go2us.net_ecc/'
[Fri Feb  7 16:24:03 EST 2025] d='go2us.net_ecc'
[Fri Feb  7 16:24:03 EST 2025] _renewServer
[Fri Feb  7 16:24:03 EST 2025] Using config home: /root/.acme.sh
[Fri Feb  7 16:24:03 EST 2025] ACME_DIRECTORY='https://acme-v02.api.letsencrypt.org/directory'
[Fri Feb  7 16:24:03 EST 2025] _ACME_SERVER_HOST='acme-v02.api.letsencrypt.org'
[Fri Feb  7 16:24:03 EST 2025] _ACME_SERVER_PATH='directory'
[Fri Feb  7 16:24:03 EST 2025] DOMAIN_PATH='/root/.acme.sh/go2us.net_ecc'
[Fri Feb  7 16:24:03 EST 2025] Renewing: 'go2us.net'
[Fri Feb  7 16:24:03 EST 2025] Le_API='https://acme-v02.api.letsencrypt.org/directory'
[Fri Feb  7 16:24:03 EST 2025] Renewing using Le_API=https://acme-v02.api.letsencrypt.org/directory
[Fri Feb  7 16:24:03 EST 2025] initpath again.
[Fri Feb  7 16:24:03 EST 2025] Using config home: /root/.acme.sh
[Fri Feb  7 16:24:03 EST 2025] ACME_DIRECTORY='https://acme-v02.api.letsencrypt.org/directory'
[Fri Feb  7 16:24:03 EST 2025] _ACME_SERVER_HOST='acme-v02.api.letsencrypt.org'
[Fri Feb  7 16:24:03 EST 2025] _ACME_SERVER_PATH='directory'
[Fri Feb  7 16:24:03 EST 2025] Skipping. Next renewal time is: 2025-02-21T14:40:47Z
[Fri Feb  7 16:24:03 EST 2025] Add '--force' to force renewal.
[Fri Feb  7 16:24:03 EST 2025] Return code: 2
[Fri Feb  7 16:24:03 EST 2025] Skipped go2us.net_ecc
[Fri Feb  7 16:24:03 EST 2025] _error_level='3'
[Fri Feb  7 16:24:03 EST 2025] _set_level='2'
[Fri Feb  7 16:24:03 EST 2025] ===End cron===
