[Thu Feb  6 21:12:26 EST 2025] Let's find the script directory.
[Thu Feb  6 21:12:26 EST 2025] _SCRIPT_='/root/.acme.sh/acme.sh'
[Thu Feb  6 21:12:26 EST 2025] _script='/root/.acme.sh/acme.sh'
[Thu Feb  6 21:12:26 EST 2025] _script_home='/root/.acme.sh'
[Thu Feb  6 21:12:26 EST 2025] Using config home: /root/.acme.sh
[Thu Feb  6 21:12:26 EST 2025] LE_WORKING_DIR='/root/.acme.sh'
[Thu Feb  6 21:12:26 EST 2025] Running cmd: issue
[Thu Feb  6 21:12:26 EST 2025] _main_domain='go2uk.net'
[Thu Feb  6 21:12:26 EST 2025] _alt_domains='www.go2uk.net'
[Thu Feb  6 21:12:26 EST 2025] Using config home: /root/.acme.sh
[Thu Feb  6 21:12:26 EST 2025] default_acme_server='https://acme-v02.api.letsencrypt.org/directory'
[Thu Feb  6 21:12:26 EST 2025] ACME_DIRECTORY='https://acme-v02.api.letsencrypt.org/directory'
[Thu Feb  6 21:12:26 EST 2025] _ACME_SERVER_HOST='acme-v02.api.letsencrypt.org'
[Thu Feb  6 21:12:26 EST 2025] _ACME_SERVER_PATH='directory'
[Thu Feb  6 21:12:26 EST 2025] DOMAIN_PATH='/root/.acme.sh/go2uk.net'
[Thu Feb  6 21:12:26 EST 2025] '/home/nginx/domains/go2uk.net/public' does not contain 'dns'
[Thu Feb  6 21:12:26 EST 2025] Le_NextRenewTime
[Thu Feb  6 21:12:26 EST 2025] Using ACME_DIRECTORY: https://acme-v02.api.letsencrypt.org/directory
[Thu Feb  6 21:12:26 EST 2025] _init API for server: https://acme-v02.api.letsencrypt.org/directory
[Thu Feb  6 21:12:26 EST 2025] GET
[Thu Feb  6 21:12:26 EST 2025] url='https://acme-v02.api.letsencrypt.org/directory'
[Thu Feb  6 21:12:26 EST 2025] timeout=
[Thu Feb  6 21:12:26 EST 2025] _CURL='curl --silent --dump-header /root/.acme.sh/http.header  -L  -g '
[Thu Feb  6 21:12:26 EST 2025] ret='0'
[Thu Feb  6 21:12:26 EST 2025] response='{
  "KWUS7UfzM80": "https://community.letsencrypt.org/t/adding-random-entries-to-the-directory/33417",
  "keyChange": "https://acme-v02.api.letsencrypt.org/acme/key-change",
  "meta": {
    "caaIdentities": [
      "letsencrypt.org"
    ],
    "profiles": {
      "classic": "The same profile you're accustomed to"
    },
    "termsOfService": "https://letsencrypt.org/documents/LE-SA-v1.4-April-3-2024.pdf",
    "website": "https://letsencrypt.org"
  },
  "newAccount": "https://acme-v02.api.letsencrypt.org/acme/new-acct",
  "newNonce": "https://acme-v02.api.letsencrypt.org/acme/new-nonce",
  "newOrder": "https://acme-v02.api.letsencrypt.org/acme/new-order",
  "renewalInfo": "https://acme-v02.api.letsencrypt.org/draft-ietf-acme-ari-03/renewalInfo",
  "revokeCert": "https://acme-v02.api.letsencrypt.org/acme/revoke-cert"
}'
[Thu Feb  6 21:12:26 EST 2025] ACME_KEY_CHANGE='https://acme-v02.api.letsencrypt.org/acme/key-change'
[Thu Feb  6 21:12:26 EST 2025] ACME_NEW_AUTHZ
[Thu Feb  6 21:12:26 EST 2025] ACME_NEW_ORDER='https://acme-v02.api.letsencrypt.org/acme/new-order'
[Thu Feb  6 21:12:26 EST 2025] ACME_NEW_ACCOUNT='https://acme-v02.api.letsencrypt.org/acme/new-acct'
[Thu Feb  6 21:12:26 EST 2025] ACME_REVOKE_CERT='https://acme-v02.api.letsencrypt.org/acme/revoke-cert'
[Thu Feb  6 21:12:26 EST 2025] ACME_AGREEMENT='https://letsencrypt.org/documents/LE-SA-v1.4-April-3-2024.pdf'
[Thu Feb  6 21:12:26 EST 2025] ACME_NEW_NONCE='https://acme-v02.api.letsencrypt.org/acme/new-nonce'
[Thu Feb  6 21:12:26 EST 2025] Using CA: https://acme-v02.api.letsencrypt.org/directory
[Thu Feb  6 21:12:26 EST 2025] _on_before_issue
[Thu Feb  6 21:12:26 EST 2025] _chk_main_domain='go2uk.net'
[Thu Feb  6 21:12:26 EST 2025] _chk_alt_domains='www.go2uk.net'
[Thu Feb  6 21:12:26 EST 2025] Runing pre hook:'/usr/local/src/centminmod/tools/pre-acme-hooks.sh all-check go2uk.net'
[Thu Feb  6 21:12:26 EST 2025] '/home/nginx/domains/go2uk.net/public' does not contain 'no'
[Thu Feb  6 21:12:26 EST 2025] Le_LocalAddress
[Thu Feb  6 21:12:26 EST 2025] d='go2uk.net'
[Thu Feb  6 21:12:26 EST 2025] Checking for domain='go2uk.net'
[Thu Feb  6 21:12:26 EST 2025] _currentRoot='/home/nginx/domains/go2uk.net/public'
[Thu Feb  6 21:12:26 EST 2025] d='www.go2uk.net'
[Thu Feb  6 21:12:26 EST 2025] Checking for domain='www.go2uk.net'
[Thu Feb  6 21:12:26 EST 2025] _currentRoot='/home/nginx/domains/go2uk.net/public'
[Thu Feb  6 21:12:27 EST 2025] d
[Thu Feb  6 21:12:27 EST 2025] '/home/nginx/domains/go2uk.net/public' does not contain 'apache'
[Thu Feb  6 21:12:27 EST 2025] _saved_account_key_hash='j2GVG3c1aUw8MmCv4tOjDU2A1gz/uK7put3Lkp/b33U='
[Thu Feb  6 21:12:27 EST 2025] _saved_account_key_hash was not changed, skipping account registration.
[Thu Feb  6 21:12:27 EST 2025] Read key length: 2048
[Thu Feb  6 21:12:27 EST 2025] _createcsr
[Thu Feb  6 21:12:27 EST 2025] domain='go2uk.net'
[Thu Feb  6 21:12:27 EST 2025] domainlist='www.go2uk.net'
[Thu Feb  6 21:12:27 EST 2025] csrkey='/root/.acme.sh/go2uk.net/go2uk.net.key'
[Thu Feb  6 21:12:27 EST 2025] csr='/root/.acme.sh/go2uk.net/go2uk.net.csr'
[Thu Feb  6 21:12:27 EST 2025] csrconf='/root/.acme.sh/go2uk.net/go2uk.net.csr.conf'
[Thu Feb  6 21:12:27 EST 2025] _is_idn_d='www.go2uk.net'
[Thu Feb  6 21:12:27 EST 2025] _idn_temp
[Thu Feb  6 21:12:27 EST 2025] domainlist='www.go2uk.net'
[Thu Feb  6 21:12:27 EST 2025] seg='go2uk'
[Thu Feb  6 21:12:27 EST 2025] _is_idn_d='go2uk.net'
[Thu Feb  6 21:12:27 EST 2025] _idn_temp
[Thu Feb  6 21:12:27 EST 2025] seg='www'
[Thu Feb  6 21:12:27 EST 2025] Multi domain='DNS:go2uk.net,DNS:www.go2uk.net'
[Thu Feb  6 21:12:27 EST 2025] _is_idn_d='go2uk.net'
[Thu Feb  6 21:12:27 EST 2025] _idn_temp
[Thu Feb  6 21:12:27 EST 2025] _csr_cn='go2uk.net'
[Thu Feb  6 21:12:27 EST 2025] seg='go2uk'
[Thu Feb  6 21:12:27 EST 2025] Getting domain auth token for each domain
[Thu Feb  6 21:12:27 EST 2025] seg='go2uk'
[Thu Feb  6 21:12:27 EST 2025] _is_idn_d='go2uk.net'
[Thu Feb  6 21:12:27 EST 2025] _idn_temp
[Thu Feb  6 21:12:27 EST 2025] d='www.go2uk.net'
[Thu Feb  6 21:12:27 EST 2025] seg='www'
[Thu Feb  6 21:12:27 EST 2025] _is_idn_d='www.go2uk.net'
[Thu Feb  6 21:12:27 EST 2025] _idn_temp
[Thu Feb  6 21:12:27 EST 2025] d
[Thu Feb  6 21:12:27 EST 2025] _identifiers='{"type":"dns","value":"go2uk.net"},{"type":"dns","value":"www.go2uk.net"}'
[Thu Feb  6 21:12:27 EST 2025] _notBefore
[Thu Feb  6 21:12:27 EST 2025] _notAfter
[Thu Feb  6 21:12:27 EST 2025] STEP 1, Ordering a Certificate
[Thu Feb  6 21:12:27 EST 2025] =======Sending Signed Request=======
[Thu Feb  6 21:12:27 EST 2025] url='https://acme-v02.api.letsencrypt.org/acme/new-order'
[Thu Feb  6 21:12:27 EST 2025] payload='{"identifiers": [{"type":"dns","value":"go2uk.net"},{"type":"dns","value":"www.go2uk.net"}]}'
[Thu Feb  6 21:12:27 EST 2025] EC key
[Thu Feb  6 21:12:27 EST 2025] _URGLY_PRINTF
[Thu Feb  6 21:12:27 EST 2025] xargs
[Thu Feb  6 21:12:27 EST 2025] _URGLY_PRINTF
[Thu Feb  6 21:12:27 EST 2025] xargs
[Thu Feb  6 21:12:27 EST 2025] Get nonce with HEAD. ACME_NEW_NONCE='https://acme-v02.api.letsencrypt.org/acme/new-nonce'
[Thu Feb  6 21:12:27 EST 2025] HEAD
[Thu Feb  6 21:12:27 EST 2025] _post_url='https://acme-v02.api.letsencrypt.org/acme/new-nonce'
[Thu Feb  6 21:12:27 EST 2025] body
[Thu Feb  6 21:12:27 EST 2025] _postContentType='application/jose+json'
[Thu Feb  6 21:12:27 EST 2025] _CURL='curl --silent --dump-header /root/.acme.sh/http.header  -L  -g  -I  '
[Thu Feb  6 21:12:27 EST 2025] _ret='0'
[Thu Feb  6 21:12:27 EST 2025] _headers='HTTP/2 200 
server: nginx
date: Fri, 07 Feb 2025 02:13:26 GMT
cache-control: public, max-age=0, no-cache
link: <https://acme-v02.api.letsencrypt.org/directory>;rel="index"
replay-nonce: A-S0uJjSyHLLqHG1zp6D1Rw6FXsbcMxrldIkWZSr1TrXHwb1ctQ
x-frame-options: DENY
strict-transport-security: max-age=604800
'
[Thu Feb  6 21:12:27 EST 2025] nonce='A-S0uJjSyHLLqHG1zp6D1Rw6FXsbcMxrldIkWZSr1TrXHwb1ctQ'
[Thu Feb  6 21:12:27 EST 2025] _URGLY_PRINTF
[Thu Feb  6 21:12:27 EST 2025] xargs
[Thu Feb  6 21:12:27 EST 2025] POST
[Thu Feb  6 21:12:27 EST 2025] _post_url='https://acme-v02.api.letsencrypt.org/acme/new-order'
[Thu Feb  6 21:12:27 EST 2025] body='{"protected": "eyJub25jZSI6ICJBLVMwdUpqU3lITExxSEcxenA2RDFSdzZGWHNiY014cmxkSWtXWlNyMVRyWEh3YjFjdFEiLCAidXJsIjogImh0dHBzOi8vYWNtZS12MDIuYXBpLmxldHNlbmNyeXB0Lm9yZy9hY21lL25ldy1vcmRlciIsICJhbGciOiAiRVMyNTYiLCAia2lkIjogImh0dHBzOi8vYWNtZS12MDIuYXBpLmxldHNlbmNyeXB0Lm9yZy9hY21lL2FjY3QvMjEzMTY3NTQ3NSJ9", "payload": "eyJpZGVudGlmaWVycyI6IFt7InR5cGUiOiJkbnMiLCJ2YWx1ZSI6ImdvMnVrLm5ldCJ9LHsidHlwZSI6ImRucyIsInZhbHVlIjoid3d3LmdvMnVrLm5ldCJ9XX0", "signature": "Sg-mBKblmD4pd1MJoZKqfGmWZkJbS9bUz--m20ct2C0r4SBF-Z-BIcZ2NARQKMzeAK3yoqnJ8zpbnEuzz0QQXA"}'
[Thu Feb  6 21:12:27 EST 2025] _postContentType='application/jose+json'
[Thu Feb  6 21:12:27 EST 2025] Http already initialized.
[Thu Feb  6 21:12:27 EST 2025] _CURL='curl --silent --dump-header /root/.acme.sh/http.header  -L  -g '
[Thu Feb  6 21:12:28 EST 2025] _ret='0'
[Thu Feb  6 21:12:28 EST 2025] responseHeaders='HTTP/2 201 
server: nginx
date: Fri, 07 Feb 2025 02:13:26 GMT
content-type: application/json
content-length: 487
boulder-requester: 2131675475
cache-control: public, max-age=0, no-cache
link: <https://acme-v02.api.letsencrypt.org/directory>;rel="index"
location: https://acme-v02.api.letsencrypt.org/acme/order/2131675475/351929559735
replay-nonce: 4v_-BYbetHRb_RecELPp-iqMRV3u9ttAwOYz1HAmUBVU8UpcrlA
x-frame-options: DENY
strict-transport-security: max-age=604800
'
[Thu Feb  6 21:12:28 EST 2025] code='201'
[Thu Feb  6 21:12:28 EST 2025] original='{
  "status": "pending",
  "expires": "2025-02-14T02:13:26Z",
  "identifiers": [
    {
      "type": "dns",
      "value": "go2uk.net"
    },
    {
      "type": "dns",
      "value": "www.go2uk.net"
    }
  ],
  "authorizations": [
    "https://acme-v02.api.letsencrypt.org/acme/authz/2131675475/472174043615",
    "https://acme-v02.api.letsencrypt.org/acme/authz/2131675475/472174043625"
  ],
  "finalize": "https://acme-v02.api.letsencrypt.org/acme/finalize/2131675475/351929559735"
}'
[Thu Feb  6 21:12:28 EST 2025] response='{"status":"pending","expires":"2025-02-14T02:13:26Z","identifiers":[{"type":"dns","value":"go2uk.net"},{"type":"dns","value":"www.go2uk.net"}],"authorizations":["https://acme-v02.api.letsencrypt.org/acme/authz/2131675475/472174043615","https://acme-v02.api.letsencrypt.org/acme/authz/2131675475/472174043625"],"finalize":"https://acme-v02.api.letsencrypt.org/acme/finalize/2131675475/351929559735"}'
[Thu Feb  6 21:12:28 EST 2025] Le_LinkOrder='https://acme-v02.api.letsencrypt.org/acme/order/2131675475/351929559735'
[Thu Feb  6 21:12:28 EST 2025] Le_OrderFinalize='https://acme-v02.api.letsencrypt.org/acme/finalize/2131675475/351929559735'
[Thu Feb  6 21:12:28 EST 2025] _authorizations_seg='https://acme-v02.api.letsencrypt.org/acme/authz/2131675475/472174043615,https://acme-v02.api.letsencrypt.org/acme/authz/2131675475/472174043625'
[Thu Feb  6 21:12:28 EST 2025] STEP 2, Get the authorizations of each domain
[Thu Feb  6 21:12:28 EST 2025] _authz_url='https://acme-v02.api.letsencrypt.org/acme/authz/2131675475/472174043615'
[Thu Feb  6 21:12:28 EST 2025] =======Sending Signed Request=======
[Thu Feb  6 21:12:28 EST 2025] url='https://acme-v02.api.letsencrypt.org/acme/authz/2131675475/472174043615'
[Thu Feb  6 21:12:28 EST 2025] payload
[Thu Feb  6 21:12:28 EST 2025] Use cached jwk for file: /root/.acme.sh/ca/acme-v02.api.letsencrypt.org/directory/account.key
[Thu Feb  6 21:12:28 EST 2025] Use _CACHED_NONCE='4v_-BYbetHRb_RecELPp-iqMRV3u9ttAwOYz1HAmUBVU8UpcrlA'
[Thu Feb  6 21:12:28 EST 2025] nonce='4v_-BYbetHRb_RecELPp-iqMRV3u9ttAwOYz1HAmUBVU8UpcrlA'
[Thu Feb  6 21:12:28 EST 2025] _URGLY_PRINTF
[Thu Feb  6 21:12:28 EST 2025] xargs
[Thu Feb  6 21:12:28 EST 2025] POST
[Thu Feb  6 21:12:28 EST 2025] _post_url='https://acme-v02.api.letsencrypt.org/acme/authz/2131675475/472174043615'
[Thu Feb  6 21:12:28 EST 2025] body='{"protected": "eyJub25jZSI6ICI0dl8tQlliZXRIUmJfUmVjRUxQcC1pcU1SVjN1OXR0QXdPWXoxSEFtVUJWVThVcGNybEEiLCAidXJsIjogImh0dHBzOi8vYWNtZS12MDIuYXBpLmxldHNlbmNyeXB0Lm9yZy9hY21lL2F1dGh6LzIxMzE2NzU0NzUvNDcyMTc0MDQzNjE1IiwgImFsZyI6ICJFUzI1NiIsICJraWQiOiAiaHR0cHM6Ly9hY21lLXYwMi5hcGkubGV0c2VuY3J5cHQub3JnL2FjbWUvYWNjdC8yMTMxNjc1NDc1In0", "payload": "", "signature": "RjKhX2JP0tDkynYC3HrTGdbK38S8M1easgTSzdxOO1x9WFV1cushrXbsWOfxzjTLEbsQLgPqSO0ukR9pwGAVXA"}'
[Thu Feb  6 21:12:28 EST 2025] _postContentType='application/jose+json'
[Thu Feb  6 21:12:28 EST 2025] Http already initialized.
[Thu Feb  6 21:12:28 EST 2025] _CURL='curl --silent --dump-header /root/.acme.sh/http.header  -L  -g '
[Thu Feb  6 21:12:28 EST 2025] _ret='0'
[Thu Feb  6 21:12:28 EST 2025] responseHeaders='HTTP/2 200 
server: nginx
date: Fri, 07 Feb 2025 02:13:27 GMT
content-type: application/json
content-length: 817
boulder-requester: 2131675475
cache-control: public, max-age=0, no-cache
link: <https://acme-v02.api.letsencrypt.org/directory>;rel="index"
replay-nonce: 4v_-BYbeaY2ZEI_yLQoXv5jCcINuWC3Vx4WeI2l1vM3uxmIXAkw
x-frame-options: DENY
strict-transport-security: max-age=604800
'
[Thu Feb  6 21:12:28 EST 2025] code='200'
[Thu Feb  6 21:12:28 EST 2025] original='{
  "identifier": {
    "type": "dns",
    "value": "go2uk.net"
  },
  "status": "pending",
  "expires": "2025-02-14T02:13:26Z",
  "challenges": [
    {
      "type": "http-01",
      "url": "https://acme-v02.api.letsencrypt.org/acme/chall/2131675475/472174043615/XVRs5Q",
      "status": "pending",
      "token": "YrBHN-ZSTNx7CGS-ajP-Y239Cx8_bsJfRyC8K6KDJtI"
    },
    {
      "type": "tls-alpn-01",
      "url": "https://acme-v02.api.letsencrypt.org/acme/chall/2131675475/472174043615/W-rBlg",
      "status": "pending",
      "token": "YrBHN-ZSTNx7CGS-ajP-Y239Cx8_bsJfRyC8K6KDJtI"
    },
    {
      "type": "dns-01",
      "url": "https://acme-v02.api.letsencrypt.org/acme/chall/2131675475/472174043615/ITo9cg",
      "status": "pending",
      "token": "YrBHN-ZSTNx7CGS-ajP-Y239Cx8_bsJfRyC8K6KDJtI"
    }
  ]
}'
[Thu Feb  6 21:12:28 EST 2025] response='{"identifier":{"type":"dns","value":"go2uk.net"},"status":"pending","expires":"2025-02-14T02:13:26Z","challenges":[{"type":"http-01","url":"https://acme-v02.api.letsencrypt.org/acme/chall/2131675475/472174043615/XVRs5Q","status":"pending","token":"YrBHN-ZSTNx7CGS-ajP-Y239Cx8_bsJfRyC8K6KDJtI"},{"type":"tls-alpn-01","url":"https://acme-v02.api.letsencrypt.org/acme/chall/2131675475/472174043615/W-rBlg","status":"pending","token":"YrBHN-ZSTNx7CGS-ajP-Y239Cx8_bsJfRyC8K6KDJtI"},{"type":"dns-01","url":"https://acme-v02.api.letsencrypt.org/acme/chall/2131675475/472174043615/ITo9cg","status":"pending","token":"YrBHN-ZSTNx7CGS-ajP-Y239Cx8_bsJfRyC8K6KDJtI"}]}'
[Thu Feb  6 21:12:28 EST 2025] response='{"identifier":{"type":"dns","value":"go2uk.net"},"status":"pending","expires":"2025-02-14T02:13:26Z","challenges":[{"type":"http-01","url":"https://acme-v02.api.letsencrypt.org/acme/chall/2131675475/472174043615/XVRs5Q","status":"pending","token":"YrBHN-ZSTNx7CGS-ajP-Y239Cx8_bsJfRyC8K6KDJtI"},{"type":"tls-alpn-01","url":"https://acme-v02.api.letsencrypt.org/acme/chall/2131675475/472174043615/W-rBlg","status":"pending","token":"YrBHN-ZSTNx7CGS-ajP-Y239Cx8_bsJfRyC8K6KDJtI"},{"type":"dns-01","url":"https://acme-v02.api.letsencrypt.org/acme/chall/2131675475/472174043615/ITo9cg","status":"pending","token":"YrBHN-ZSTNx7CGS-ajP-Y239Cx8_bsJfRyC8K6KDJtI"}]}'
[Thu Feb  6 21:12:28 EST 2025] _d='go2uk.net'
[Thu Feb  6 21:12:28 EST 2025] _authz_url='https://acme-v02.api.letsencrypt.org/acme/authz/2131675475/472174043625'
[Thu Feb  6 21:12:28 EST 2025] =======Sending Signed Request=======
[Thu Feb  6 21:12:28 EST 2025] url='https://acme-v02.api.letsencrypt.org/acme/authz/2131675475/472174043625'
[Thu Feb  6 21:12:28 EST 2025] payload
[Thu Feb  6 21:12:28 EST 2025] Use cached jwk for file: /root/.acme.sh/ca/acme-v02.api.letsencrypt.org/directory/account.key
[Thu Feb  6 21:12:28 EST 2025] Use _CACHED_NONCE='4v_-BYbeaY2ZEI_yLQoXv5jCcINuWC3Vx4WeI2l1vM3uxmIXAkw'
[Thu Feb  6 21:12:28 EST 2025] nonce='4v_-BYbeaY2ZEI_yLQoXv5jCcINuWC3Vx4WeI2l1vM3uxmIXAkw'
[Thu Feb  6 21:12:28 EST 2025] _URGLY_PRINTF
[Thu Feb  6 21:12:28 EST 2025] xargs
[Thu Feb  6 21:12:28 EST 2025] POST
[Thu Feb  6 21:12:28 EST 2025] _post_url='https://acme-v02.api.letsencrypt.org/acme/authz/2131675475/472174043625'
[Thu Feb  6 21:12:28 EST 2025] body='{"protected": "eyJub25jZSI6ICI0dl8tQlliZWFZMlpFSV95TFFvWHY1akNjSU51V0MzVng0V2VJMmwxdk0zdXhtSVhBa3ciLCAidXJsIjogImh0dHBzOi8vYWNtZS12MDIuYXBpLmxldHNlbmNyeXB0Lm9yZy9hY21lL2F1dGh6LzIxMzE2NzU0NzUvNDcyMTc0MDQzNjI1IiwgImFsZyI6ICJFUzI1NiIsICJraWQiOiAiaHR0cHM6Ly9hY21lLXYwMi5hcGkubGV0c2VuY3J5cHQub3JnL2FjbWUvYWNjdC8yMTMxNjc1NDc1In0", "payload": "", "signature": "XNKqkemC1Eeo80P4rAesHGBa5hgjJynZ3BtbarqmixENhne3SYH9XpWHxLL5PkxEotg9tFKID1pnPfTU2e2i5w"}'
[Thu Feb  6 21:12:28 EST 2025] _postContentType='application/jose+json'
[Thu Feb  6 21:12:28 EST 2025] Http already initialized.
[Thu Feb  6 21:12:28 EST 2025] _CURL='curl --silent --dump-header /root/.acme.sh/http.header  -L  -g '
[Thu Feb  6 21:12:28 EST 2025] _ret='0'
[Thu Feb  6 21:12:28 EST 2025] responseHeaders='HTTP/2 200 
server: nginx
date: Fri, 07 Feb 2025 02:13:27 GMT
content-type: application/json
content-length: 821
boulder-requester: 2131675475
cache-control: public, max-age=0, no-cache
link: <https://acme-v02.api.letsencrypt.org/directory>;rel="index"
replay-nonce: A-S0uJjSBZ_e6-VkAxncHQoUjbUxzj5E36a29UOZh8rXL5-VK5A
x-frame-options: DENY
strict-transport-security: max-age=604800
'
[Thu Feb  6 21:12:28 EST 2025] code='200'
[Thu Feb  6 21:12:29 EST 2025] original='{
  "identifier": {
    "type": "dns",
    "value": "www.go2uk.net"
  },
  "status": "pending",
  "expires": "2025-02-14T02:13:26Z",
  "challenges": [
    {
      "type": "dns-01",
      "url": "https://acme-v02.api.letsencrypt.org/acme/chall/2131675475/472174043625/xJY7qw",
      "status": "pending",
      "token": "NXL3F43cUhaHal3BU0qFr_SlyKdPAWmTrolHkkHymog"
    },
    {
      "type": "tls-alpn-01",
      "url": "https://acme-v02.api.letsencrypt.org/acme/chall/2131675475/472174043625/ZvXO-A",
      "status": "pending",
      "token": "NXL3F43cUhaHal3BU0qFr_SlyKdPAWmTrolHkkHymog"
    },
    {
      "type": "http-01",
      "url": "https://acme-v02.api.letsencrypt.org/acme/chall/2131675475/472174043625/FR6x9w",
      "status": "pending",
      "token": "NXL3F43cUhaHal3BU0qFr_SlyKdPAWmTrolHkkHymog"
    }
  ]
}'
[Thu Feb  6 21:12:29 EST 2025] response='{"identifier":{"type":"dns","value":"www.go2uk.net"},"status":"pending","expires":"2025-02-14T02:13:26Z","challenges":[{"type":"dns-01","url":"https://acme-v02.api.letsencrypt.org/acme/chall/2131675475/472174043625/xJY7qw","status":"pending","token":"NXL3F43cUhaHal3BU0qFr_SlyKdPAWmTrolHkkHymog"},{"type":"tls-alpn-01","url":"https://acme-v02.api.letsencrypt.org/acme/chall/2131675475/472174043625/ZvXO-A","status":"pending","token":"NXL3F43cUhaHal3BU0qFr_SlyKdPAWmTrolHkkHymog"},{"type":"http-01","url":"https://acme-v02.api.letsencrypt.org/acme/chall/2131675475/472174043625/FR6x9w","status":"pending","token":"NXL3F43cUhaHal3BU0qFr_SlyKdPAWmTrolHkkHymog"}]}'
[Thu Feb  6 21:12:29 EST 2025] response='{"identifier":{"type":"dns","value":"www.go2uk.net"},"status":"pending","expires":"2025-02-14T02:13:26Z","challenges":[{"type":"dns-01","url":"https://acme-v02.api.letsencrypt.org/acme/chall/2131675475/472174043625/xJY7qw","status":"pending","token":"NXL3F43cUhaHal3BU0qFr_SlyKdPAWmTrolHkkHymog"},{"type":"tls-alpn-01","url":"https://acme-v02.api.letsencrypt.org/acme/chall/2131675475/472174043625/ZvXO-A","status":"pending","token":"NXL3F43cUhaHal3BU0qFr_SlyKdPAWmTrolHkkHymog"},{"type":"http-01","url":"https://acme-v02.api.letsencrypt.org/acme/chall/2131675475/472174043625/FR6x9w","status":"pending","token":"NXL3F43cUhaHal3BU0qFr_SlyKdPAWmTrolHkkHymog"}]}'
[Thu Feb  6 21:12:29 EST 2025] _d='www.go2uk.net'
[Thu Feb  6 21:12:29 EST 2025] _authorizations_map='www.go2uk.net,{"identifier":{"type":"dns","value":"www.go2uk.net"},"status":"pending","expires":"2025-02-14T02:13:26Z","challenges":[{"type":"dns-01","url":"https://acme-v02.api.letsencrypt.org/acme/chall/2131675475/472174043625/xJY7qw","status":"pending","token":"NXL3F43cUhaHal3BU0qFr_SlyKdPAWmTrolHkkHymog"},{"type":"tls-alpn-01","url":"https://acme-v02.api.letsencrypt.org/acme/chall/2131675475/472174043625/ZvXO-A","status":"pending","token":"NXL3F43cUhaHal3BU0qFr_SlyKdPAWmTrolHkkHymog"},{"type":"http-01","url":"https://acme-v02.api.letsencrypt.org/acme/chall/2131675475/472174043625/FR6x9w","status":"pending","token":"NXL3F43cUhaHal3BU0qFr_SlyKdPAWmTrolHkkHymog"}]}#https://acme-v02.api.letsencrypt.org/acme/authz/2131675475/472174043625
go2uk.net,{"identifier":{"type":"dns","value":"go2uk.net"},"status":"pending","expires":"2025-02-14T02:13:26Z","challenges":[{"type":"http-01","url":"https://acme-v02.api.letsencrypt.org/acme/chall/2131675475/472174043615/XVRs5Q","status":"pending","token":"YrBHN-ZSTNx7CGS-ajP-Y239Cx8_bsJfRyC8K6KDJtI"},{"type":"tls-alpn-01","url":"https://acme-v02.api.letsencrypt.org/acme/chall/2131675475/472174043615/W-rBlg","status":"pending","token":"YrBHN-ZSTNx7CGS-ajP-Y239Cx8_bsJfRyC8K6KDJtI"},{"type":"dns-01","url":"https://acme-v02.api.letsencrypt.org/acme/chall/2131675475/472174043615/ITo9cg","status":"pending","token":"YrBHN-ZSTNx7CGS-ajP-Y239Cx8_bsJfRyC8K6KDJtI"}]}#https://acme-v02.api.letsencrypt.org/acme/authz/2131675475/472174043615
'
[Thu Feb  6 21:12:29 EST 2025] d='go2uk.net'
[Thu Feb  6 21:12:29 EST 2025] Getting webroot for domain='go2uk.net'
[Thu Feb  6 21:12:29 EST 2025] _w='/home/nginx/domains/go2uk.net/public'
[Thu Feb  6 21:12:29 EST 2025] _currentRoot='/home/nginx/domains/go2uk.net/public'
[Thu Feb  6 21:12:29 EST 2025] _is_idn_d='go2uk.net'
[Thu Feb  6 21:12:29 EST 2025] _idn_temp
[Thu Feb  6 21:12:29 EST 2025] _candidates='go2uk.net,{"identifier":{"type":"dns","value":"go2uk.net"},"status":"pending","expires":"2025-02-14T02:13:26Z","challenges":[{"type":"http-01","url":"https://acme-v02.api.letsencrypt.org/acme/chall/2131675475/472174043615/XVRs5Q","status":"pending","token":"YrBHN-ZSTNx7CGS-ajP-Y239Cx8_bsJfRyC8K6KDJtI"},{"type":"tls-alpn-01","url":"https://acme-v02.api.letsencrypt.org/acme/chall/2131675475/472174043615/W-rBlg","status":"pending","token":"YrBHN-ZSTNx7CGS-ajP-Y239Cx8_bsJfRyC8K6KDJtI"},{"type":"dns-01","url":"https://acme-v02.api.letsencrypt.org/acme/chall/2131675475/472174043615/ITo9cg","status":"pending","token":"YrBHN-ZSTNx7CGS-ajP-Y239Cx8_bsJfRyC8K6KDJtI"}]}#https://acme-v02.api.letsencrypt.org/acme/authz/2131675475/472174043615'
[Thu Feb  6 21:12:29 EST 2025] response='{"identifier":{"type":"dns","value":"go2uk.net"},"status":"pending","expires":"2025-02-14T02:13:26Z","challenges":[{"type":"http-01","url":"https://acme-v02.api.letsencrypt.org/acme/chall/2131675475/472174043615/XVRs5Q","status":"pending","token":"YrBHN-ZSTNx7CGS-ajP-Y239Cx8_bsJfRyC8K6KDJtI"},{"type":"tls-alpn-01","url":"https://acme-v02.api.letsencrypt.org/acme/chall/2131675475/472174043615/W-rBlg","status":"pending","token":"YrBHN-ZSTNx7CGS-ajP-Y239Cx8_bsJfRyC8K6KDJtI"},{"type":"dns-01","url":"https://acme-v02.api.letsencrypt.org/acme/chall/2131675475/472174043615/ITo9cg","status":"pending","token":"YrBHN-ZSTNx7CGS-ajP-Y239Cx8_bsJfRyC8K6KDJtI"}]}#https://acme-v02.api.letsencrypt.org/acme/authz/2131675475/472174043615'
[Thu Feb  6 21:12:29 EST 2025] _authz_url='https://acme-v02.api.letsencrypt.org/acme/authz/2131675475/472174043615'
[Thu Feb  6 21:12:29 EST 2025] entry='"type":"http-01","url":"https://acme-v02.api.letsencrypt.org/acme/chall/2131675475/472174043615/XVRs5Q","status":"pending","token":"YrBHN-ZSTNx7CGS-ajP-Y239Cx8_bsJfRyC8K6KDJtI"'
[Thu Feb  6 21:12:29 EST 2025] token='YrBHN-ZSTNx7CGS-ajP-Y239Cx8_bsJfRyC8K6KDJtI'
[Thu Feb  6 21:12:29 EST 2025] uri='https://acme-v02.api.letsencrypt.org/acme/chall/2131675475/472174043615/XVRs5Q'
[Thu Feb  6 21:12:29 EST 2025] keyauthorization='YrBHN-ZSTNx7CGS-ajP-Y239Cx8_bsJfRyC8K6KDJtI.FQKA3D4I-bkis0mONPApGAQuW-dswTlHpijAmtXu6z0'
[Thu Feb  6 21:12:29 EST 2025] dvlist='go2uk.net#YrBHN-ZSTNx7CGS-ajP-Y239Cx8_bsJfRyC8K6KDJtI.FQKA3D4I-bkis0mONPApGAQuW-dswTlHpijAmtXu6z0#https://acme-v02.api.letsencrypt.org/acme/chall/2131675475/472174043615/XVRs5Q#http-01#/home/nginx/domains/go2uk.net/public#https://acme-v02.api.letsencrypt.org/acme/authz/2131675475/472174043615'
[Thu Feb  6 21:12:29 EST 2025] d='www.go2uk.net'
[Thu Feb  6 21:12:29 EST 2025] Getting webroot for domain='www.go2uk.net'
[Thu Feb  6 21:12:29 EST 2025] _w='/home/nginx/domains/go2uk.net/public'
[Thu Feb  6 21:12:29 EST 2025] _currentRoot='/home/nginx/domains/go2uk.net/public'
[Thu Feb  6 21:12:29 EST 2025] _is_idn_d='www.go2uk.net'
[Thu Feb  6 21:12:29 EST 2025] _idn_temp
[Thu Feb  6 21:12:29 EST 2025] _candidates='www.go2uk.net,{"identifier":{"type":"dns","value":"www.go2uk.net"},"status":"pending","expires":"2025-02-14T02:13:26Z","challenges":[{"type":"dns-01","url":"https://acme-v02.api.letsencrypt.org/acme/chall/2131675475/472174043625/xJY7qw","status":"pending","token":"NXL3F43cUhaHal3BU0qFr_SlyKdPAWmTrolHkkHymog"},{"type":"tls-alpn-01","url":"https://acme-v02.api.letsencrypt.org/acme/chall/2131675475/472174043625/ZvXO-A","status":"pending","token":"NXL3F43cUhaHal3BU0qFr_SlyKdPAWmTrolHkkHymog"},{"type":"http-01","url":"https://acme-v02.api.letsencrypt.org/acme/chall/2131675475/472174043625/FR6x9w","status":"pending","token":"NXL3F43cUhaHal3BU0qFr_SlyKdPAWmTrolHkkHymog"}]}#https://acme-v02.api.letsencrypt.org/acme/authz/2131675475/472174043625'
[Thu Feb  6 21:12:29 EST 2025] response='{"identifier":{"type":"dns","value":"www.go2uk.net"},"status":"pending","expires":"2025-02-14T02:13:26Z","challenges":[{"type":"dns-01","url":"https://acme-v02.api.letsencrypt.org/acme/chall/2131675475/472174043625/xJY7qw","status":"pending","token":"NXL3F43cUhaHal3BU0qFr_SlyKdPAWmTrolHkkHymog"},{"type":"tls-alpn-01","url":"https://acme-v02.api.letsencrypt.org/acme/chall/2131675475/472174043625/ZvXO-A","status":"pending","token":"NXL3F43cUhaHal3BU0qFr_SlyKdPAWmTrolHkkHymog"},{"type":"http-01","url":"https://acme-v02.api.letsencrypt.org/acme/chall/2131675475/472174043625/FR6x9w","status":"pending","token":"NXL3F43cUhaHal3BU0qFr_SlyKdPAWmTrolHkkHymog"}]}#https://acme-v02.api.letsencrypt.org/acme/authz/2131675475/472174043625'
[Thu Feb  6 21:12:29 EST 2025] _authz_url='https://acme-v02.api.letsencrypt.org/acme/authz/2131675475/472174043625'
[Thu Feb  6 21:12:29 EST 2025] entry='"type":"http-01","url":"https://acme-v02.api.letsencrypt.org/acme/chall/2131675475/472174043625/FR6x9w","status":"pending","token":"NXL3F43cUhaHal3BU0qFr_SlyKdPAWmTrolHkkHymog"'
[Thu Feb  6 21:12:29 EST 2025] token='NXL3F43cUhaHal3BU0qFr_SlyKdPAWmTrolHkkHymog'
[Thu Feb  6 21:12:29 EST 2025] uri='https://acme-v02.api.letsencrypt.org/acme/chall/2131675475/472174043625/FR6x9w'
[Thu Feb  6 21:12:29 EST 2025] keyauthorization='NXL3F43cUhaHal3BU0qFr_SlyKdPAWmTrolHkkHymog.FQKA3D4I-bkis0mONPApGAQuW-dswTlHpijAmtXu6z0'
[Thu Feb  6 21:12:29 EST 2025] dvlist='www.go2uk.net#NXL3F43cUhaHal3BU0qFr_SlyKdPAWmTrolHkkHymog.FQKA3D4I-bkis0mONPApGAQuW-dswTlHpijAmtXu6z0#https://acme-v02.api.letsencrypt.org/acme/chall/2131675475/472174043625/FR6x9w#http-01#/home/nginx/domains/go2uk.net/public#https://acme-v02.api.letsencrypt.org/acme/authz/2131675475/472174043625'
[Thu Feb  6 21:12:29 EST 2025] d
[Thu Feb  6 21:12:29 EST 2025] vlist='go2uk.net#YrBHN-ZSTNx7CGS-ajP-Y239Cx8_bsJfRyC8K6KDJtI.FQKA3D4I-bkis0mONPApGAQuW-dswTlHpijAmtXu6z0#https://acme-v02.api.letsencrypt.org/acme/chall/2131675475/472174043615/XVRs5Q#http-01#/home/nginx/domains/go2uk.net/public#https://acme-v02.api.letsencrypt.org/acme/authz/2131675475/472174043615,www.go2uk.net#NXL3F43cUhaHal3BU0qFr_SlyKdPAWmTrolHkkHymog.FQKA3D4I-bkis0mONPApGAQuW-dswTlHpijAmtXu6z0#https://acme-v02.api.letsencrypt.org/acme/chall/2131675475/472174043625/FR6x9w#http-01#/home/nginx/domains/go2uk.net/public#https://acme-v02.api.letsencrypt.org/acme/authz/2131675475/472174043625,'
[Thu Feb  6 21:12:29 EST 2025] d='go2uk.net'
[Thu Feb  6 21:12:29 EST 2025] d='www.go2uk.net'
[Thu Feb  6 21:12:29 EST 2025] OK, let's start verification
[Thu Feb  6 21:12:29 EST 2025] Verifying: go2uk.net
[Thu Feb  6 21:12:29 EST 2025] d='go2uk.net'
[Thu Feb  6 21:12:29 EST 2025] keyauthorization='YrBHN-ZSTNx7CGS-ajP-Y239Cx8_bsJfRyC8K6KDJtI.FQKA3D4I-bkis0mONPApGAQuW-dswTlHpijAmtXu6z0'
[Thu Feb  6 21:12:29 EST 2025] uri='https://acme-v02.api.letsencrypt.org/acme/chall/2131675475/472174043615/XVRs5Q'
[Thu Feb  6 21:12:29 EST 2025] _authz_url='https://acme-v02.api.letsencrypt.org/acme/authz/2131675475/472174043615'
[Thu Feb  6 21:12:29 EST 2025] _currentRoot='/home/nginx/domains/go2uk.net/public'
[Thu Feb  6 21:12:29 EST 2025] wellknown_path='/home/nginx/domains/go2uk.net/public/.well-known/acme-challenge'
[Thu Feb  6 21:12:29 EST 2025] Writing token: YrBHN-ZSTNx7CGS-ajP-Y239Cx8_bsJfRyC8K6KDJtI to /home/nginx/domains/go2uk.net/public/.well-known/acme-challenge/YrBHN-ZSTNx7CGS-ajP-Y239Cx8_bsJfRyC8K6KDJtI
[Thu Feb  6 21:12:29 EST 2025] Trigger domain validation.
[Thu Feb  6 21:12:29 EST 2025] _t_url='https://acme-v02.api.letsencrypt.org/acme/chall/2131675475/472174043615/XVRs5Q'
[Thu Feb  6 21:12:29 EST 2025] _t_key_authz='YrBHN-ZSTNx7CGS-ajP-Y239Cx8_bsJfRyC8K6KDJtI.FQKA3D4I-bkis0mONPApGAQuW-dswTlHpijAmtXu6z0'
[Thu Feb  6 21:12:29 EST 2025] _t_vtype='http-01'
[Thu Feb  6 21:12:29 EST 2025] =======Sending Signed Request=======
[Thu Feb  6 21:12:29 EST 2025] url='https://acme-v02.api.letsencrypt.org/acme/chall/2131675475/472174043615/XVRs5Q'
[Thu Feb  6 21:12:29 EST 2025] payload='{}'
[Thu Feb  6 21:12:29 EST 2025] Use cached jwk for file: /root/.acme.sh/ca/acme-v02.api.letsencrypt.org/directory/account.key
[Thu Feb  6 21:12:29 EST 2025] Use _CACHED_NONCE='A-S0uJjSBZ_e6-VkAxncHQoUjbUxzj5E36a29UOZh8rXL5-VK5A'
[Thu Feb  6 21:12:29 EST 2025] nonce='A-S0uJjSBZ_e6-VkAxncHQoUjbUxzj5E36a29UOZh8rXL5-VK5A'
[Thu Feb  6 21:12:29 EST 2025] _URGLY_PRINTF
[Thu Feb  6 21:12:29 EST 2025] xargs
[Thu Feb  6 21:12:29 EST 2025] POST
[Thu Feb  6 21:12:29 EST 2025] _post_url='https://acme-v02.api.letsencrypt.org/acme/chall/2131675475/472174043615/XVRs5Q'
[Thu Feb  6 21:12:29 EST 2025] body='{"protected": "eyJub25jZSI6ICJBLVMwdUpqU0JaX2U2LVZrQXhuY0hRb1VqYlV4emo1RTM2YTI5VU9aaDhyWEw1LVZLNUEiLCAidXJsIjogImh0dHBzOi8vYWNtZS12MDIuYXBpLmxldHNlbmNyeXB0Lm9yZy9hY21lL2NoYWxsLzIxMzE2NzU0NzUvNDcyMTc0MDQzNjE1L1hWUnM1USIsICJhbGciOiAiRVMyNTYiLCAia2lkIjogImh0dHBzOi8vYWNtZS12MDIuYXBpLmxldHNlbmNyeXB0Lm9yZy9hY21lL2FjY3QvMjEzMTY3NTQ3NSJ9", "payload": "e30", "signature": "z8qEiGOf4bcMJ4hc9nBv_DxKSiO8hQIxm889dM_C-Zx7AD4PLIYUY4tYnuEAz1iHY_AuXVF_2iokDpRHMgUz1A"}'
[Thu Feb  6 21:12:29 EST 2025] _postContentType='application/jose+json'
[Thu Feb  6 21:12:29 EST 2025] Http already initialized.
[Thu Feb  6 21:12:29 EST 2025] _CURL='curl --silent --dump-header /root/.acme.sh/http.header  -L  -g '
[Thu Feb  6 21:12:30 EST 2025] _ret='0'
[Thu Feb  6 21:12:30 EST 2025] responseHeaders='HTTP/2 200 
server: nginx
date: Fri, 07 Feb 2025 02:13:28 GMT
content-type: application/json
content-length: 195
boulder-requester: 2131675475
cache-control: public, max-age=0, no-cache
link: <https://acme-v02.api.letsencrypt.org/directory>;rel="index"
link: <https://acme-v02.api.letsencrypt.org/acme/authz/2131675475/472174043615>;rel="up"
location: https://acme-v02.api.letsencrypt.org/acme/chall/2131675475/472174043615/XVRs5Q
replay-nonce: 4v_-BYbePqqJCSfVJdUTnNdmkamMRR4j860HxntLRxgZ4OmCnKc
x-frame-options: DENY
strict-transport-security: max-age=604800
'
[Thu Feb  6 21:12:30 EST 2025] code='200'
[Thu Feb  6 21:12:30 EST 2025] original='{
  "type": "http-01",
  "url": "https://acme-v02.api.letsencrypt.org/acme/chall/2131675475/472174043615/XVRs5Q",
  "status": "pending",
  "token": "YrBHN-ZSTNx7CGS-ajP-Y239Cx8_bsJfRyC8K6KDJtI"
}'
[Thu Feb  6 21:12:30 EST 2025] response='{"type":"http-01","url":"https://acme-v02.api.letsencrypt.org/acme/chall/2131675475/472174043615/XVRs5Q","status":"pending","token":"YrBHN-ZSTNx7CGS-ajP-Y239Cx8_bsJfRyC8K6KDJtI"}'
[Thu Feb  6 21:12:30 EST 2025] Trigger validation code: 200
[Thu Feb  6 21:12:30 EST 2025] Let's check the authz status
[Thu Feb  6 21:12:30 EST 2025] original='{"type":"http-01","url":"https://acme-v02.api.letsencrypt.org/acme/chall/2131675475/472174043615/XVRs5Q","status":"pending","token":"YrBHN-ZSTNx7CGS-ajP-Y239Cx8_bsJfRyC8K6KDJtI"}'
[Thu Feb  6 21:12:30 EST 2025] response='{"type":"http-01","url":"https://acme-v02.api.letsencrypt.org/acme/chall/2131675475/472174043615/XVRs5Q","status":"pending","token":"YrBHN-ZSTNx7CGS-ajP-Y239Cx8_bsJfRyC8K6KDJtI"}'
[Thu Feb  6 21:12:30 EST 2025] status='pending'
[Thu Feb  6 21:12:30 EST 2025] Pending. The CA is processing your order, please wait. (1/30)
[Thu Feb  6 21:12:30 EST 2025] Sleep 2 seconds before verifying again
[Thu Feb  6 21:12:32 EST 2025] Checking
[Thu Feb  6 21:12:32 EST 2025] =======Sending Signed Request=======
[Thu Feb  6 21:12:32 EST 2025] url='https://acme-v02.api.letsencrypt.org/acme/authz/2131675475/472174043615'
[Thu Feb  6 21:12:32 EST 2025] payload
[Thu Feb  6 21:12:32 EST 2025] Use cached jwk for file: /root/.acme.sh/ca/acme-v02.api.letsencrypt.org/directory/account.key
[Thu Feb  6 21:12:32 EST 2025] Use _CACHED_NONCE='4v_-BYbePqqJCSfVJdUTnNdmkamMRR4j860HxntLRxgZ4OmCnKc'
[Thu Feb  6 21:12:32 EST 2025] nonce='4v_-BYbePqqJCSfVJdUTnNdmkamMRR4j860HxntLRxgZ4OmCnKc'
[Thu Feb  6 21:12:32 EST 2025] _URGLY_PRINTF
[Thu Feb  6 21:12:32 EST 2025] xargs
[Thu Feb  6 21:12:32 EST 2025] POST
[Thu Feb  6 21:12:32 EST 2025] _post_url='https://acme-v02.api.letsencrypt.org/acme/authz/2131675475/472174043615'
[Thu Feb  6 21:12:32 EST 2025] body='{"protected": "eyJub25jZSI6ICI0dl8tQlliZVBxcUpDU2ZWSmRVVG5OZG1rYW1NUlI0ajg2MEh4bnRMUnhnWjRPbUNuS2MiLCAidXJsIjogImh0dHBzOi8vYWNtZS12MDIuYXBpLmxldHNlbmNyeXB0Lm9yZy9hY21lL2F1dGh6LzIxMzE2NzU0NzUvNDcyMTc0MDQzNjE1IiwgImFsZyI6ICJFUzI1NiIsICJraWQiOiAiaHR0cHM6Ly9hY21lLXYwMi5hcGkubGV0c2VuY3J5cHQub3JnL2FjbWUvYWNjdC8yMTMxNjc1NDc1In0", "payload": "", "signature": "6qjlFXZkOER64JKwRqsHv2Brii0j4Dc81MU3wk7q9_PdeXL_ebDiBzxO6ePcCrEq6Lkh3GRFvkMnlhUTKZ1LHA"}'
[Thu Feb  6 21:12:32 EST 2025] _postContentType='application/jose+json'
[Thu Feb  6 21:12:32 EST 2025] Http already initialized.
[Thu Feb  6 21:12:32 EST 2025] _CURL='curl --silent --dump-header /root/.acme.sh/http.header  -L  -g '
[Thu Feb  6 21:12:32 EST 2025] _ret='0'
[Thu Feb  6 21:12:32 EST 2025] responseHeaders='HTTP/2 200 
server: nginx
date: Fri, 07 Feb 2025 02:13:31 GMT
content-type: application/json
content-length: 1012
boulder-requester: 2131675475
cache-control: public, max-age=0, no-cache
link: <https://acme-v02.api.letsencrypt.org/directory>;rel="index"
replay-nonce: 4v_-BYbeLD-ahx5C6jRv9gRSESDkuZf15CKbrL61fk9i8D_dAkw
x-frame-options: DENY
strict-transport-security: max-age=604800
'
[Thu Feb  6 21:12:32 EST 2025] code='200'
[Thu Feb  6 21:12:32 EST 2025] original='{
  "identifier": {
    "type": "dns",
    "value": "go2uk.net"
  },
  "status": "invalid",
  "expires": "2025-02-14T02:13:26Z",
  "challenges": [
    {
      "type": "http-01",
      "url": "https://acme-v02.api.letsencrypt.org/acme/chall/2131675475/472174043615/XVRs5Q",
      "status": "invalid",
      "validated": "2025-02-07T02:13:28Z",
      "error": {
        "type": "urn:ietf:params:acme:error:unauthorized",
        "detail": "204.13.154.36: Invalid response from http://go2uk.net/.well-known/acme-challenge/YrBHN-ZSTNx7CGS-ajP-Y239Cx8_bsJfRyC8K6KDJtI: 404",
        "status": 403
      },
      "token": "YrBHN-ZSTNx7CGS-ajP-Y239Cx8_bsJfRyC8K6KDJtI",
      "validationRecord": [
        {
          "url": "http://go2uk.net/.well-known/acme-challenge/YrBHN-ZSTNx7CGS-ajP-Y239Cx8_bsJfRyC8K6KDJtI",
          "hostname": "go2uk.net",
          "port": "80",
          "addressesResolved": [
            "204.13.154.36"
          ],
          "addressUsed": "204.13.154.36"
        }
      ]
    }
  ]
}'
[Thu Feb  6 21:12:32 EST 2025] response='{"identifier":{"type":"dns","value":"go2uk.net"},"status":"invalid","expires":"2025-02-14T02:13:26Z","challenges":[{"type":"http-01","url":"https://acme-v02.api.letsencrypt.org/acme/chall/2131675475/472174043615/XVRs5Q","status":"invalid","validated":"2025-02-07T02:13:28Z","error":{"type":"urn:ietf:params:acme:error:unauthorized","detail":"204.13.154.36: Invalid response from http://go2uk.net/.well-known/acme-challenge/YrBHN-ZSTNx7CGS-ajP-Y239Cx8_bsJfRyC8K6KDJtI: 404","status": 403},"token":"YrBHN-ZSTNx7CGS-ajP-Y239Cx8_bsJfRyC8K6KDJtI","validationRecord":[{"url":"http://go2uk.net/.well-known/acme-challenge/YrBHN-ZSTNx7CGS-ajP-Y239Cx8_bsJfRyC8K6KDJtI","hostname":"go2uk.net","port":"80","addressesResolved":["204.13.154.36"],"addressUsed":"204.13.154.36"}]}]}'
[Thu Feb  6 21:12:32 EST 2025] original='{"identifier":{"type":"dns","value":"go2uk.net"},"status":"invalid","expires":"2025-02-14T02:13:26Z","challenges":[{"type":"http-01","url":"https://acme-v02.api.letsencrypt.org/acme/chall/2131675475/472174043615/XVRs5Q","status":"invalid","validated":"2025-02-07T02:13:28Z","error":{"type":"urn:ietf:params:acme:error:unauthorized","detail":"204.13.154.36: Invalid response from http://go2uk.net/.well-known/acme-challenge/YrBHN-ZSTNx7CGS-ajP-Y239Cx8_bsJfRyC8K6KDJtI: 404","status": 403},"token":"YrBHN-ZSTNx7CGS-ajP-Y239Cx8_bsJfRyC8K6KDJtI","validationRecord":[{"url":"http://go2uk.net/.well-known/acme-challenge/YrBHN-ZSTNx7CGS-ajP-Y239Cx8_bsJfRyC8K6KDJtI","hostname":"go2uk.net","port":"80","addressesResolved":["204.13.154.36"],"addressUsed":"204.13.154.36"}]}]}'
[Thu Feb  6 21:12:32 EST 2025] response='{"identifier":{"type":"dns","value":"go2uk.net"},"status":"invalid","expires":"2025-02-14T02:13:26Z","challenges":[{"type":"http-01","url":"https://acme-v02.api.letsencrypt.org/acme/chall/2131675475/472174043615/XVRs5Q","status":"invalid","validated":"2025-02-07T02:13:28Z","error":{"type":"urn:ietf:params:acme:error:unauthorized","detail":"204.13.154.36: Invalid response from http://go2uk.net/.well-known/acme-challenge/YrBHN-ZSTNx7CGS-ajP-Y239Cx8_bsJfRyC8K6KDJtI: 404","status": 403},"token":"YrBHN-ZSTNx7CGS-ajP-Y239Cx8_bsJfRyC8K6KDJtI","validationRecord":[{"url":"http://go2uk.net/.well-known/acme-challenge/YrBHN-ZSTNx7CGS-ajP-Y239Cx8_bsJfRyC8K6KDJtI","hostname":"go2uk.net","port":"80","addressesResolved":["204.13.154.36"],"addressUsed":"204.13.154.36"}]}]}'
[Thu Feb  6 21:12:32 EST 2025] status='invalid
invalid'
[Thu Feb  6 21:12:32 EST 2025] error='"error":{"type":"urn:ietf:params:acme:error:unauthorized","detail":"204.13.154.36: Invalid response from http://go2uk.net/.well-known/acme-challenge/YrBHN-ZSTNx7CGS-ajP-Y239Cx8_bsJfRyC8K6KDJtI: 404","status": 403'
[Thu Feb  6 21:12:32 EST 2025] errordetail='204.13.154.36: Invalid response from http://go2uk.net/.well-known/acme-challenge/YrBHN-ZSTNx7CGS-ajP-Y239Cx8_bsJfRyC8K6KDJtI: 404'
[Thu Feb  6 21:12:32 EST 2025] go2uk.net: Invalid status. Verification error details: 204.13.154.36: Invalid response from http://go2uk.net/.well-known/acme-challenge/YrBHN-ZSTNx7CGS-ajP-Y239Cx8_bsJfRyC8K6KDJtI: 404
[Thu Feb  6 21:12:32 EST 2025] pid
[Thu Feb  6 21:12:32 EST 2025] No need to restore nginx config, skipping.
[Thu Feb  6 21:12:32 EST 2025] _clearupdns
[Thu Feb  6 21:12:32 EST 2025] dns_entries
[Thu Feb  6 21:12:32 EST 2025] Skipping dns.
[Thu Feb  6 21:12:32 EST 2025] _on_issue_err
[Thu Feb  6 21:12:32 EST 2025] Please check log file for more details: /root/centminlogs/acmetool.sh-debug-log-060225-211220.log
[Thu Feb  6 21:12:32 EST 2025] _chk_vlist='go2uk.net#YrBHN-ZSTNx7CGS-ajP-Y239Cx8_bsJfRyC8K6KDJtI.FQKA3D4I-bkis0mONPApGAQuW-dswTlHpijAmtXu6z0#https://acme-v02.api.letsencrypt.org/acme/chall/2131675475/472174043615/XVRs5Q#http-01#/home/nginx/domains/go2uk.net/public#https://acme-v02.api.letsencrypt.org/acme/authz/2131675475/472174043615,www.go2uk.net#NXL3F43cUhaHal3BU0qFr_SlyKdPAWmTrolHkkHymog.FQKA3D4I-bkis0mONPApGAQuW-dswTlHpijAmtXu6z0#https://acme-v02.api.letsencrypt.org/acme/chall/2131675475/472174043625/FR6x9w#http-01#/home/nginx/domains/go2uk.net/public#https://acme-v02.api.letsencrypt.org/acme/authz/2131675475/472174043625,'
[Thu Feb  6 21:12:32 EST 2025] start to deactivate authz
[Thu Feb  6 21:12:32 EST 2025] Trigger domain validation.
[Thu Feb  6 21:12:32 EST 2025] _t_url='https://acme-v02.api.letsencrypt.org/acme/chall/2131675475/472174043615/XVRs5Q'
[Thu Feb  6 21:12:32 EST 2025] _t_key_authz='YrBHN-ZSTNx7CGS-ajP-Y239Cx8_bsJfRyC8K6KDJtI.FQKA3D4I-bkis0mONPApGAQuW-dswTlHpijAmtXu6z0'
[Thu Feb  6 21:12:32 EST 2025] _t_vtype
[Thu Feb  6 21:12:32 EST 2025] =======Sending Signed Request=======
[Thu Feb  6 21:12:32 EST 2025] url='https://acme-v02.api.letsencrypt.org/acme/chall/2131675475/472174043615/XVRs5Q'
[Thu Feb  6 21:12:32 EST 2025] payload='{}'
[Thu Feb  6 21:12:32 EST 2025] Use cached jwk for file: /root/.acme.sh/ca/acme-v02.api.letsencrypt.org/directory/account.key
[Thu Feb  6 21:12:32 EST 2025] Use _CACHED_NONCE='4v_-BYbeLD-ahx5C6jRv9gRSESDkuZf15CKbrL61fk9i8D_dAkw'
[Thu Feb  6 21:12:32 EST 2025] nonce='4v_-BYbeLD-ahx5C6jRv9gRSESDkuZf15CKbrL61fk9i8D_dAkw'
[Thu Feb  6 21:12:32 EST 2025] _URGLY_PRINTF
[Thu Feb  6 21:12:32 EST 2025] xargs
[Thu Feb  6 21:12:32 EST 2025] POST
[Thu Feb  6 21:12:32 EST 2025] _post_url='https://acme-v02.api.letsencrypt.org/acme/chall/2131675475/472174043615/XVRs5Q'
[Thu Feb  6 21:12:32 EST 2025] body='{"protected": "eyJub25jZSI6ICI0dl8tQlliZUxELWFoeDVDNmpSdjlnUlNFU0RrdVpmMTVDS2JyTDYxZms5aThEX2RBa3ciLCAidXJsIjogImh0dHBzOi8vYWNtZS12MDIuYXBpLmxldHNlbmNyeXB0Lm9yZy9hY21lL2NoYWxsLzIxMzE2NzU0NzUvNDcyMTc0MDQzNjE1L1hWUnM1USIsICJhbGciOiAiRVMyNTYiLCAia2lkIjogImh0dHBzOi8vYWNtZS12MDIuYXBpLmxldHNlbmNyeXB0Lm9yZy9hY21lL2FjY3QvMjEzMTY3NTQ3NSJ9", "payload": "e30", "signature": "IqebA-77YP1auUL1uQX44wa6u8JQP39Dp7a8-M2AguUS7G-EqGhC0EOcU5p8IOmxMPVmA8-Hr23lV18TBDg-FA"}'
[Thu Feb  6 21:12:32 EST 2025] _postContentType='application/jose+json'
[Thu Feb  6 21:12:32 EST 2025] Http already initialized.
[Thu Feb  6 21:12:32 EST 2025] _CURL='curl --silent --dump-header /root/.acme.sh/http.header  -L  -g '
[Thu Feb  6 21:12:32 EST 2025] _ret='0'
[Thu Feb  6 21:12:32 EST 2025] responseHeaders='HTTP/2 400 
server: nginx
date: Fri, 07 Feb 2025 02:13:31 GMT
content-type: application/problem+json
content-length: 144
boulder-requester: 2131675475
cache-control: public, max-age=0, no-cache
link: <https://acme-v02.api.letsencrypt.org/directory>;rel="index"
replay-nonce: 4v_-BYbebL9QOoA7qvxeXtVE7FRoOJQ0DR8Y0gBoneIqyOiOkfk
'
[Thu Feb  6 21:12:32 EST 2025] code='400'
[Thu Feb  6 21:12:32 EST 2025] original='{
  "type": "urn:ietf:params:acme:error:malformed",
  "detail": "Unable to update challenge :: authorization must be pending",
  "status": 400
}'
[Thu Feb  6 21:12:32 EST 2025] response='{
  "type": "urn:ietf:params:acme:error:malformed",
  "detail": "Unable to update challenge :: authorization must be pending",
  "status": 400
}'
[Thu Feb  6 21:12:33 EST 2025] Trigger domain validation.
[Thu Feb  6 21:12:33 EST 2025] _t_url='https://acme-v02.api.letsencrypt.org/acme/chall/2131675475/472174043625/FR6x9w'
[Thu Feb  6 21:12:33 EST 2025] _t_key_authz='NXL3F43cUhaHal3BU0qFr_SlyKdPAWmTrolHkkHymog.FQKA3D4I-bkis0mONPApGAQuW-dswTlHpijAmtXu6z0'
[Thu Feb  6 21:12:33 EST 2025] _t_vtype
[Thu Feb  6 21:12:33 EST 2025] =======Sending Signed Request=======
[Thu Feb  6 21:12:33 EST 2025] url='https://acme-v02.api.letsencrypt.org/acme/chall/2131675475/472174043625/FR6x9w'
[Thu Feb  6 21:12:33 EST 2025] payload='{}'
[Thu Feb  6 21:12:33 EST 2025] Use cached jwk for file: /root/.acme.sh/ca/acme-v02.api.letsencrypt.org/directory/account.key
[Thu Feb  6 21:12:33 EST 2025] Use _CACHED_NONCE='4v_-BYbebL9QOoA7qvxeXtVE7FRoOJQ0DR8Y0gBoneIqyOiOkfk'
[Thu Feb  6 21:12:33 EST 2025] nonce='4v_-BYbebL9QOoA7qvxeXtVE7FRoOJQ0DR8Y0gBoneIqyOiOkfk'
[Thu Feb  6 21:12:33 EST 2025] _URGLY_PRINTF
[Thu Feb  6 21:12:33 EST 2025] xargs
[Thu Feb  6 21:12:33 EST 2025] POST
[Thu Feb  6 21:12:33 EST 2025] _post_url='https://acme-v02.api.letsencrypt.org/acme/chall/2131675475/472174043625/FR6x9w'
[Thu Feb  6 21:12:33 EST 2025] body='{"protected": "eyJub25jZSI6ICI0dl8tQlliZWJMOVFPb0E3cXZ4ZVh0VkU3RlJvT0pRMERSOFkwZ0JvbmVJcXlPaU9rZmsiLCAidXJsIjogImh0dHBzOi8vYWNtZS12MDIuYXBpLmxldHNlbmNyeXB0Lm9yZy9hY21lL2NoYWxsLzIxMzE2NzU0NzUvNDcyMTc0MDQzNjI1L0ZSNng5dyIsICJhbGciOiAiRVMyNTYiLCAia2lkIjogImh0dHBzOi8vYWNtZS12MDIuYXBpLmxldHNlbmNyeXB0Lm9yZy9hY21lL2FjY3QvMjEzMTY3NTQ3NSJ9", "payload": "e30", "signature": "2VyACKR8dreplOWLfV16SI7d2clEcOnvb5OLOvUYwwnjN2IR97kQRBZOj-dPPQbfk_n2tA8biJqolbMudbPP8g"}'
[Thu Feb  6 21:12:33 EST 2025] _postContentType='application/jose+json'
[Thu Feb  6 21:12:33 EST 2025] Http already initialized.
[Thu Feb  6 21:12:33 EST 2025] _CURL='curl --silent --dump-header /root/.acme.sh/http.header  -L  -g '
[Thu Feb  6 21:12:33 EST 2025] _ret='0'
[Thu Feb  6 21:12:33 EST 2025] responseHeaders='HTTP/2 200 
server: nginx
date: Fri, 07 Feb 2025 02:13:32 GMT
content-type: application/json
content-length: 195
boulder-requester: 2131675475
cache-control: public, max-age=0, no-cache
link: <https://acme-v02.api.letsencrypt.org/directory>;rel="index"
link: <https://acme-v02.api.letsencrypt.org/acme/authz/2131675475/472174043625>;rel="up"
location: https://acme-v02.api.letsencrypt.org/acme/chall/2131675475/472174043625/FR6x9w
replay-nonce: 4v_-BYbeR4u_6OdsqoPgSNxY3vrX8OsaNifn6aTYVVaFNH6ybiw
x-frame-options: DENY
strict-transport-security: max-age=604800
'
[Thu Feb  6 21:12:33 EST 2025] code='200'
[Thu Feb  6 21:12:33 EST 2025] original='{
  "type": "http-01",
  "url": "https://acme-v02.api.letsencrypt.org/acme/chall/2131675475/472174043625/FR6x9w",
  "status": "pending",
  "token": "NXL3F43cUhaHal3BU0qFr_SlyKdPAWmTrolHkkHymog"
}'
[Thu Feb  6 21:12:33 EST 2025] response='{"type":"http-01","url":"https://acme-v02.api.letsencrypt.org/acme/chall/2131675475/472174043625/FR6x9w","status":"pending","token":"NXL3F43cUhaHal3BU0qFr_SlyKdPAWmTrolHkkHymog"}'
[Thu Feb  6 21:17:52 EST 2025] default_acme_server='https://acme-v02.api.letsencrypt.org/directory'
[Thu Feb  6 21:17:52 EST 2025] ACME_DIRECTORY='https://acme-v02.api.letsencrypt.org/directory'
[Thu Feb  6 21:17:52 EST 2025] _ACME_SERVER_HOST='acme-v02.api.letsencrypt.org'
[Thu Feb  6 21:17:52 EST 2025] _ACME_SERVER_PATH='directory'
[Thu Feb  6 21:17:52 EST 2025] Installing to /root/.acme.sh
[Thu Feb  6 21:17:52 EST 2025] Installed to /root/.acme.sh/acme.sh
[Thu Feb  6 21:17:52 EST 2025] Using config home: /root/.acme.sh
[Thu Feb  6 21:17:52 EST 2025] ACME_DIRECTORY='https://acme-v02.api.letsencrypt.org/directory'
[Thu Feb  6 21:17:52 EST 2025] _ACME_SERVER_HOST='acme-v02.api.letsencrypt.org'
[Thu Feb  6 21:17:52 EST 2025] _ACME_SERVER_PATH='directory'
[Thu Feb  6 21:17:52 EST 2025] options='/^export LE_CONFIG_HOME/d'
[Thu Feb  6 21:17:52 EST 2025] Using sed  -i
[Thu Feb  6 21:17:52 EST 2025] Found profile: /root/.bashrc
[Thu Feb  6 21:17:52 EST 2025] Installing alias to '/root/.bashrc'
[Thu Feb  6 21:17:52 EST 2025] Close and reopen your terminal to start using acme.sh
[Thu Feb  6 21:17:52 EST 2025] Installing alias to '/root/.cshrc'
[Thu Feb  6 21:17:52 EST 2025] options='/^setenv LE_CONFIG_HOME/d'
[Thu Feb  6 21:17:52 EST 2025] Using sed  -i
[Thu Feb  6 21:17:52 EST 2025] Installing alias to '/root/.tcshrc'
[Thu Feb  6 21:17:52 EST 2025] Using config home: /root/.acme.sh
[Thu Feb  6 21:17:52 EST 2025] ACME_DIRECTORY='https://acme-v02.api.letsencrypt.org/directory'
[Thu Feb  6 21:17:52 EST 2025] _ACME_SERVER_HOST='acme-v02.api.letsencrypt.org'
[Thu Feb  6 21:17:52 EST 2025] _ACME_SERVER_PATH='directory'
[Thu Feb  6 21:17:53 EST 2025] Installing cron job
[Thu Feb  6 21:17:53 EST 2025] bash has been found. Changing the shebang to use bash as preferred.
[Thu Feb  6 21:17:54 EST 2025] GET
[Thu Feb  6 21:17:54 EST 2025] url='https://api.github.com/repos/acmesh-official/acme.sh/git/refs/heads/master'
[Thu Feb  6 21:17:54 EST 2025] timeout=30
[Thu Feb  6 21:17:54 EST 2025] _CURL='curl --silent --dump-header /root/.acme.sh/http.header  -L  -g  --connect-timeout 30'
[Thu Feb  6 21:17:54 EST 2025] ret='0'
[Thu Feb  6 21:17:54 EST 2025] OK
[Thu Feb  6 21:17:55 EST 2025] LE_WORKING_DIR='/root/.acme.sh'
[Thu Feb  6 21:17:55 EST 2025] Running cmd: setdefaultca
[Thu Feb  6 21:17:55 EST 2025] Changed default CA to: https://acme-v02.api.letsencrypt.org/directory
[Thu Feb  6 21:17:55 EST 2025] LE_WORKING_DIR='/root/.acme.sh'
[Thu Feb  6 21:17:55 EST 2025] Running cmd: createDomainKey
[Thu Feb  6 21:17:55 EST 2025] Creating domain key
[Thu Feb  6 21:17:55 EST 2025] Using config home: /root/.acme.sh
[Thu Feb  6 21:17:55 EST 2025] default_acme_server='https://acme-v02.api.letsencrypt.org/directory'
[Thu Feb  6 21:17:55 EST 2025] ACME_DIRECTORY='https://acme-v02.api.letsencrypt.org/directory'
[Thu Feb  6 21:17:55 EST 2025] _ACME_SERVER_HOST='acme-v02.api.letsencrypt.org'
[Thu Feb  6 21:17:55 EST 2025] _ACME_SERVER_PATH='directory'
[Thu Feb  6 21:17:55 EST 2025] DOMAIN_PATH='/root/.acme.sh/go2uk.net'
[Thu Feb  6 21:17:55 EST 2025] _createkey for file:/root/.acme.sh/go2uk.net/go2uk.net.key
[Thu Feb  6 21:17:55 EST 2025] Using length 2048
[Thu Feb  6 21:17:55 EST 2025] Using RSA: 2048
[Thu Feb  6 21:17:56 EST 2025] The domain key is here: /root/.acme.sh/go2uk.net/go2uk.net.key
